<?xml version="1.0" encoding="UTF-8"?>
<coverage generated="1677162408777" clover="3.2.0">
  <project timestamp="1677162408777" name="All files">
    <metrics statements="6568" coveredstatements="2491" conditionals="7852" coveredconditionals="1542" methods="2441" coveredmethods="778" elements="16861" coveredelements="4811" complexity="0" loc="6568" ncloc="6568" packages="5" files="29" classes="29"/>
    <package name="__tmp__.static.js">
      <metrics statements="1555" coveredstatements="761" conditionals="999" coveredconditionals="347" methods="589" coveredmethods="232"/>
      <file name="app.js" path="/home/capybara/repos/hedyc/__tmp__/static/js/app.js">
        <metrics statements="636" coveredstatements="255" conditionals="521" coveredconditionals="144" methods="203" coveredmethods="53"/>
        <line num="1" count="381" type="stmt"/>
        <line num="2" count="381" type="cond" truecount="3" falsecount="0"/>
        <line num="3" count="22" type="cond" truecount="1" falsecount="1"/>
        <line num="4" count="0" type="stmt"/>
        <line num="5" count="0" type="stmt"/>
        <line num="6" count="0" type="cond" truecount="0" falsecount="2"/>
        <line num="9" count="0" type="stmt"/>
        <line num="13" count="381" type="cond" truecount="3" falsecount="0"/>
        <line num="14" count="0" type="cond" truecount="0" falsecount="2"/>
        <line num="15" count="0" type="cond" truecount="0" falsecount="2"/>
        <line num="16" count="0" type="stmt"/>
        <line num="17" count="0" type="stmt"/>
        <line num="18" count="0" type="cond" truecount="0" falsecount="2"/>
        <line num="19" count="0" type="cond" truecount="0" falsecount="2"/>
        <line num="22" count="381" type="cond" truecount="3" falsecount="0"/>
        <line num="23" count="0" type="cond" truecount="0" falsecount="2"/>
        <line num="24" count="0" type="cond" truecount="0" falsecount="2"/>
        <line num="25" count="0" type="stmt"/>
        <line num="27" count="0" type="cond" truecount="0" falsecount="2"/>
        <line num="28" count="0" type="stmt"/>
        <line num="29" count="0" type="cond" truecount="0" falsecount="13"/>
        <line num="31" count="0" type="cond" truecount="0" falsecount="6"/>
        <line num="32" count="0" type="stmt"/>
        <line num="33" count="0" type="stmt"/>
        <line num="34" count="0" type="stmt"/>
        <line num="35" count="0" type="stmt"/>
        <line num="37" count="0" type="cond" truecount="0" falsecount="7"/>
        <line num="38" count="0" type="cond" truecount="0" falsecount="6"/>
        <line num="39" count="0" type="cond" truecount="0" falsecount="4"/>
        <line num="40" count="0" type="cond" truecount="0" falsecount="4"/>
        <line num="41" count="0" type="cond" truecount="0" falsecount="2"/>
        <line num="42" count="0" type="stmt"/>
        <line num="44" count="0" type="stmt"/>
        <line num="45" count="0" type="stmt"/>
        <line num="46" count="0" type="cond" truecount="0" falsecount="4"/>
        <line num="49" count="381" type="cond" truecount="3" falsecount="0"/>
        <line num="50" count="381" type="cond" truecount="3" falsecount="1"/>
        <line num="52" count="381" type="stmt"/>
        <line num="53" count="381" type="stmt"/>
        <line num="54" count="381" type="stmt"/>
        <line num="55" count="381" type="stmt"/>
        <line num="56" count="381" type="stmt"/>
        <line num="57" count="381" type="stmt"/>
        <line num="58" count="381" type="stmt"/>
        <line num="59" count="381" type="stmt"/>
        <line num="60" count="381" type="stmt"/>
        <line num="61" count="381" type="stmt"/>
        <line num="67" count="381" type="stmt"/>
        <line num="71" count="381" type="stmt"/>
        <line num="72" count="381" type="stmt"/>
        <line num="73" count="381" type="stmt"/>
        <line num="77" count="381" type="stmt"/>
        <line num="79" count="381" type="stmt"/>
        <line num="80" count="381" type="stmt"/>
        <line num="81" count="1012" type="stmt"/>
        <line num="88" count="797" type="stmt"/>
        <line num="119" count="797" type="cond" truecount="2" falsecount="0"/>
        <line num="120" count="224" type="stmt"/>
        <line num="121" count="224" type="stmt"/>
        <line num="122" count="224" type="cond" truecount="2" falsecount="0"/>
        <line num="126" count="0" type="cond" truecount="0" falsecount="3"/>
        <line num="132" count="797" type="stmt"/>
        <line num="133" count="797" type="cond" truecount="2" falsecount="0"/>
        <line num="140" count="381" type="stmt"/>
        <line num="141" count="1012" type="stmt"/>
        <line num="142" count="1012" type="stmt"/>
        <line num="148" count="381" type="cond" truecount="2" falsecount="0"/>
        <line num="151" count="22" type="stmt"/>
        <line num="152" count="22" type="stmt"/>
        <line num="159" count="22" type="stmt"/>
        <line num="160" count="22" type="cond" truecount="1" falsecount="1"/>
        <line num="161" count="22" type="stmt"/>
        <line num="162" count="22" type="stmt"/>
        <line num="164" count="22" type="stmt"/>
        <line num="165" count="22" type="cond" truecount="2" falsecount="1"/>
        <line num="170" count="3" type="stmt"/>
        <line num="177" count="100" type="cond" truecount="1" falsecount="1"/>
        <line num="194" count="22" type="stmt"/>
        <line num="195" count="45" type="stmt"/>
        <line num="196" count="45" type="cond" truecount="1" falsecount="1"/>
        <line num="197" count="0" type="stmt"/>
        <line num="198" count="0" type="stmt"/>
        <line num="200" count="45" type="cond" truecount="3" falsecount="1"/>
        <line num="201" count="0" type="cond" truecount="0" falsecount="4"/>
        <line num="202" count="0" type="stmt"/>
        <line num="204" count="0" type="stmt"/>
        <line num="205" count="0" type="stmt"/>
        <line num="209" count="45" type="cond" truecount="1" falsecount="2"/>
        <line num="215" count="45" type="stmt"/>
        <line num="216" count="45" type="cond" truecount="1" falsecount="1"/>
        <line num="217" count="0" type="stmt"/>
        <line num="218" count="0" type="stmt"/>
        <line num="224" count="381" type="stmt"/>
        <line num="225" count="639" type="cond" truecount="2" falsecount="0"/>
        <line num="231" count="381" type="stmt"/>
        <line num="233" count="1380" type="stmt"/>
        <line num="235" count="381" type="stmt"/>
        <line num="239" count="104" type="stmt"/>
        <line num="243" count="0" type="cond" truecount="0" falsecount="2"/>
        <line num="268" count="381" type="stmt"/>
        <line num="270" count="4" type="stmt"/>
        <line num="272" count="4" type="stmt"/>
        <line num="273" count="4" type="stmt"/>
        <line num="274" count="4" type="stmt"/>
        <line num="281" count="4" type="stmt"/>
        <line num="282" count="4" type="stmt"/>
        <line num="286" count="4" type="cond" truecount="1" falsecount="1"/>
        <line num="288" count="0" type="cond" truecount="0" falsecount="2"/>
        <line num="294" count="4" type="cond" truecount="1" falsecount="1"/>
        <line num="303" count="4" type="stmt"/>
        <line num="304" count="4" type="stmt"/>
        <line num="305" count="4" type="stmt"/>
        <line num="306" count="4" type="cond" truecount="1" falsecount="1"/>
        <line num="310" count="0" type="cond" truecount="0" falsecount="2"/>
        <line num="311" count="0" type="stmt"/>
        <line num="313" count="4" type="cond" truecount="1" falsecount="1"/>
        <line num="317" count="0" type="cond" truecount="0" falsecount="2"/>
        <line num="325" count="0" type="stmt"/>
        <line num="327" count="0" type="stmt"/>
        <line num="330" count="4" type="stmt"/>
        <line num="355" count="4" type="cond" truecount="2" falsecount="0"/>
        <line num="356" count="2" type="stmt"/>
        <line num="364" count="2" type="stmt"/>
        <line num="366" count="2" type="stmt"/>
        <line num="368" count="0" type="cond" truecount="0" falsecount="2"/>
        <line num="374" count="0" type="stmt"/>
        <line num="385" count="0" type="stmt"/>
        <line num="388" count="381" type="stmt"/>
        <line num="390" count="0" type="stmt"/>
        <line num="401" count="0" type="cond" truecount="0" falsecount="2"/>
        <line num="407" count="381" type="stmt"/>
        <line num="424" count="381" type="stmt"/>
        <line num="426" count="1" type="cond" truecount="1" falsecount="1"/>
        <line num="427" count="0" type="stmt"/>
        <line num="428" count="0" type="stmt"/>
        <line num="430" count="1" type="stmt"/>
        <line num="440" count="0" type="cond" truecount="0" falsecount="2"/>
        <line num="445" count="381" type="stmt"/>
        <line num="448" count="0" type="cond" truecount="0" falsecount="2"/>
        <line num="449" count="0" type="stmt"/>
        <line num="453" count="0" type="cond" truecount="0" falsecount="2"/>
        <line num="454" count="0" type="stmt"/>
        <line num="455" count="0" type="stmt"/>
        <line num="460" count="0" type="stmt"/>
        <line num="463" count="381" type="stmt"/>
        <line num="465" count="0" type="stmt"/>
        <line num="469" count="0" type="stmt"/>
        <line num="477" count="0" type="stmt"/>
        <line num="483" count="381" type="stmt"/>
        <line num="485" count="0" type="stmt"/>
        <line num="486" count="0" type="stmt"/>
        <line num="487" count="0" type="cond" truecount="0" falsecount="4"/>
        <line num="488" count="0" type="stmt"/>
        <line num="491" count="0" type="cond" truecount="0" falsecount="2"/>
        <line num="494" count="0" type="stmt"/>
        <line num="496" count="0" type="stmt"/>
        <line num="502" count="0" type="stmt"/>
        <line num="503" count="0" type="stmt"/>
        <line num="507" count="0" type="stmt"/>
        <line num="508" count="0" type="stmt"/>
        <line num="512" count="0" type="stmt"/>
        <line num="518" count="5" type="stmt"/>
        <line num="519" count="5" type="stmt"/>
        <line num="525" count="1" type="stmt"/>
        <line num="526" count="1" type="stmt"/>
        <line num="527" count="1" type="stmt"/>
        <line num="535" count="381" type="stmt"/>
        <line num="540" count="0" type="cond" truecount="0" falsecount="2"/>
        <line num="562" count="0" type="cond" truecount="0" falsecount="4"/>
        <line num="563" count="0" type="stmt"/>
        <line num="564" count="0" type="stmt"/>
        <line num="566" count="0" type="stmt"/>
        <line num="569" count="0" type="cond" truecount="0" falsecount="2"/>
        <line num="570" count="0" type="cond" truecount="0" falsecount="2"/>
        <line num="571" count="0" type="cond" truecount="0" falsecount="2"/>
        <line num="586" count="0" type="cond" truecount="0" falsecount="4"/>
        <line num="591" count="0" type="stmt"/>
        <line num="601" count="0" type="stmt"/>
        <line num="602" count="0" type="stmt"/>
        <line num="611" count="0" type="cond" truecount="0" falsecount="2"/>
        <line num="613" count="0" type="stmt"/>
        <line num="621" count="0" type="cond" truecount="0" falsecount="2"/>
        <line num="622" count="0" type="stmt"/>
        <line num="625" count="0" type="cond" truecount="0" falsecount="3"/>
        <line num="635" count="0" type="stmt"/>
        <line num="639" count="381" type="stmt"/>
        <line num="644" count="0" type="stmt"/>
        <line num="645" count="0" type="stmt"/>
        <line num="646" count="0" type="cond" truecount="0" falsecount="2"/>
        <line num="655" count="381" type="stmt"/>
        <line num="657" count="0" type="stmt"/>
        <line num="659" count="381" type="stmt"/>
        <line num="664" count="0" type="cond" truecount="0" falsecount="2"/>
        <line num="683" count="0" type="stmt"/>
        <line num="693" count="0" type="cond" truecount="0" falsecount="2"/>
        <line num="704" count="0" type="stmt"/>
        <line num="707" count="381" type="stmt"/>
        <line num="709" count="0" type="stmt"/>
        <line num="710" count="0" type="stmt"/>
        <line num="719" count="0" type="cond" truecount="0" falsecount="2"/>
        <line num="727" count="0" type="stmt"/>
        <line num="731" count="381" type="stmt"/>
        <line num="733" count="0" type="stmt"/>
        <line num="739" count="0" type="stmt"/>
        <line num="740" count="0" type="stmt"/>
        <line num="749" count="0" type="stmt"/>
        <line num="752" count="0" type="stmt"/>
        <line num="756" count="381" type="stmt"/>
        <line num="760" count="0" type="stmt"/>
        <line num="767" count="0" type="stmt"/>
        <line num="776" count="0" type="cond" truecount="0" falsecount="2"/>
        <line num="781" count="0" type="stmt"/>
        <line num="784" count="381" type="stmt"/>
        <line num="786" count="0" type="stmt"/>
        <line num="787" count="0" type="cond" truecount="0" falsecount="2"/>
        <line num="791" count="0" type="stmt"/>
        <line num="801" count="0" type="stmt"/>
        <line num="811" count="0" type="stmt"/>
        <line num="815" count="381" type="stmt"/>
        <line num="817" count="0" type="stmt"/>
        <line num="818" count="0" type="stmt"/>
        <line num="827" count="0" type="stmt"/>
        <line num="829" count="0" type="stmt"/>
        <line num="833" count="381" type="stmt"/>
        <line num="837" count="0" type="stmt"/>
        <line num="838" count="0" type="stmt"/>
        <line num="843" count="0" type="stmt"/>
        <line num="844" count="0" type="cond" truecount="0" falsecount="4"/>
        <line num="845" count="0" type="stmt"/>
        <line num="856" count="381" type="stmt"/>
        <line num="861" count="0" type="stmt"/>
        <line num="874" count="381" type="stmt"/>
        <line num="875" count="0" type="stmt"/>
        <line num="893" count="2" type="stmt"/>
        <line num="895" count="2" type="stmt"/>
        <line num="896" count="2" type="stmt"/>
        <line num="897" count="2" type="stmt"/>
        <line num="900" count="2" type="stmt"/>
        <line num="901" count="2" type="stmt"/>
        <line num="906" count="2" type="stmt"/>
        <line num="907" count="2" type="stmt"/>
        <line num="908" count="2" type="cond" truecount="2" falsecount="0"/>
        <line num="909" count="2" type="stmt"/>
        <line num="922" count="2" type="stmt"/>
        <line num="932" count="2" type="cond" truecount="1" falsecount="1"/>
        <line num="933" count="0" type="stmt"/>
        <line num="980" count="0" type="stmt"/>
        <line num="981" count="0" type="cond" truecount="0" falsecount="3"/>
        <line num="987" count="2" type="stmt"/>
        <line num="1001" count="0" type="cond" truecount="0" falsecount="2"/>
        <line num="1013" count="2" type="cond" truecount="1" falsecount="1"/>
        <line num="1014" count="2" type="cond" truecount="3" falsecount="1"/>
        <line num="1027" count="2" type="stmt"/>
        <line num="1033" count="2" type="stmt"/>
        <line num="1034" count="2" type="stmt"/>
        <line num="1046" count="2" type="cond" truecount="2" falsecount="2"/>
        <line num="1047" count="0" type="cond" truecount="0" falsecount="2"/>
        <line num="1051" count="0" type="stmt"/>
        <line num="1053" count="2" type="cond" truecount="4" falsecount="0"/>
        <line num="1060" count="0" type="cond" truecount="0" falsecount="2"/>
        <line num="1061" count="0" type="cond" truecount="0" falsecount="2"/>
        <line num="1076" count="0" type="cond" truecount="0" falsecount="4"/>
        <line num="1077" count="0" type="stmt"/>
        <line num="1080" count="2" type="stmt"/>
        <line num="1086" count="2" type="stmt"/>
        <line num="1090" count="24" type="cond" truecount="2" falsecount="0"/>
        <line num="1091" count="2" type="stmt"/>
        <line num="1092" count="2" type="cond" truecount="1" falsecount="1"/>
        <line num="1093" count="0" type="stmt"/>
        <line num="1094" count="0" type="stmt"/>
        <line num="1097" count="2" type="stmt"/>
        <line num="1100" count="2" type="cond" truecount="1" falsecount="1"/>
        <line num="1106" count="22" type="cond" truecount="4" falsecount="0"/>
        <line num="1107" count="16" type="stmt"/>
        <line num="1108" count="6" type="stmt"/>
        <line num="1113" count="0" type="stmt"/>
        <line num="1114" count="0" type="stmt"/>
        <line num="1115" count="0" type="cond" truecount="0" falsecount="2"/>
        <line num="1124" count="0" type="stmt"/>
        <line num="1125" count="0" type="stmt"/>
        <line num="1126" count="0" type="stmt"/>
        <line num="1131" count="0" type="stmt"/>
        <line num="1134" count="0" type="stmt"/>
        <line num="1153" count="0" type="stmt"/>
        <line num="1166" count="0" type="stmt"/>
        <line num="1171" count="381" type="stmt"/>
        <line num="1173" count="0" type="cond" truecount="0" falsecount="2"/>
        <line num="1174" count="0" type="stmt"/>
        <line num="1175" count="0" type="cond" truecount="0" falsecount="2"/>
        <line num="1176" count="0" type="cond" truecount="0" falsecount="2"/>
        <line num="1178" count="0" type="stmt"/>
        <line num="1179" count="0" type="stmt"/>
        <line num="1181" count="0" type="stmt"/>
        <line num="1184" count="0" type="stmt"/>
        <line num="1187" count="0" type="stmt"/>
        <line num="1188" count="0" type="stmt"/>
        <line num="1189" count="0" type="cond" truecount="0" falsecount="2"/>
        <line num="1190" count="0" type="stmt"/>
        <line num="1191" count="0" type="stmt"/>
        <line num="1196" count="0" type="stmt"/>
        <line num="1201" count="0" type="stmt"/>
        <line num="1202" count="0" type="stmt"/>
        <line num="1203" count="0" type="cond" truecount="0" falsecount="2"/>
        <line num="1204" count="0" type="stmt"/>
        <line num="1208" count="0" type="stmt"/>
        <line num="1209" count="0" type="stmt"/>
        <line num="1219" count="0" type="stmt"/>
        <line num="1220" count="0" type="stmt"/>
        <line num="1222" count="0" type="stmt"/>
        <line num="1223" count="0" type="stmt"/>
        <line num="1224" count="0" type="stmt"/>
        <line num="1225" count="0" type="stmt"/>
        <line num="1226" count="0" type="stmt"/>
        <line num="1227" count="0" type="stmt"/>
        <line num="1228" count="0" type="stmt"/>
        <line num="1229" count="0" type="stmt"/>
        <line num="1230" count="0" type="stmt"/>
        <line num="1231" count="0" type="stmt"/>
        <line num="1241" count="0" type="stmt"/>
        <line num="1249" count="2" type="stmt"/>
        <line num="1250" count="2" type="cond" truecount="1" falsecount="1"/>
        <line num="1253" count="0" type="stmt"/>
        <line num="1254" count="0" type="cond" truecount="0" falsecount="2"/>
        <line num="1255" count="0" type="stmt"/>
        <line num="1256" count="0" type="stmt"/>
        <line num="1260" count="0" type="stmt"/>
        <line num="1262" count="381" type="stmt"/>
        <line num="1266" count="381" type="cond" truecount="1" falsecount="1"/>
        <line num="1267" count="0" type="stmt"/>
        <line num="1278" count="381" type="stmt"/>
        <line num="1279" count="381" type="stmt"/>
        <line num="1281" count="2632" type="stmt"/>
        <line num="1282" count="2632" type="cond" truecount="3" falsecount="1"/>
        <line num="1283" count="2632" type="cond" truecount="1" falsecount="1"/>
        <line num="1284" count="0" type="stmt"/>
        <line num="1285" count="0" type="stmt"/>
        <line num="1286" count="0" type="stmt"/>
        <line num="1288" count="0" type="stmt"/>
        <line num="1291" count="2632" type="cond" truecount="2" falsecount="0"/>
        <line num="1298" count="2632" type="stmt"/>
        <line num="1299" count="2632" type="cond" truecount="1" falsecount="1"/>
        <line num="1300" count="0" type="stmt"/>
        <line num="1302" count="2632" type="stmt"/>
        <line num="1304" count="2632" type="cond" truecount="1" falsecount="1"/>
        <line num="1307" count="0" type="stmt"/>
        <line num="1314" count="4" type="cond" truecount="2" falsecount="0"/>
        <line num="1315" count="2" type="stmt"/>
        <line num="1316" count="2" type="stmt"/>
        <line num="1321" count="381" type="stmt"/>
        <line num="1323" count="0" type="stmt"/>
        <line num="1325" count="381" type="stmt"/>
        <line num="1328" count="0" type="stmt"/>
        <line num="1329" count="0" type="cond" truecount="0" falsecount="2"/>
        <line num="1337" count="381" type="stmt"/>
        <line num="1339" count="381" type="stmt"/>
        <line num="1340" count="381" type="cond" truecount="2" falsecount="0"/>
        <line num="1346" count="381" type="cond" truecount="1" falsecount="1"/>
        <line num="1354" count="381" type="cond" truecount="2" falsecount="0"/>
        <line num="1359" count="381" type="stmt"/>
        <line num="1360" count="381" type="cond" truecount="2" falsecount="0"/>
        <line num="1365" count="381" type="cond" truecount="1" falsecount="1"/>
        <line num="1369" count="0" type="cond" truecount="0" falsecount="2"/>
        <line num="1370" count="0" type="stmt"/>
        <line num="1371" count="0" type="cond" truecount="0" falsecount="2"/>
        <line num="1376" count="381" type="stmt"/>
        <line num="1378" count="2" type="cond" truecount="1" falsecount="1"/>
        <line num="1379" count="0" type="stmt"/>
        <line num="1380" count="0" type="stmt"/>
        <line num="1381" count="0" type="stmt"/>
        <line num="1382" count="0" type="stmt"/>
        <line num="1384" count="0" type="cond" truecount="0" falsecount="2"/>
        <line num="1388" count="0" type="stmt"/>
        <line num="1391" count="381" type="stmt"/>
        <line num="1396" count="0" type="stmt"/>
        <line num="1397" count="0" type="stmt"/>
        <line num="1398" count="0" type="cond" truecount="0" falsecount="3"/>
        <line num="1414" count="0" type="stmt"/>
        <line num="1415" count="0" type="stmt"/>
        <line num="1416" count="0" type="stmt"/>
        <line num="1417" count="0" type="cond" truecount="0" falsecount="4"/>
        <line num="1418" count="0" type="stmt"/>
        <line num="1419" count="0" type="stmt"/>
        <line num="1420" count="0" type="stmt"/>
        <line num="1421" count="0" type="stmt"/>
        <line num="1424" count="0" type="stmt"/>
        <line num="1427" count="0" type="stmt"/>
        <line num="1430" count="0" type="stmt"/>
        <line num="1444" count="0" type="stmt"/>
        <line num="1449" count="0" type="stmt"/>
        <line num="1450" count="0" type="stmt"/>
        <line num="1451" count="0" type="stmt"/>
        <line num="1452" count="0" type="stmt"/>
        <line num="1455" count="0" type="cond" truecount="0" falsecount="2"/>
        <line num="1457" count="0" type="cond" truecount="0" falsecount="2"/>
        <line num="1458" count="0" type="cond" truecount="0" falsecount="2"/>
        <line num="1463" count="0" type="cond" truecount="0" falsecount="2"/>
        <line num="1464" count="0" type="cond" truecount="0" falsecount="2"/>
        <line num="1478" count="0" type="cond" truecount="0" falsecount="2"/>
        <line num="1484" count="4" type="stmt"/>
        <line num="1486" count="4" type="stmt"/>
        <line num="1487" count="4" type="stmt"/>
        <line num="1490" count="0" type="stmt"/>
        <line num="1493" count="4" type="stmt"/>
        <line num="1494" count="4" type="stmt"/>
        <line num="1495" count="4" type="stmt"/>
        <line num="1496" count="4" type="stmt"/>
        <line num="1497" count="4" type="cond" truecount="1" falsecount="1"/>
        <line num="1498" count="4" type="stmt"/>
        <line num="1499" count="4" type="cond" truecount="1" falsecount="1"/>
        <line num="1502" count="4" type="stmt"/>
        <line num="1503" count="5" type="cond" truecount="1" falsecount="1"/>
        <line num="1507" count="4" type="stmt"/>
        <line num="1509" count="4" type="stmt"/>
        <line num="1511" count="381" type="stmt"/>
        <line num="1513" count="0" type="stmt"/>
        <line num="1514" count="0" type="cond" truecount="0" falsecount="2"/>
        <line num="1515" count="0" type="stmt"/>
        <line num="1517" count="0" type="stmt"/>
        <line num="1519" count="0" type="stmt"/>
        <line num="1520" count="0" type="stmt"/>
        <line num="1521" count="0" type="stmt"/>
        <line num="1522" count="0" type="stmt"/>
        <line num="1523" count="0" type="cond" truecount="0" falsecount="2"/>
        <line num="1524" count="0" type="cond" truecount="0" falsecount="2"/>
        <line num="1525" count="0" type="stmt"/>
        <line num="1532" count="0" type="stmt"/>
        <line num="1534" count="0" type="stmt"/>
        <line num="1535" count="0" type="cond" truecount="0" falsecount="2"/>
        <line num="1540" count="381" type="stmt"/>
        <line num="1542" count="0" type="cond" truecount="0" falsecount="2"/>
        <line num="1543" count="0" type="cond" truecount="0" falsecount="2"/>
        <line num="1548" count="0" type="stmt"/>
        <line num="1551" count="381" type="stmt"/>
        <line num="1553" count="0" type="stmt"/>
        <line num="1554" count="0" type="stmt"/>
        <line num="1555" count="0" type="stmt"/>
        <line num="1557" count="381" type="stmt"/>
        <line num="1559" count="1" type="stmt"/>
        <line num="1560" count="1" type="stmt"/>
        <line num="1561" count="1" type="stmt"/>
        <line num="1562" count="1" type="stmt"/>
        <line num="1565" count="0" type="stmt"/>
        <line num="1566" count="0" type="stmt"/>
        <line num="1567" count="0" type="stmt"/>
        <line num="1573" count="820" type="cond" truecount="2" falsecount="0"/>
        <line num="1574" count="820" type="stmt"/>
        <line num="1594" count="820" type="cond" truecount="2" falsecount="0"/>
        <line num="1595" count="806" type="stmt"/>
        <line num="1596" count="806" type="stmt"/>
        <line num="1598" count="820" type="stmt"/>
        <line num="1600" count="381" type="stmt"/>
        <line num="1603" count="0" type="cond" truecount="0" falsecount="2"/>
        <line num="1606" count="0" type="stmt"/>
        <line num="1607" count="0" type="stmt"/>
        <line num="1613" count="0" type="stmt"/>
        <line num="1614" count="0" type="cond" truecount="0" falsecount="2"/>
        <line num="1615" count="0" type="stmt"/>
        <line num="1616" count="0" type="stmt"/>
        <line num="1617" count="0" type="stmt"/>
        <line num="1618" count="0" type="cond" truecount="0" falsecount="2"/>
        <line num="1619" count="0" type="cond" truecount="0" falsecount="4"/>
        <line num="1620" count="0" type="stmt"/>
        <line num="1621" count="0" type="stmt"/>
        <line num="1622" count="0" type="stmt"/>
        <line num="1623" count="0" type="stmt"/>
        <line num="1630" count="0" type="cond" truecount="0" falsecount="4"/>
        <line num="1637" count="0" type="stmt"/>
        <line num="1638" count="0" type="stmt"/>
        <line num="1639" count="0" type="cond" truecount="0" falsecount="2"/>
        <line num="1640" count="0" type="stmt"/>
        <line num="1641" count="0" type="stmt"/>
        <line num="1643" count="0" type="cond" truecount="0" falsecount="3"/>
        <line num="1645" count="0" type="stmt"/>
        <line num="1655" count="0" type="stmt"/>
        <line num="1656" count="0" type="cond" truecount="0" falsecount="2"/>
        <line num="1657" count="0" type="stmt"/>
        <line num="1658" count="0" type="stmt"/>
        <line num="1664" count="2" type="cond" truecount="4" falsecount="0"/>
        <line num="1685" count="381" type="stmt"/>
        <line num="1687" count="1" type="stmt"/>
        <line num="1689" count="381" type="stmt"/>
        <line num="1692" count="0" type="stmt"/>
        <line num="1705" count="381" type="stmt"/>
        <line num="1707" count="2" type="stmt"/>
        <line num="1716" count="2" type="cond" truecount="1" falsecount="1"/>
        <line num="1718" count="2" type="stmt"/>
        <line num="1719" count="2" type="stmt"/>
        <line num="1720" count="2" type="cond" truecount="1" falsecount="1"/>
        <line num="1729" count="0" type="stmt"/>
        <line num="1732" count="381" type="stmt"/>
        <line num="1734" count="0" type="stmt"/>
        <line num="1746" count="0" type="cond" truecount="0" falsecount="2"/>
        <line num="1752" count="0" type="stmt"/>
        <line num="1755" count="381" type="stmt"/>
        <line num="1757" count="0" type="stmt"/>
        <line num="1758" count="0" type="cond" truecount="0" falsecount="2"/>
        <line num="1767" count="0" type="stmt"/>
        <line num="1771" count="381" type="stmt"/>
        <line num="1773" count="0" type="stmt"/>
        <line num="1774" count="0" type="stmt"/>
        <line num="1775" count="0" type="stmt"/>
        <line num="1776" count="0" type="cond" truecount="0" falsecount="2"/>
        <line num="1783" count="381" type="stmt"/>
        <line num="1785" count="0" type="stmt"/>
        <line num="1786" count="0" type="stmt"/>
        <line num="1791" count="0" type="cond" truecount="0" falsecount="5"/>
        <line num="1794" count="0" type="stmt"/>
        <line num="1795" count="0" type="stmt"/>
        <line num="1797" count="0" type="stmt"/>
        <line num="1798" count="0" type="stmt"/>
        <line num="1800" count="0" type="stmt"/>
        <line num="1801" count="0" type="stmt"/>
        <line num="1803" count="0" type="stmt"/>
        <line num="1805" count="0" type="stmt"/>
        <line num="1807" count="0" type="stmt"/>
        <line num="1808" count="0" type="stmt"/>
        <line num="1809" count="0" type="stmt"/>
        <line num="1811" count="0" type="stmt"/>
        <line num="1813" count="381" type="stmt"/>
        <line num="1821" count="27" type="stmt"/>
        <line num="1826" count="381" type="stmt"/>
        <line num="1829" count="0" type="stmt"/>
        <line num="1834" count="381" type="cond" truecount="2" falsecount="0"/>
        <line num="1837" count="0" type="stmt"/>
        <line num="1839" count="0" type="cond" truecount="0" falsecount="4"/>
        <line num="1843" count="0" type="stmt"/>
        <line num="1844" count="0" type="stmt"/>
        <line num="1845" count="0" type="cond" truecount="0" falsecount="4"/>
        <line num="1847" count="0" type="cond" truecount="0" falsecount="2"/>
        <line num="1848" count="0" type="stmt"/>
        <line num="1849" count="0" type="stmt"/>
        <line num="1850" count="0" type="stmt"/>
        <line num="1851" count="0" type="cond" truecount="0" falsecount="2"/>
        <line num="1855" count="0" type="stmt"/>
        <line num="1856" count="0" type="stmt"/>
        <line num="1860" count="0" type="stmt"/>
        <line num="1864" count="0" type="stmt"/>
        <line num="1866" count="0" type="stmt"/>
        <line num="1868" count="23" type="stmt"/>
        <line num="1876" count="23" type="stmt"/>
        <line num="1877" count="23" type="stmt"/>
        <line num="1879" count="0" type="stmt"/>
        <line num="1880" count="0" type="stmt"/>
        <line num="1883" count="0" type="stmt"/>
        <line num="1884" count="0" type="stmt"/>
        <line num="1886" count="0" type="stmt"/>
        <line num="1887" count="23" type="stmt"/>
        <line num="1891" count="0" type="cond" truecount="0" falsecount="4"/>
        <line num="1892" count="0" type="cond" truecount="0" falsecount="3"/>
        <line num="1894" count="0" type="stmt"/>
        <line num="1899" count="0" type="cond" truecount="0" falsecount="2"/>
        <line num="1900" count="0" type="stmt"/>
        <line num="1901" count="0" type="stmt"/>
        <line num="1902" count="0" type="stmt"/>
        <line num="1903" count="0" type="stmt"/>
        <line num="1904" count="0" type="stmt"/>
        <line num="1905" count="0" type="stmt"/>
        <line num="1906" count="0" type="stmt"/>
        <line num="1913" count="381" type="stmt"/>
        <line num="1915" count="0" type="cond" truecount="0" falsecount="2"/>
        <line num="1916" count="0" type="stmt"/>
        <line num="1917" count="0" type="stmt"/>
        <line num="1918" count="0" type="stmt"/>
        <line num="1925" count="381" type="stmt"/>
        <line num="1927" count="100" type="cond" truecount="1" falsecount="1"/>
        <line num="1928" count="100" type="stmt"/>
        <line num="1929" count="100" type="stmt"/>
        <line num="1930" count="100" type="stmt"/>
        <line num="1931" count="100" type="stmt"/>
        <line num="1932" count="100" type="stmt"/>
        <line num="1933" count="100" type="stmt"/>
        <line num="1934" count="100" type="stmt"/>
        <line num="1938" count="100" type="stmt"/>
        <line num="1939" count="100" type="stmt"/>
        <line num="1944" count="381" type="stmt"/>
        <line num="1946" count="100" type="stmt"/>
        <line num="1947" count="100" type="stmt"/>
        <line num="1948" count="100" type="stmt"/>
        <line num="1949" count="0" type="cond" truecount="0" falsecount="2"/>
        <line num="1955" count="0" type="stmt"/>
        <line num="1956" count="0" type="stmt"/>
        <line num="1957" count="0" type="cond" truecount="0" falsecount="2"/>
        <line num="1960" count="0" type="stmt"/>
        <line num="1962" count="0" type="stmt"/>
        <line num="1963" count="0" type="cond" truecount="0" falsecount="2"/>
        <line num="1970" count="381" type="stmt"/>
        <line num="1972" count="100" type="cond" truecount="1" falsecount="1"/>
        <line num="1975" count="100" type="stmt"/>
        <line num="1976" count="100" type="cond" truecount="1" falsecount="1"/>
        <line num="1977" count="100" type="cond" truecount="1" falsecount="1"/>
        <line num="1978" count="0" type="stmt"/>
        <line num="1979" count="0" type="stmt"/>
        <line num="1982" count="100" type="stmt"/>
        <line num="1986" count="0" type="stmt"/>
        <line num="1991" count="381" type="stmt"/>
        <line num="1993" count="0" type="stmt"/>
        <line num="1998" count="381" type="stmt"/>
        <line num="2001" count="381" type="stmt"/>
        <line num="2002" count="381" type="stmt"/>
        <line num="2004" count="0" type="stmt"/>
        <line num="2005" count="0" type="stmt"/>
        <line num="2006" count="0" type="cond" truecount="0" falsecount="2"/>
        <line num="2011" count="0" type="stmt"/>
        <line num="2014" count="381" type="stmt"/>
        <line num="2015" count="0" type="stmt"/>
        <line num="2019" count="0" type="stmt"/>
        <line num="2020" count="0" type="stmt"/>
        <line num="2022" count="0" type="cond" truecount="0" falsecount="2"/>
        <line num="2023" count="0" type="stmt"/>
        <line num="2024" count="0" type="stmt"/>
        <line num="2025" count="0" type="stmt"/>
        <line num="2026" count="0" type="stmt"/>
        <line num="2027" count="0" type="stmt"/>
        <line num="2028" count="0" type="stmt"/>
        <line num="2029" count="0" type="stmt"/>
        <line num="2034" count="0" type="stmt"/>
        <line num="2036" count="0" type="stmt"/>
        <line num="2038" count="0" type="stmt"/>
        <line num="2043" count="0" type="stmt"/>
        <line num="2047" count="381" type="stmt"/>
        <line num="2049" count="0" type="stmt"/>
        <line num="2050" count="0" type="stmt"/>
        <line num="2051" count="0" type="stmt"/>
        <line num="2056" count="0" type="stmt"/>
        <line num="2060" count="381" type="stmt"/>
        <line num="2061" count="381" type="stmt"/>
        <line num="2063" count="1163" type="stmt"/>
        <line num="2064" count="1163" type="stmt"/>
        <line num="2065" count="1163" type="stmt"/>
        <line num="2066" count="1163" type="cond" truecount="2" falsecount="0"/>
        <line num="2068" count="381" type="stmt"/>
        <line num="2069" count="225" type="stmt"/>
        <line num="2070" count="151" type="stmt"/>
        <line num="2071" count="151" type="cond" truecount="1" falsecount="1"/>
        <line num="2081" count="1012" type="cond" truecount="2" falsecount="0"/>
        <line num="2085" count="381" type="cond" truecount="2" falsecount="0"/>
      </file>
      <file name="auth.js" path="/home/capybara/repos/hedyc/__tmp__/static/js/auth.js">
        <metrics statements="115" coveredstatements="60" conditionals="123" coveredconditionals="52" methods="74" coveredmethods="30"/>
        <line num="1" count="381" type="stmt"/>
        <line num="2" count="381" type="cond" truecount="3" falsecount="0"/>
        <line num="3" count="0" type="cond" truecount="0" falsecount="2"/>
        <line num="4" count="70" type="cond" truecount="2" falsecount="0"/>
        <line num="5" count="0" type="stmt"/>
        <line num="6" count="0" type="stmt"/>
        <line num="7" count="70" type="cond" truecount="1" falsecount="1"/>
        <line num="8" count="70" type="cond" truecount="2" falsecount="0"/>
        <line num="11" count="381" type="cond" truecount="3" falsecount="0"/>
        <line num="12" count="70" type="cond" truecount="0" falsecount="2"/>
        <line num="13" count="70" type="cond" truecount="2" falsecount="0"/>
        <line num="14" count="210" type="stmt"/>
        <line num="16" count="70" type="cond" truecount="1" falsecount="1"/>
        <line num="17" count="210" type="stmt"/>
        <line num="18" count="210" type="cond" truecount="2" falsecount="11"/>
        <line num="20" count="210" type="cond" truecount="3" falsecount="3"/>
        <line num="21" count="70" type="stmt"/>
        <line num="22" count="0" type="stmt"/>
        <line num="23" count="0" type="stmt"/>
        <line num="24" count="0" type="stmt"/>
        <line num="26" count="140" type="cond" truecount="6" falsecount="1"/>
        <line num="27" count="70" type="cond" truecount="3" falsecount="3"/>
        <line num="28" count="0" type="cond" truecount="0" falsecount="4"/>
        <line num="29" count="0" type="cond" truecount="0" falsecount="4"/>
        <line num="30" count="0" type="cond" truecount="0" falsecount="2"/>
        <line num="31" count="0" type="stmt"/>
        <line num="33" count="140" type="stmt"/>
        <line num="34" count="210" type="stmt"/>
        <line num="35" count="70" type="cond" truecount="2" falsecount="2"/>
        <line num="38" count="381" type="stmt"/>
        <line num="39" count="381" type="stmt"/>
        <line num="40" count="381" type="stmt"/>
        <line num="41" count="381" type="stmt"/>
        <line num="42" count="381" type="stmt"/>
        <line num="44" count="73" type="stmt"/>
        <line num="45" count="73" type="stmt"/>
        <line num="46" count="154" type="cond" truecount="1" falsecount="1"/>
        <line num="65" count="72" type="stmt"/>
        <line num="70" count="1" type="stmt"/>
        <line num="74" count="1" type="stmt"/>
        <line num="77" count="381" type="stmt"/>
        <line num="81" count="1" type="stmt"/>
        <line num="82" count="1" type="stmt"/>
        <line num="86" count="1" type="stmt"/>
        <line num="90" count="381" type="stmt"/>
        <line num="92" count="0" type="stmt"/>
        <line num="93" count="0" type="stmt"/>
        <line num="97" count="0" type="stmt"/>
        <line num="101" count="381" type="stmt"/>
        <line num="103" count="0" type="stmt"/>
        <line num="107" count="0" type="stmt"/>
        <line num="108" count="0" type="stmt"/>
        <line num="110" count="0" type="stmt"/>
        <line num="113" count="381" type="stmt"/>
        <line num="116" count="381" type="stmt"/>
        <line num="117" count="1" type="stmt"/>
        <line num="125" count="1" type="stmt"/>
        <line num="127" count="0" type="stmt"/>
        <line num="131" count="70" type="stmt"/>
        <line num="138" count="69" type="cond" truecount="1" falsecount="1"/>
        <line num="143" count="1" type="stmt"/>
        <line num="147" count="0" type="stmt"/>
        <line num="153" count="0" type="cond" truecount="0" falsecount="2"/>
        <line num="155" count="0" type="stmt"/>
        <line num="161" count="0" type="stmt"/>
        <line num="165" count="0" type="stmt"/>
        <line num="172" count="0" type="stmt"/>
        <line num="175" count="0" type="stmt"/>
        <line num="179" count="2" type="stmt"/>
        <line num="185" count="1" type="stmt"/>
        <line num="188" count="1" type="stmt"/>
        <line num="192" count="0" type="stmt"/>
        <line num="198" count="0" type="stmt"/>
        <line num="201" count="0" type="stmt"/>
        <line num="204" count="0" type="stmt"/>
        <line num="208" count="0" type="stmt"/>
        <line num="215" count="0" type="stmt"/>
        <line num="221" count="0" type="stmt"/>
        <line num="225" count="0" type="stmt"/>
        <line num="230" count="2" type="stmt"/>
        <line num="231" count="2" type="stmt"/>
        <line num="243" count="381" type="stmt"/>
        <line num="246" count="0" type="stmt"/>
        <line num="247" count="0" type="stmt"/>
        <line num="248" count="0" type="cond" truecount="0" falsecount="2"/>
        <line num="252" count="0" type="stmt"/>
        <line num="261" count="0" type="stmt"/>
        <line num="263" count="0" type="cond" truecount="0" falsecount="2"/>
        <line num="267" count="0" type="cond" truecount="0" falsecount="2"/>
        <line num="277" count="0" type="stmt"/>
        <line num="282" count="381" type="stmt"/>
        <line num="284" count="0" type="stmt"/>
        <line num="285" count="0" type="cond" truecount="0" falsecount="2"/>
        <line num="296" count="0" type="stmt"/>
        <line num="298" count="0" type="stmt"/>
        <line num="302" count="381" type="stmt"/>
        <line num="304" count="0" type="stmt"/>
        <line num="312" count="0" type="stmt"/>
        <line num="330" count="0" type="stmt"/>
        <line num="333" count="381" type="stmt"/>
        <line num="335" count="0" type="stmt"/>
        <line num="336" count="0" type="stmt"/>
        <line num="337" count="0" type="stmt"/>
        <line num="338" count="0" type="stmt"/>
        <line num="339" count="0" type="stmt"/>
        <line num="350" count="0" type="stmt"/>
        <line num="355" count="381" type="stmt"/>
        <line num="364" count="70" type="stmt"/>
        <line num="366" count="70" type="stmt"/>
        <line num="367" count="140" type="cond" truecount="2" falsecount="1"/>
        <line num="371" count="70" type="cond" truecount="1" falsecount="1"/>
        <line num="374" count="0" type="stmt"/>
        <line num="380" count="70" type="cond" truecount="1" falsecount="1"/>
        <line num="408" count="70" type="stmt"/>
        <line num="409" count="70" type="cond" truecount="1" falsecount="1"/>
      </file>
      <file name="client-messages.js" path="/home/capybara/repos/hedyc/__tmp__/static/js/client-messages.js">
        <metrics statements="7" coveredstatements="7" conditionals="4" coveredconditionals="3" methods="2" coveredmethods="2"/>
        <line num="1" count="381" type="stmt"/>
        <line num="2" count="381" type="stmt"/>
        <line num="3" count="381" type="stmt"/>
        <line num="4" count="381" type="stmt"/>
        <line num="5" count="381" type="stmt"/>
        <line num="12" count="381" type="cond" truecount="3" falsecount="1"/>
        <line num="14" count="381" type="stmt"/>
      </file>
      <file name="index.js" path="/home/capybara/repos/hedyc/__tmp__/static/js/index.js">
        <metrics statements="18" coveredstatements="17" conditionals="15" coveredconditionals="12" methods="5" coveredmethods="4"/>
        <line num="1" count="381" type="stmt"/>
        <line num="2" count="381" type="cond" truecount="4" falsecount="1"/>
        <line num="3" count="38481" type="cond" truecount="2" falsecount="0"/>
        <line num="4" count="895" type="stmt"/>
        <line num="6" count="0" type="cond" truecount="0" falsecount="2"/>
        <line num="9" count="381" type="cond" truecount="3" falsecount="0"/>
        <line num="10" count="38481" type="cond" truecount="3" falsecount="0"/>
        <line num="12" count="381" type="stmt"/>
        <line num="21" count="381" type="stmt"/>
        <line num="22" count="381" type="stmt"/>
        <line num="23" count="381" type="stmt"/>
        <line num="24" count="381" type="stmt"/>
        <line num="25" count="381" type="stmt"/>
        <line num="26" count="381" type="stmt"/>
        <line num="27" count="381" type="stmt"/>
        <line num="28" count="381" type="stmt"/>
        <line num="29" count="381" type="stmt"/>
        <line num="30" count="381" type="stmt"/>
      </file>
      <file name="initialize.js" path="/home/capybara/repos/hedyc/__tmp__/static/js/initialize.js">
        <metrics statements="13" coveredstatements="13" conditionals="4" coveredconditionals="3" methods="2" coveredmethods="2"/>
        <line num="1" count="381" type="stmt"/>
        <line num="2" count="381" type="stmt"/>
        <line num="3" count="381" type="stmt"/>
        <line num="4" count="381" type="stmt"/>
        <line num="5" count="381" type="stmt"/>
        <line num="6" count="381" type="stmt"/>
        <line num="7" count="381" type="stmt"/>
        <line num="8" count="381" type="stmt"/>
        <line num="9" count="381" type="stmt"/>
        <line num="10" count="381" type="stmt"/>
        <line num="11" count="381" type="stmt"/>
        <line num="16" count="381" type="cond" truecount="1" falsecount="1"/>
        <line num="30" count="381" type="stmt"/>
      </file>
      <file name="logs.js" path="/home/capybara/repos/hedyc/__tmp__/static/js/logs.js">
        <metrics statements="31" coveredstatements="15" conditionals="16" coveredconditionals="0" methods="17" coveredmethods="6"/>
        <line num="1" count="381" type="stmt"/>
        <line num="2" count="381" type="stmt"/>
        <line num="3" count="381" type="stmt"/>
        <line num="4" count="381" type="stmt"/>
        <line num="7" count="5" type="stmt"/>
        <line num="10" count="5" type="stmt"/>
        <line num="11" count="5" type="stmt"/>
        <line num="15" count="1" type="stmt"/>
        <line num="16" count="1" type="stmt"/>
        <line num="17" count="1" type="stmt"/>
        <line num="18" count="4" type="stmt"/>
        <line num="27" count="1" type="stmt"/>
        <line num="28" count="1" type="stmt"/>
        <line num="29" count="0" type="cond" truecount="0" falsecount="2"/>
        <line num="38" count="1" type="stmt"/>
        <line num="41" count="1" type="stmt"/>
        <line num="49" count="0" type="stmt"/>
        <line num="52" count="0" type="stmt"/>
        <line num="56" count="0" type="stmt"/>
        <line num="57" count="0" type="stmt"/>
        <line num="58" count="0" type="stmt"/>
        <line num="59" count="0" type="stmt"/>
        <line num="60" count="0" type="cond" truecount="0" falsecount="6"/>
        <line num="67" count="0" type="stmt"/>
        <line num="69" count="0" type="stmt"/>
        <line num="77" count="0" type="stmt"/>
        <line num="78" count="0" type="cond" truecount="0" falsecount="2"/>
        <line num="83" count="0" type="stmt"/>
        <line num="85" count="0" type="stmt"/>
        <line num="92" count="0" type="stmt"/>
        <line num="93" count="0" type="stmt"/>
      </file>
      <file name="markers.js" path="/home/capybara/repos/hedyc/__tmp__/static/js/markers.js">
        <metrics statements="44" coveredstatements="22" conditionals="14" coveredconditionals="7" methods="14" coveredmethods="9"/>
        <line num="1" count="381" type="stmt"/>
        <line num="2" count="381" type="stmt"/>
        <line num="3" count="381" type="stmt"/>
        <line num="10" count="381" type="stmt"/>
        <line num="12" count="22" type="stmt"/>
        <line num="29" count="381" type="stmt"/>
        <line num="32" count="1" type="cond" truecount="1" falsecount="1"/>
        <line num="34" count="1" type="stmt"/>
        <line num="35" count="1" type="stmt"/>
        <line num="39" count="0" type="stmt"/>
        <line num="41" count="0" type="stmt"/>
        <line num="47" count="104" type="stmt"/>
        <line num="48" count="0" type="stmt"/>
        <line num="49" count="0" type="stmt"/>
        <line num="57" count="100" type="cond" truecount="4" falsecount="2"/>
        <line num="63" count="0" type="cond" truecount="0" falsecount="2"/>
        <line num="64" count="0" type="stmt"/>
        <line num="65" count="0" type="stmt"/>
        <line num="67" count="0" type="stmt"/>
        <line num="68" count="0" type="stmt"/>
        <line num="74" count="23" type="stmt"/>
        <line num="75" count="23" type="stmt"/>
        <line num="77" count="23" type="stmt"/>
        <line num="79" count="0" type="stmt"/>
        <line num="80" count="0" type="stmt"/>
        <line num="82" count="23" type="stmt"/>
        <line num="83" count="0" type="stmt"/>
        <line num="84" count="0" type="stmt"/>
        <line num="88" count="23" type="stmt"/>
        <line num="89" count="0" type="stmt"/>
        <line num="90" count="23" type="stmt"/>
        <line num="91" count="0" type="stmt"/>
        <line num="92" count="0" type="stmt"/>
        <line num="93" count="0" type="stmt"/>
        <line num="100" count="1" type="cond" truecount="2" falsecount="0"/>
        <line num="101" count="1" type="stmt"/>
        <line num="102" count="1" type="stmt"/>
        <line num="106" count="0" type="stmt"/>
        <line num="110" count="104" type="stmt"/>
        <line num="112" count="0" type="stmt"/>
        <line num="113" count="0" type="stmt"/>
        <line num="116" count="0" type="stmt"/>
        <line num="117" count="0" type="stmt"/>
        <line num="122" count="381" type="stmt"/>
      </file>
      <file name="message-translations.js" path="/home/capybara/repos/hedyc/__tmp__/static/js/message-translations.js">
        <metrics statements="4" coveredstatements="4" conditionals="0" coveredconditionals="0" methods="1" coveredmethods="1"/>
        <line num="1" count="381" type="stmt"/>
        <line num="4" count="381" type="stmt"/>
        <line num="5" count="381" type="stmt"/>
        <line num="6" count="381" type="stmt"/>
      </file>
      <file name="modal.js" path="/home/capybara/repos/hedyc/__tmp__/static/js/modal.js">
        <metrics statements="52" coveredstatements="35" conditionals="52" coveredconditionals="24" methods="39" coveredmethods="23"/>
        <line num="1" count="126492" type="cond" truecount="2" falsecount="0"/>
        <line num="5" count="381" type="stmt"/>
        <line num="6" count="381" type="stmt"/>
        <line num="7" count="381" type="stmt"/>
        <line num="9" count="381" type="stmt"/>
        <line num="11" count="381" type="stmt"/>
        <line num="12" count="0" type="stmt"/>
        <line num="13" count="0" type="stmt"/>
        <line num="14" count="0" type="stmt"/>
        <line num="15" count="0" type="stmt"/>
        <line num="16" count="0" type="stmt"/>
        <line num="17" count="1" type="stmt"/>
        <line num="18" count="0" type="stmt"/>
        <line num="20" count="381" type="stmt"/>
        <line num="21" count="50" type="stmt"/>
        <line num="26" count="19" type="stmt"/>
        <line num="29" count="98" type="stmt"/>
        <line num="38" count="21" type="stmt"/>
        <line num="41" count="19" type="stmt"/>
        <line num="43" count="19" type="stmt"/>
        <line num="62" count="2" type="stmt"/>
        <line num="65" count="0" type="stmt"/>
        <line num="66" count="0" type="cond" truecount="0" falsecount="2"/>
        <line num="85" count="0" type="stmt"/>
        <line num="88" count="1" type="stmt"/>
        <line num="90" count="1" type="stmt"/>
        <line num="91" count="1" type="stmt"/>
        <line num="102" count="0" type="stmt"/>
        <line num="103" count="0" type="cond" truecount="0" falsecount="2"/>
        <line num="117" count="0" type="stmt"/>
        <line num="124" count="0" type="stmt"/>
        <line num="128" count="26" type="stmt"/>
        <line num="129" count="26" type="cond" truecount="2" falsecount="0"/>
        <line num="141" count="24" type="stmt"/>
        <line num="145" count="2" type="stmt"/>
        <line num="150" count="23" type="stmt"/>
        <line num="151" count="23" type="stmt"/>
        <line num="164" count="21" type="stmt"/>
        <line num="165" count="21" type="stmt"/>
        <line num="166" count="21" type="cond" truecount="2" falsecount="0"/>
        <line num="179" count="381" type="stmt"/>
        <line num="181" count="0" type="stmt"/>
        <line num="184" count="4" type="stmt"/>
        <line num="188" count="0" type="stmt"/>
        <line num="194" count="1" type="stmt"/>
        <line num="198" count="0" type="stmt"/>
        <line num="203" count="381" type="stmt"/>
        <line num="205" count="22" type="stmt"/>
        <line num="208" count="4" type="stmt"/>
        <line num="213" count="0" type="stmt"/>
        <line num="219" count="2" type="stmt"/>
        <line num="225" count="1524" type="stmt"/>
      </file>
      <file name="parsons.js" path="/home/capybara/repos/hedyc/__tmp__/static/js/parsons.js">
        <metrics statements="42" coveredstatements="7" conditionals="6" coveredconditionals="0" methods="15" coveredmethods="1"/>
        <line num="1" count="381" type="stmt"/>
        <line num="2" count="381" type="stmt"/>
        <line num="3" count="381" type="stmt"/>
        <line num="4" count="381" type="stmt"/>
        <line num="5" count="381" type="stmt"/>
        <line num="7" count="0" type="stmt"/>
        <line num="9" count="0" type="stmt"/>
        <line num="10" count="0" type="stmt"/>
        <line num="11" count="0" type="cond" truecount="0" falsecount="2"/>
        <line num="19" count="0" type="stmt"/>
        <line num="26" count="0" type="stmt"/>
        <line num="29" count="381" type="stmt"/>
        <line num="37" count="0" type="stmt"/>
        <line num="41" count="0" type="stmt"/>
        <line num="47" count="0" type="stmt"/>
        <line num="48" count="0" type="stmt"/>
        <line num="50" count="0" type="stmt"/>
        <line num="52" count="0" type="stmt"/>
        <line num="53" count="0" type="stmt"/>
        <line num="54" count="0" type="stmt"/>
        <line num="63" count="0" type="stmt"/>
        <line num="66" count="0" type="cond" truecount="0" falsecount="2"/>
        <line num="68" count="0" type="cond" truecount="0" falsecount="2"/>
        <line num="69" count="0" type="stmt"/>
        <line num="78" count="381" type="stmt"/>
        <line num="81" count="0" type="stmt"/>
        <line num="82" count="0" type="stmt"/>
        <line num="83" count="0" type="stmt"/>
        <line num="84" count="0" type="stmt"/>
        <line num="86" count="0" type="stmt"/>
        <line num="90" count="0" type="stmt"/>
        <line num="91" count="0" type="stmt"/>
        <line num="92" count="0" type="stmt"/>
        <line num="93" count="0" type="stmt"/>
        <line num="94" count="0" type="stmt"/>
        <line num="95" count="0" type="stmt"/>
        <line num="96" count="0" type="stmt"/>
        <line num="98" count="0" type="stmt"/>
        <line num="104" count="0" type="stmt"/>
        <line num="105" count="0" type="stmt"/>
        <line num="106" count="0" type="stmt"/>
        <line num="107" count="0" type="stmt"/>
      </file>
      <file name="pythonPrefixes.js" path="/home/capybara/repos/hedyc/__tmp__/static/js/pythonPrefixes.js">
        <metrics statements="4" coveredstatements="4" conditionals="0" coveredconditionals="0" methods="0" coveredmethods="0"/>
        <line num="13" count="381" type="stmt"/>
        <line num="14" count="381" type="stmt"/>
        <line num="15" count="381" type="stmt"/>
        <line num="16" count="381" type="stmt"/>
      </file>
      <file name="quiz.js" path="/home/capybara/repos/hedyc/__tmp__/static/js/quiz.js">
        <metrics statements="62" coveredstatements="11" conditionals="32" coveredconditionals="0" methods="28" coveredmethods="2"/>
        <line num="1" count="381" type="stmt"/>
        <line num="2" count="381" type="stmt"/>
        <line num="3" count="381" type="stmt"/>
        <line num="4" count="381" type="stmt"/>
        <line num="5" count="381" type="stmt"/>
        <line num="7" count="381" type="stmt"/>
        <line num="9" count="0" type="stmt"/>
        <line num="16" count="381" type="stmt"/>
        <line num="18" count="0" type="stmt"/>
        <line num="28" count="0" type="stmt"/>
        <line num="30" count="0" type="stmt"/>
        <line num="33" count="381" type="stmt"/>
        <line num="36" count="0" type="stmt"/>
        <line num="38" count="0" type="stmt"/>
        <line num="39" count="0" type="stmt"/>
        <line num="40" count="0" type="cond" truecount="0" falsecount="2"/>
        <line num="48" count="0" type="stmt"/>
        <line num="67" count="0" type="stmt"/>
        <line num="70" count="381" type="stmt"/>
        <line num="72" count="0" type="stmt"/>
        <line num="76" count="0" type="stmt"/>
        <line num="77" count="0" type="stmt"/>
        <line num="78" count="0" type="stmt"/>
        <line num="83" count="0" type="stmt"/>
        <line num="84" count="0" type="stmt"/>
        <line num="85" count="0" type="stmt"/>
        <line num="91" count="0" type="stmt"/>
        <line num="93" count="0" type="stmt"/>
        <line num="94" count="0" type="cond" truecount="0" falsecount="2"/>
        <line num="95" count="0" type="stmt"/>
        <line num="96" count="0" type="stmt"/>
        <line num="98" count="0" type="stmt"/>
        <line num="106" count="0" type="stmt"/>
        <line num="110" count="0" type="stmt"/>
        <line num="112" count="0" type="stmt"/>
        <line num="118" count="0" type="stmt"/>
        <line num="121" count="0" type="stmt"/>
        <line num="122" count="0" type="stmt"/>
        <line num="124" count="0" type="stmt"/>
        <line num="127" count="0" type="stmt"/>
        <line num="133" count="0" type="stmt"/>
        <line num="137" count="0" type="stmt"/>
        <line num="138" count="0" type="stmt"/>
        <line num="139" count="0" type="stmt"/>
        <line num="140" count="0" type="stmt"/>
        <line num="151" count="0" type="cond" truecount="0" falsecount="4"/>
        <line num="164" count="0" type="stmt"/>
        <line num="167" count="381" type="stmt"/>
        <line num="169" count="0" type="stmt"/>
        <line num="173" count="0" type="stmt"/>
        <line num="183" count="0" type="stmt"/>
        <line num="192" count="0" type="cond" truecount="0" falsecount="2"/>
        <line num="193" count="0" type="stmt"/>
        <line num="194" count="0" type="stmt"/>
        <line num="202" count="0" type="stmt"/>
        <line num="206" count="0" type="cond" truecount="0" falsecount="2"/>
        <line num="217" count="0" type="cond" truecount="0" falsecount="2"/>
        <line num="225" count="0" type="stmt"/>
        <line num="230" count="0" type="stmt"/>
        <line num="235" count="0" type="stmt"/>
        <line num="238" count="381" type="stmt"/>
        <line num="240" count="0" type="stmt"/>
      </file>
      <file name="state.js" path="/home/capybara/repos/hedyc/__tmp__/static/js/state.js">
        <metrics statements="21" coveredstatements="20" conditionals="6" coveredconditionals="5" methods="8" coveredmethods="7"/>
        <line num="1" count="381" type="stmt"/>
        <line num="2" count="381" type="stmt"/>
        <line num="3" count="381" type="stmt"/>
        <line num="4" count="381" type="stmt"/>
        <line num="8" count="381" type="stmt"/>
        <line num="16" count="381" type="stmt"/>
        <line num="17" count="381" type="stmt"/>
        <line num="19" count="381" type="cond" truecount="1" falsecount="1"/>
        <line num="30" count="403" type="stmt"/>
        <line num="31" count="1165" type="stmt"/>
        <line num="32" count="1165" type="cond" truecount="4" falsecount="0"/>
        <line num="35" count="381" type="stmt"/>
        <line num="37" count="784" type="stmt"/>
        <line num="40" count="0" type="stmt"/>
        <line num="43" count="381" type="stmt"/>
        <line num="45" count="6" type="stmt"/>
        <line num="47" count="381" type="stmt"/>
        <line num="52" count="135" type="stmt"/>
        <line num="55" count="381" type="stmt"/>
        <line num="60" count="50" type="stmt"/>
        <line num="64" count="381" type="stmt"/>
      </file>
      <file name="statistics.js" path="/home/capybara/repos/hedyc/__tmp__/static/js/statistics.js">
        <metrics statements="160" coveredstatements="30" conditionals="34" coveredconditionals="6" methods="45" coveredmethods="12"/>
        <line num="1" count="381" type="stmt"/>
        <line num="2" count="381" type="stmt"/>
        <line num="3" count="381" type="stmt"/>
        <line num="4" count="381" type="stmt"/>
        <line num="5" count="381" type="stmt"/>
        <line num="6" count="381" type="stmt"/>
        <line num="7" count="381" type="stmt"/>
        <line num="8" count="381" type="stmt"/>
        <line num="9" count="381" type="stmt"/>
        <line num="10" count="381" type="stmt"/>
        <line num="11" count="381" type="stmt"/>
        <line num="13" count="0" type="cond" truecount="0" falsecount="2"/>
        <line num="14" count="0" type="stmt"/>
        <line num="16" count="0" type="stmt"/>
        <line num="18" count="0" type="stmt"/>
        <line num="19" count="0" type="stmt"/>
        <line num="21" count="0" type="stmt"/>
        <line num="22" count="0" type="stmt"/>
        <line num="23" count="0" type="stmt"/>
        <line num="24" count="0" type="stmt"/>
        <line num="27" count="0" type="stmt"/>
        <line num="28" count="0" type="stmt"/>
        <line num="29" count="0" type="stmt"/>
        <line num="30" count="0" type="stmt"/>
        <line num="34" count="0" type="stmt"/>
        <line num="35" count="0" type="stmt"/>
        <line num="36" count="0" type="stmt"/>
        <line num="37" count="0" type="stmt"/>
        <line num="38" count="0" type="stmt"/>
        <line num="42" count="0" type="stmt"/>
        <line num="43" count="0" type="stmt"/>
        <line num="44" count="0" type="stmt"/>
        <line num="45" count="0" type="stmt"/>
        <line num="46" count="0" type="stmt"/>
        <line num="47" count="0" type="stmt"/>
        <line num="48" count="0" type="stmt"/>
        <line num="49" count="0" type="cond" truecount="0" falsecount="2"/>
        <line num="57" count="0" type="stmt"/>
        <line num="58" count="0" type="stmt"/>
        <line num="60" count="0" type="stmt"/>
        <line num="61" count="0" type="stmt"/>
        <line num="62" count="0" type="stmt"/>
        <line num="63" count="0" type="stmt"/>
        <line num="64" count="0" type="stmt"/>
        <line num="65" count="0" type="stmt"/>
        <line num="71" count="0" type="stmt"/>
        <line num="72" count="0" type="stmt"/>
        <line num="73" count="0" type="stmt"/>
        <line num="74" count="0" type="stmt"/>
        <line num="75" count="0" type="stmt"/>
        <line num="76" count="0" type="stmt"/>
        <line num="77" count="0" type="stmt"/>
        <line num="84" count="0" type="stmt"/>
        <line num="86" count="0" type="stmt"/>
        <line num="91" count="7" type="cond" truecount="2" falsecount="0"/>
        <line num="92" count="1" type="stmt"/>
        <line num="94" count="6" type="stmt"/>
        <line num="96" count="6" type="stmt"/>
        <line num="97" count="6" type="stmt"/>
        <line num="98" count="0" type="stmt"/>
        <line num="99" count="0" type="stmt"/>
        <line num="101" count="0" type="stmt"/>
        <line num="102" count="0" type="stmt"/>
        <line num="103" count="0" type="stmt"/>
        <line num="104" count="0" type="stmt"/>
        <line num="107" count="0" type="stmt"/>
        <line num="108" count="0" type="stmt"/>
        <line num="109" count="0" type="stmt"/>
        <line num="110" count="0" type="stmt"/>
        <line num="114" count="0" type="stmt"/>
        <line num="115" count="0" type="stmt"/>
        <line num="116" count="0" type="stmt"/>
        <line num="117" count="0" type="stmt"/>
        <line num="118" count="0" type="stmt"/>
        <line num="121" count="0" type="stmt"/>
        <line num="122" count="0" type="stmt"/>
        <line num="124" count="0" type="stmt"/>
        <line num="125" count="0" type="stmt"/>
        <line num="126" count="0" type="stmt"/>
        <line num="127" count="0" type="stmt"/>
        <line num="128" count="0" type="stmt"/>
        <line num="129" count="0" type="stmt"/>
        <line num="130" count="0" type="stmt"/>
        <line num="131" count="0" type="stmt"/>
        <line num="132" count="0" type="stmt"/>
        <line num="133" count="0" type="stmt"/>
        <line num="142" count="0" type="stmt"/>
        <line num="143" count="0" type="stmt"/>
        <line num="144" count="0" type="stmt"/>
        <line num="145" count="0" type="stmt"/>
        <line num="146" count="0" type="stmt"/>
        <line num="147" count="0" type="stmt"/>
        <line num="148" count="0" type="stmt"/>
        <line num="149" count="0" type="stmt"/>
        <line num="150" count="0" type="stmt"/>
        <line num="151" count="0" type="stmt"/>
        <line num="152" count="0" type="stmt"/>
        <line num="163" count="6" type="stmt"/>
        <line num="165" count="6" type="stmt"/>
        <line num="170" count="0" type="stmt"/>
        <line num="191" count="3" type="stmt"/>
        <line num="220" count="66" type="stmt"/>
        <line num="221" count="66" type="stmt"/>
        <line num="249" count="198" type="stmt"/>
        <line num="270" count="3" type="stmt"/>
        <line num="273" count="6" type="stmt"/>
        <line num="277" count="6" type="stmt"/>
        <line num="281" count="6" type="stmt"/>
        <line num="285" count="6" type="stmt"/>
        <line num="286" count="6" type="stmt"/>
        <line num="287" count="6" type="stmt"/>
        <line num="288" count="6" type="stmt"/>
        <line num="291" count="0" type="stmt"/>
        <line num="293" count="0" type="stmt"/>
        <line num="295" count="0" type="stmt"/>
        <line num="297" count="0" type="stmt"/>
        <line num="300" count="0" type="stmt"/>
        <line num="301" count="0" type="stmt"/>
        <line num="302" count="0" type="stmt"/>
        <line num="306" count="0" type="cond" truecount="0" falsecount="2"/>
        <line num="307" count="0" type="cond" truecount="0" falsecount="2"/>
        <line num="308" count="0" type="stmt"/>
        <line num="309" count="0" type="stmt"/>
        <line num="310" count="0" type="stmt"/>
        <line num="311" count="0" type="stmt"/>
        <line num="312" count="0" type="stmt"/>
        <line num="316" count="0" type="cond" truecount="0" falsecount="2"/>
        <line num="324" count="0" type="stmt"/>
        <line num="325" count="0" type="cond" truecount="0" falsecount="2"/>
        <line num="329" count="0" type="stmt"/>
        <line num="332" count="0" type="cond" truecount="0" falsecount="2"/>
        <line num="333" count="0" type="stmt"/>
        <line num="335" count="0" type="stmt"/>
        <line num="336" count="0" type="stmt"/>
        <line num="337" count="0" type="stmt"/>
        <line num="338" count="0" type="stmt"/>
        <line num="339" count="0" type="stmt"/>
        <line num="342" count="0" type="stmt"/>
        <line num="345" count="0" type="stmt"/>
        <line num="348" count="0" type="stmt"/>
        <line num="349" count="0" type="stmt"/>
        <line num="350" count="0" type="stmt"/>
        <line num="352" count="0" type="stmt"/>
        <line num="355" count="0" type="stmt"/>
        <line num="356" count="0" type="cond" truecount="0" falsecount="2"/>
        <line num="357" count="0" type="stmt"/>
        <line num="358" count="0" type="stmt"/>
        <line num="359" count="0" type="cond" truecount="0" falsecount="2"/>
        <line num="364" count="0" type="stmt"/>
        <line num="367" count="0" type="stmt"/>
        <line num="380" count="0" type="cond" truecount="0" falsecount="2"/>
        <line num="381" count="0" type="stmt"/>
        <line num="382" count="0" type="stmt"/>
        <line num="383" count="0" type="stmt"/>
        <line num="384" count="0" type="stmt"/>
        <line num="385" count="0" type="stmt"/>
        <line num="386" count="0" type="stmt"/>
        <line num="399" count="0" type="stmt"/>
        <line num="402" count="0" type="stmt"/>
        <line num="403" count="0" type="stmt"/>
      </file>
      <file name="syntaxModesRules.js" path="/home/capybara/repos/hedyc/__tmp__/static/js/syntaxModesRules.js">
        <metrics statements="40" coveredstatements="40" conditionals="13" coveredconditionals="10" methods="11" coveredmethods="11"/>
        <line num="1" count="381" type="stmt"/>
        <line num="2" count="381" type="cond" truecount="3" falsecount="0"/>
        <line num="3" count="762" type="cond" truecount="3" falsecount="1"/>
        <line num="5" count="381" type="stmt"/>
        <line num="6" count="381" type="stmt"/>
        <line num="7" count="381" type="stmt"/>
        <line num="8" count="381" type="stmt"/>
        <line num="9" count="381" type="stmt"/>
        <line num="17" count="381" type="stmt"/>
        <line num="18" count="381" type="stmt"/>
        <line num="19" count="381" type="cond" truecount="1" falsecount="1"/>
        <line num="23" count="381" type="stmt"/>
        <line num="25" count="381" type="stmt"/>
        <line num="26" count="381" type="stmt"/>
        <line num="27" count="381" type="stmt"/>
        <line num="31" count="381" type="cond" truecount="1" falsecount="1"/>
        <line num="32" count="381" type="stmt"/>
        <line num="34" count="6858" type="stmt"/>
        <line num="35" count="33" type="stmt"/>
        <line num="36" count="33" type="stmt"/>
        <line num="37" count="33" type="stmt"/>
        <line num="39" count="33" type="stmt"/>
        <line num="43" count="33" type="stmt"/>
        <line num="45" count="33" type="stmt"/>
        <line num="48" count="33" type="stmt"/>
        <line num="53" count="381" type="stmt"/>
        <line num="54" count="6858" type="stmt"/>
        <line num="55" count="6858" type="stmt"/>
        <line num="59" count="381" type="stmt"/>
        <line num="62" count="806196" type="cond" truecount="2" falsecount="0"/>
        <line num="63" count="17526" type="stmt"/>
        <line num="64" count="17526" type="stmt"/>
        <line num="65" count="17526" type="stmt"/>
        <line num="66" count="805815" type="stmt"/>
        <line num="71" count="788670" type="stmt"/>
        <line num="76" count="381" type="stmt"/>
        <line num="77" count="381" type="stmt"/>
        <line num="78" count="17526" type="stmt"/>
        <line num="79" count="17526" type="stmt"/>
        <line num="80" count="17526" type="stmt"/>
      </file>
      <file name="tabs.js" path="/home/capybara/repos/hedyc/__tmp__/static/js/tabs.js">
        <metrics statements="49" coveredstatements="42" conditionals="69" coveredconditionals="42" methods="8" coveredmethods="7"/>
        <line num="1" count="381" type="cond" truecount="1" falsecount="1"/>
        <line num="2" count="381" type="stmt"/>
        <line num="3" count="381" type="stmt"/>
        <line num="4" count="381" type="stmt"/>
        <line num="5" count="381" type="stmt"/>
        <line num="6" count="381" type="stmt"/>
        <line num="7" count="381" type="stmt"/>
        <line num="8" count="381" type="stmt"/>
        <line num="31" count="1" type="stmt"/>
        <line num="32" count="1" type="stmt"/>
        <line num="33" count="1" type="stmt"/>
        <line num="36" count="0" type="stmt"/>
        <line num="42" count="1" type="cond" truecount="1" falsecount="1"/>
        <line num="43" count="1" type="cond" truecount="2" falsecount="0"/>
        <line num="49" count="381" type="cond" truecount="4" falsecount="2"/>
        <line num="50" count="381" type="cond" truecount="1" falsecount="5"/>
        <line num="54" count="0" type="stmt"/>
        <line num="55" count="0" type="cond" truecount="0" falsecount="2"/>
        <line num="61" count="381" type="stmt"/>
        <line num="62" count="381" type="cond" truecount="2" falsecount="0"/>
        <line num="67" count="381" type="stmt"/>
        <line num="69" count="4" type="stmt"/>
        <line num="71" count="381" type="stmt"/>
        <line num="76" count="23" type="stmt"/>
        <line num="80" count="23" type="stmt"/>
        <line num="81" count="23" type="stmt"/>
        <line num="82" count="23" type="stmt"/>
        <line num="83" count="23" type="stmt"/>
        <line num="91" count="23" type="stmt"/>
        <line num="93" count="23" type="stmt"/>
        <line num="94" count="23" type="stmt"/>
        <line num="96" count="23" type="stmt"/>
        <line num="97" count="23" type="stmt"/>
        <line num="99" count="23" type="stmt"/>
        <line num="103" count="23" type="stmt"/>
        <line num="104" count="23" type="cond" truecount="3" falsecount="0"/>
        <line num="105" count="180" type="stmt"/>
        <line num="108" count="23" type="cond" truecount="2" falsecount="0"/>
        <line num="118" count="23" type="cond" truecount="1" falsecount="1"/>
        <line num="120" count="0" type="stmt"/>
        <line num="123" count="23" type="cond" truecount="4" falsecount="2"/>
        <line num="124" count="0" type="stmt"/>
        <line num="125" count="23" type="cond" truecount="1" falsecount="4"/>
        <line num="129" count="0" type="stmt"/>
        <line num="130" count="23" type="cond" truecount="1" falsecount="4"/>
        <line num="134" count="0" type="stmt"/>
        <line num="138" count="23" type="stmt"/>
        <line num="139" count="23" type="cond" truecount="2" falsecount="0"/>
        <line num="150" count="23" type="cond" truecount="3" falsecount="0"/>
      </file>
      <file name="teachers.js" path="/home/capybara/repos/hedyc/__tmp__/static/js/teachers.js">
        <metrics statements="257" coveredstatements="179" conditionals="90" coveredconditionals="39" methods="117" coveredmethods="62"/>
        <line num="1" count="381" type="stmt"/>
        <line num="2" count="381" type="cond" truecount="3" falsecount="0"/>
        <line num="3" count="381" type="cond" truecount="3" falsecount="1"/>
        <line num="5" count="381" type="stmt"/>
        <line num="6" count="381" type="stmt"/>
        <line num="7" count="381" type="stmt"/>
        <line num="8" count="381" type="stmt"/>
        <line num="9" count="381" type="stmt"/>
        <line num="10" count="381" type="stmt"/>
        <line num="11" count="381" type="stmt"/>
        <line num="13" count="19" type="stmt"/>
        <line num="14" count="18" type="stmt"/>
        <line num="23" count="18" type="cond" truecount="1" falsecount="1"/>
        <line num="30" count="0" type="stmt"/>
        <line num="34" count="381" type="stmt"/>
        <line num="36" count="0" type="stmt"/>
        <line num="37" count="0" type="stmt"/>
        <line num="46" count="0" type="cond" truecount="0" falsecount="2"/>
        <line num="53" count="0" type="stmt"/>
        <line num="57" count="381" type="stmt"/>
        <line num="59" count="2" type="stmt"/>
        <line num="60" count="1" type="stmt"/>
        <line num="70" count="0" type="cond" truecount="0" falsecount="2"/>
        <line num="77" count="1" type="stmt"/>
        <line num="81" count="381" type="stmt"/>
        <line num="83" count="0" type="stmt"/>
        <line num="84" count="0" type="stmt"/>
        <line num="90" count="0" type="cond" truecount="0" falsecount="2"/>
        <line num="97" count="0" type="stmt"/>
        <line num="101" count="381" type="stmt"/>
        <line num="103" count="0" type="stmt"/>
        <line num="113" count="0" type="cond" truecount="0" falsecount="2"/>
        <line num="120" count="0" type="cond" truecount="0" falsecount="2"/>
        <line num="121" count="0" type="stmt"/>
        <line num="122" count="0" type="stmt"/>
        <line num="127" count="0" type="stmt"/>
        <line num="131" count="381" type="stmt"/>
        <line num="133" count="1" type="stmt"/>
        <line num="134" count="1" type="stmt"/>
        <line num="144" count="1" type="stmt"/>
        <line num="146" count="0" type="stmt"/>
        <line num="150" count="381" type="stmt"/>
        <line num="152" count="0" type="stmt"/>
        <line num="153" count="0" type="stmt"/>
        <line num="163" count="0" type="stmt"/>
        <line num="165" count="0" type="stmt"/>
        <line num="169" count="381" type="stmt"/>
        <line num="171" count="0" type="stmt"/>
        <line num="172" count="0" type="stmt"/>
        <line num="178" count="0" type="cond" truecount="0" falsecount="2"/>
        <line num="185" count="0" type="stmt"/>
        <line num="189" count="381" type="stmt"/>
        <line num="191" count="1" type="stmt"/>
        <line num="192" count="1" type="stmt"/>
        <line num="201" count="1" type="stmt"/>
        <line num="203" count="0" type="stmt"/>
        <line num="207" count="381" type="stmt"/>
        <line num="210" count="1" type="stmt"/>
        <line num="211" count="1" type="stmt"/>
        <line num="212" count="1" type="stmt"/>
        <line num="213" count="1" type="stmt"/>
        <line num="216" count="1" type="stmt"/>
        <line num="217" count="1" type="stmt"/>
        <line num="218" count="0" type="stmt"/>
        <line num="234" count="1" type="stmt"/>
        <line num="236" count="0" type="stmt"/>
        <line num="240" count="2" type="cond" truecount="1" falsecount="1"/>
        <line num="242" count="1" type="stmt"/>
        <line num="249" count="381" type="stmt"/>
        <line num="251" count="1" type="stmt"/>
        <line num="252" count="1" type="cond" truecount="1" falsecount="1"/>
        <line num="253" count="0" type="stmt"/>
        <line num="255" count="1" type="stmt"/>
        <line num="256" count="1" type="cond" truecount="1" falsecount="1"/>
        <line num="257" count="0" type="stmt"/>
        <line num="259" count="1" type="stmt"/>
        <line num="260" count="1" type="stmt"/>
        <line num="266" count="1" type="stmt"/>
        <line num="267" count="1" type="stmt"/>
        <line num="268" count="1" type="stmt"/>
        <line num="270" count="1" type="stmt"/>
        <line num="274" count="1" type="stmt"/>
        <line num="278" count="1" type="stmt"/>
        <line num="280" count="1" type="stmt"/>
        <line num="289" count="1" type="stmt"/>
        <line num="291" count="0" type="stmt"/>
        <line num="294" count="381" type="stmt"/>
        <line num="296" count="2" type="stmt"/>
        <line num="297" count="1" type="stmt"/>
        <line num="303" count="1" type="stmt"/>
        <line num="305" count="0" type="stmt"/>
        <line num="309" count="381" type="stmt"/>
        <line num="311" count="0" type="stmt"/>
        <line num="312" count="0" type="stmt"/>
        <line num="313" count="0" type="stmt"/>
[...]
        <metrics statements="261" coveredstatements="177" conditionals="439" coveredconditionals="184" methods="30" coveredmethods="16"/>
        <line num="21" count="762" type="cond" truecount="1" falsecount="1"/>
        <line num="31" count="381" type="stmt"/>
        <line num="32" count="381" type="cond" truecount="1" falsecount="1"/>
        <line num="36" count="0" type="stmt"/>
        <line num="42" count="381" type="stmt"/>
        <line num="43" count="381" type="stmt"/>
        <line num="44" count="381" type="cond" truecount="2" falsecount="1"/>
        <line num="51" count="381" type="cond" truecount="1" falsecount="1"/>
        <line num="53" count="381" type="stmt"/>
        <line num="54" count="381" type="stmt"/>
        <line num="56" count="383" type="stmt"/>
        <line num="63" count="0" type="stmt"/>
        <line num="70" count="381" type="cond" truecount="3" falsecount="3"/>
        <line num="71" count="381" type="stmt"/>
        <line num="85" count="381" type="cond" truecount="4" falsecount="1"/>
        <line num="88" count="0" type="stmt"/>
        <line num="93" count="381" type="stmt"/>
        <line num="95" count="381" type="stmt"/>
        <line num="106" count="381" type="stmt"/>
        <line num="108" count="381" type="stmt"/>
        <line num="110" count="381" type="stmt"/>
        <line num="111" count="381" type="stmt"/>
        <line num="112" count="381" type="stmt"/>
        <line num="113" count="381" type="stmt"/>
        <line num="121" count="381" type="cond" truecount="1" falsecount="1"/>
        <line num="122" count="381" type="stmt"/>
        <line num="123" count="381" type="cond" truecount="3" falsecount="0"/>
        <line num="128" count="381" type="stmt"/>
        <line num="132" count="381" type="cond" truecount="1" falsecount="1"/>
        <line num="139" count="381" type="stmt"/>
        <line num="140" count="381" type="stmt"/>
        <line num="142" count="381" type="stmt"/>
        <line num="143" count="381" type="stmt"/>
        <line num="144" count="381" type="cond" truecount="1" falsecount="1"/>
        <line num="147" count="381" type="stmt"/>
        <line num="152" count="381" type="stmt"/>
        <line num="165" count="2286" type="stmt"/>
        <line num="167" count="381" type="stmt"/>
        <line num="175" count="381" type="stmt"/>
        <line num="176" count="381" type="stmt"/>
        <line num="185" count="381" type="stmt"/>
        <line num="186" count="381" type="stmt"/>
        <line num="199" count="381" type="stmt"/>
        <line num="223" count="381" type="stmt"/>
        <line num="226" count="381" type="stmt"/>
        <line num="229" count="381" type="stmt"/>
        <line num="232" count="381" type="stmt"/>
        <line num="235" count="381" type="stmt"/>
        <line num="240" count="381" type="stmt"/>
        <line num="243" count="381" type="stmt"/>
        <line num="246" count="381" type="stmt"/>
        <line num="250" count="381" type="stmt"/>
        <line num="256" count="381" type="stmt"/>
        <line num="260" count="381" type="stmt"/>
        <line num="264" count="381" type="stmt"/>
        <line num="267" count="381" type="stmt"/>
        <line num="270" count="381" type="stmt"/>
        <line num="274" count="381" type="stmt"/>
        <line num="277" count="381" type="stmt"/>
        <line num="280" count="381" type="stmt"/>
        <line num="281" count="381" type="stmt"/>
        <line num="310" count="381" type="stmt"/>
        <line num="311" count="381" type="stmt"/>
        <line num="321" count="381" type="stmt"/>
        <line num="322" count="381" type="stmt"/>
        <line num="339" count="381" type="stmt"/>
        <line num="340" count="381" type="stmt"/>
        <line num="341" count="381" type="stmt"/>
        <line num="343" count="381" type="stmt"/>
        <line num="344" count="381" type="stmt"/>
        <line num="347" count="381" type="stmt"/>
        <line num="348" count="381" type="stmt"/>
        <line num="349" count="381" type="stmt"/>
        <line num="350" count="381" type="stmt"/>
        <line num="353" count="381" type="stmt"/>
        <line num="358" count="381" type="stmt"/>
        <line num="360" count="381" type="stmt"/>
        <line num="361" count="0" type="cond" truecount="0" falsecount="2"/>
        <line num="370" count="381" type="stmt"/>
        <line num="371" count="2" type="cond" truecount="2" falsecount="1"/>
        <line num="455" count="0" type="stmt"/>
        <line num="548" count="381" type="stmt"/>
        <line num="556" count="381" type="stmt"/>
        <line num="566" count="381" type="stmt"/>
        <line num="567" count="381" type="stmt"/>
        <line num="570" count="381" type="stmt"/>
        <line num="571" count="381" type="stmt"/>
        <line num="581" count="381" type="stmt"/>
        <line num="582" count="6" type="stmt"/>
        <line num="586" count="6" type="cond" truecount="2" falsecount="1"/>
        <line num="593" count="6" type="stmt"/>
        <line num="594" count="6" type="stmt"/>
        <line num="596" count="6" type="cond" truecount="1" falsecount="1"/>
        <line num="600" count="0" type="cond" truecount="0" falsecount="2"/>
        <line num="620" count="6" type="cond" truecount="1" falsecount="1"/>
        <line num="624" count="0" type="cond" truecount="0" falsecount="2"/>
        <line num="639" count="6" type="cond" truecount="1" falsecount="1"/>
        <line num="650" count="6" type="cond" truecount="1" falsecount="1"/>
        <line num="654" count="0" type="stmt"/>
        <line num="661" count="6" type="stmt"/>
        <line num="671" count="6" type="stmt"/>
        <line num="680" count="0" type="stmt"/>
        <line num="688" count="381" type="stmt"/>
        <line num="689" count="0" type="stmt"/>
        <line num="690" count="0" type="stmt"/>
        <line num="692" count="0" type="stmt"/>
        <line num="694" count="0" type="stmt"/>
        <line num="695" count="0" type="stmt"/>
        <line num="697" count="0" type="stmt"/>
        <line num="708" count="381" type="stmt"/>
        <line num="709" count="2" type="stmt"/>
        <line num="710" count="2" type="stmt"/>
        <line num="715" count="0" type="stmt"/>
        <line num="724" count="2" type="cond" truecount="2" falsecount="2"/>
        <line num="725" count="0" type="cond" truecount="0" falsecount="4"/>
        <line num="726" count="0" type="stmt"/>
        <line num="727" count="0" type="stmt"/>
        <line num="730" count="0" type="stmt"/>
        <line num="731" count="0" type="stmt"/>
        <line num="743" count="381" type="stmt"/>
        <line num="745" count="2" type="stmt"/>
        <line num="746" count="2" type="stmt"/>
        <line num="748" count="2" type="cond" truecount="1" falsecount="1"/>
        <line num="749" count="0" type="stmt"/>
        <line num="752" count="2" type="stmt"/>
        <line num="753" count="2" type="cond" truecount="1" falsecount="1"/>
        <line num="756" count="2" type="cond" truecount="1" falsecount="1"/>
        <line num="764" count="2" type="cond" truecount="1" falsecount="1"/>
        <line num="771" count="2" type="cond" truecount="1" falsecount="1"/>
        <line num="772" count="2" type="stmt"/>
        <line num="773" count="2" type="stmt"/>
        <line num="778" count="2" type="cond" truecount="3" falsecount="1"/>
        <line num="779" count="0" type="stmt"/>
        <line num="780" count="0" type="stmt"/>
        <line num="781" count="0" type="cond" truecount="0" falsecount="2"/>
        <line num="787" count="2" type="cond" truecount="1" falsecount="1"/>
        <line num="797" count="2" type="cond" truecount="1" falsecount="1"/>
        <line num="813" count="381" type="stmt"/>
        <line num="814" count="2" type="stmt"/>
        <line num="829" count="381" type="stmt"/>
        <line num="830" count="14" type="stmt"/>
        <line num="849" count="381" type="stmt"/>
        <line num="850" count="26" type="cond" truecount="2" falsecount="2"/>
        <line num="866" count="381" type="stmt"/>
        <line num="867" count="64" type="cond" truecount="1" falsecount="1"/>
        <line num="872" count="0" type="stmt"/>
        <line num="886" count="381" type="stmt"/>
        <line num="887" count="14" type="stmt"/>
        <line num="899" count="14" type="cond" truecount="1" falsecount="1"/>
        <line num="900" count="0" type="stmt"/>
        <line num="905" count="14" type="stmt"/>
        <line num="926" count="14" type="cond" truecount="1" falsecount="1"/>
        <line num="930" count="0" type="stmt"/>
        <line num="935" count="14" type="cond" truecount="3" falsecount="1"/>
        <line num="937" count="0" type="cond" truecount="0" falsecount="4"/>
        <line num="938" count="0" type="cond" truecount="0" falsecount="2"/>
        <line num="939" count="0" type="cond" truecount="0" falsecount="2"/>
        <line num="941" count="0" type="cond" truecount="0" falsecount="4"/>
        <line num="942" count="0" type="stmt"/>
        <line num="944" count="0" type="stmt"/>
        <line num="945" count="0" type="stmt"/>
        <line num="953" count="0" type="cond" truecount="0" falsecount="8"/>
        <line num="976" count="14" type="stmt"/>
        <line num="1011" count="381" type="stmt"/>
        <line num="1013" count="2" type="cond" truecount="1" falsecount="1"/>
        <line num="1018" count="0" type="stmt"/>
        <line num="1025" count="2" type="cond" truecount="1" falsecount="1"/>
        <line num="1031" count="2" type="cond" truecount="3" falsecount="1"/>
        <line num="1034" count="2" type="cond" truecount="3" falsecount="1"/>
        <line num="1035" count="0" type="cond" truecount="0" falsecount="2"/>
        <line num="1060" count="2" type="cond" truecount="1" falsecount="1"/>
        <line num="1067" count="0" type="cond" truecount="0" falsecount="2"/>
        <line num="1073" count="0" type="cond" truecount="0" falsecount="2"/>
        <line num="1083" count="0" type="cond" truecount="0" falsecount="2"/>
        <line num="1090" count="0" type="cond" truecount="0" falsecount="2"/>
        <line num="1094" count="0" type="stmt"/>
        <line num="1097" count="2" type="stmt"/>
        <line num="1106" count="381" type="stmt"/>
        <line num="1107" count="0" type="stmt"/>
        <line num="1120" count="381" type="stmt"/>
        <line num="1121" count="14" type="stmt"/>
        <line num="1122" count="14" type="stmt"/>
        <line num="1123" count="14" type="stmt"/>
        <line num="1124" count="14" type="stmt"/>
        <line num="1126" count="14" type="stmt"/>
        <line num="1128" count="14" type="stmt"/>
        <line num="1131" count="14" type="cond" truecount="2" falsecount="0"/>
        <line num="1135" count="6" type="stmt"/>
        <line num="1144" count="6" type="stmt"/>
        <line num="1145" count="2" type="stmt"/>
        <line num="1146" count="2" type="stmt"/>
        <line num="1158" count="2" type="cond" truecount="3" falsecount="1"/>
        <line num="1171" count="2" type="cond" truecount="1" falsecount="1"/>
        <line num="1172" count="0" type="stmt"/>
        <line num="1173" count="0" type="stmt"/>
        <line num="1177" count="2" type="cond" truecount="1" falsecount="1"/>
        <line num="1183" count="2" type="stmt"/>
        <line num="1184" count="2" type="cond" truecount="1" falsecount="1"/>
        <line num="1189" count="2" type="stmt"/>
        <line num="1190" count="2" type="cond" truecount="1" falsecount="1"/>
        <line num="1202" count="6" type="stmt"/>
        <line num="1210" count="381" type="stmt"/>
        <line num="1211" count="0" type="stmt"/>
        <line num="1212" count="0" type="stmt"/>
        <line num="1217" count="0" type="stmt"/>
        <line num="1219" count="0" type="stmt"/>
        <line num="1236" count="0" type="stmt"/>
        <line num="1247" count="381" type="stmt"/>
        <line num="1248" count="2" type="stmt"/>
        <line num="1249" count="2" type="stmt"/>
        <line num="1250" count="2" type="stmt"/>
        <line num="1251" count="2" type="stmt"/>
        <line num="1252" count="2" type="stmt"/>
        <line num="1262" count="2" type="cond" truecount="2" falsecount="2"/>
        <line num="1264" count="0" type="cond" truecount="0" falsecount="2"/>
        <line num="1265" count="0" type="stmt"/>
        <line num="1268" count="0" type="cond" truecount="0" falsecount="2"/>
        <line num="1269" count="0" type="stmt"/>
        <line num="1275" count="2" type="cond" truecount="1" falsecount="1"/>
        <line num="1276" count="0" type="cond" truecount="0" falsecount="2"/>
        <line num="1280" count="0" type="cond" truecount="0" falsecount="2"/>
        <line num="1281" count="0" type="stmt"/>
        <line num="1284" count="0" type="cond" truecount="0" falsecount="2"/>
        <line num="1285" count="0" type="stmt"/>
        <line num="1289" count="0" type="stmt"/>
        <line num="1305" count="2" type="cond" truecount="1" falsecount="1"/>
        <line num="1307" count="0" type="cond" truecount="0" falsecount="2"/>
        <line num="1308" count="0" type="stmt"/>
        <line num="1309" count="0" type="cond" truecount="0" falsecount="4"/>
        <line num="1310" count="0" type="stmt"/>
        <line num="1311" count="2" type="cond" truecount="1" falsecount="1"/>
        <line num="1318" count="0" type="stmt"/>
        <line num="1331" count="2" type="cond" truecount="1" falsecount="1"/>
        <line num="1338" count="0" type="cond" truecount="0" falsecount="4"/>
        <line num="1347" count="2" type="cond" truecount="1" falsecount="1"/>
        <line num="1348" count="0" type="cond" truecount="0" falsecount="4"/>
        <line num="1353" count="2" type="cond" truecount="2" falsecount="1"/>
        <line num="1358" count="2" type="cond" truecount="1" falsecount="1"/>
        <line num="1361" count="2" type="stmt"/>
        <line num="1363" count="14" type="cond" truecount="4" falsecount="0"/>
        <line num="1386" count="2" type="cond" truecount="1" falsecount="1"/>
        <line num="1387" count="0" type="stmt"/>
        <line num="1391" count="2" type="cond" truecount="1" falsecount="1"/>
        <line num="1392" count="0" type="cond" truecount="0" falsecount="2"/>
        <line num="1395" count="0" type="stmt"/>
        <line num="1397" count="0" type="stmt"/>
        <line num="1400" count="0" type="stmt"/>
        <line num="1403" count="0" type="cond" truecount="0" falsecount="2"/>
        <line num="1417" count="2" type="cond" truecount="1" falsecount="1"/>
        <line num="1420" count="2" type="cond" truecount="1" falsecount="1"/>
        <line num="1437" count="0" type="stmt"/>
        <line num="1447" count="0" type="stmt"/>
        <line num="1463" count="0" type="cond" truecount="0" falsecount="2"/>
        <line num="1467" count="0" type="stmt"/>
        <line num="1468" count="0" type="stmt"/>
        <line num="1469" count="0" type="stmt"/>
        <line num="1480" count="0" type="cond" truecount="0" falsecount="2"/>
        <line num="1496" count="0" type="cond" truecount="0" falsecount="2"/>
        <line num="1508" count="0" type="cond" truecount="0" falsecount="2"/>
        <line num="1519" count="0" type="stmt"/>
        <line num="1525" count="762" type="stmt"/>
      </file>
      <file name="regexp.js" path="/home/capybara/repos/hedyc/node_modules/dompurify/src/regexp.js">
        <metrics statements="8" coveredstatements="8" conditionals="6" coveredconditionals="2" methods="1" coveredmethods="1"/>
        <line num="4" count="381" type="stmt"/>
        <line num="5" count="381" type="stmt"/>
        <line num="6" count="381" type="stmt"/>
        <line num="7" count="381" type="stmt"/>
        <line num="8" count="381" type="stmt"/>
        <line num="11" count="381" type="stmt"/>
        <line num="12" count="381" type="stmt"/>
        <line num="13" count="232438" type="cond" truecount="2" falsecount="4"/>
      </file>
      <file name="tags.js" path="/home/capybara/repos/hedyc/node_modules/dompurify/src/tags.js">
        <metrics statements="7" coveredstatements="7" conditionals="0" coveredconditionals="0" methods="0" coveredmethods="0"/>
        <line num="3" count="381" type="stmt"/>
        <line num="124" count="381" type="stmt"/>
        <line num="170" count="381" type="stmt"/>
        <line num="201" count="381" type="stmt"/>
        <line num="227" count="381" type="stmt"/>
        <line num="261" count="381" type="stmt"/>
        <line num="279" count="381" type="stmt"/>
      </file>
      <file name="utils.js" path="/home/capybara/repos/hedyc/node_modules/dompurify/src/utils.js">
        <metrics statements="44" coveredstatements="38" conditionals="28" coveredconditionals="22" methods="12" coveredmethods="6"/>
        <line num="7" count="381" type="stmt"/>
        <line num="9" count="381" type="stmt"/>
        <line num="10" count="381" type="cond" truecount="2" falsecount="0"/>
        <line num="12" count="381" type="cond" truecount="1" falsecount="1"/>
        <line num="14" count="0" type="stmt"/>
        <line num="20" count="0" type="stmt"/>
        <line num="26" count="0" type="stmt"/>
        <line num="32" count="0" type="stmt"/>
        <line num="36" count="381" type="stmt"/>
        <line num="38" count="381" type="stmt"/>
        <line num="39" count="381" type="stmt"/>
        <line num="42" count="381" type="stmt"/>
        <line num="43" count="381" type="stmt"/>
        <line num="44" count="381" type="stmt"/>
        <line num="45" count="381" type="stmt"/>
        <line num="46" count="381" type="stmt"/>
        <line num="48" count="381" type="stmt"/>
        <line num="50" count="381" type="stmt"/>
        <line num="53" count="1144956" type="cond" truecount="2" falsecount="0"/>
        <line num="57" count="381" type="stmt"/>
        <line num="62" count="4580" type="cond" truecount="2" falsecount="0"/>
        <line num="69" count="4580" type="stmt"/>
        <line num="70" count="4580" type="stmt"/>
        <line num="71" count="286163" type="stmt"/>
        <line num="72" count="286163" type="cond" truecount="1" falsecount="1"/>
        <line num="73" count="286163" type="stmt"/>
        <line num="74" count="286163" type="cond" truecount="2" falsecount="0"/>
        <line num="84" count="286163" type="stmt"/>
        <line num="87" count="4580" type="stmt"/>
        <line num="92" count="383" type="stmt"/>
        <line num="94" count="383" type="stmt"/>
        <line num="95" count="383" type="stmt"/>
        <line num="96" count="106299" type="cond" truecount="2" falsecount="0"/>
        <line num="101" count="383" type="stmt"/>
        <line num="109" count="1524" type="stmt"/>
        <line num="110" count="3048" type="stmt"/>
        <line num="111" count="3048" type="cond" truecount="2" falsecount="0"/>
        <line num="112" count="1524" type="cond" truecount="2" falsecount="0"/>
        <line num="113" count="1143" type="stmt"/>
        <line num="116" count="381" type="cond" truecount="1" falsecount="1"/>
        <line num="117" count="381" type="stmt"/>
        <line num="121" count="1524" type="stmt"/>
        <line num="125" count="0" type="stmt"/>
        <line num="129" count="0" type="stmt"/>
      </file>
    </package>
    <package name="node_modules.jszip.dist">
      <metrics statements="2" coveredstatements="2" conditionals="2152" coveredconditionals="64" methods="466" coveredmethods="69"/>
      <file name="jszip.min.js" path="/home/capybara/repos/hedyc/node_modules/jszip/dist/jszip.min.js">
        <metrics statements="2" coveredstatements="2" conditionals="2152" coveredconditionals="64" methods="466" coveredmethods="69"/>
        <line num="1" count="381" type="stmt"/>
        <line num="13" count="780288" type="cond" truecount="64" falsecount="2088"/>
      </file>
    </package>
  </project>
</coverage>
