{"total": {"lines":{"total":6568,"covered":2491,"skipped":0,"pct":37.92},"statements":{"total":9016,"covered":2960,"skipped":0,"pct":32.83},"functions":{"total":2441,"covered":778,"skipped":0,"pct":31.87},"branches":{"total":7852,"covered":1542,"skipped":0,"pct":19.63},"branchesTrue":{"total":0,"covered":0,"skipped":0,"pct":100}}
,"/home/capybara/repos/hedyc/__tmp__/static/js/app.js": {"lines":{"total":636,"covered":255,"skipped":0,"pct":40.09},"functions":{"total":203,"covered":53,"skipped":0,"pct":26.1},"statements":{"total":692,"covered":263,"skipped":0,"pct":38},"branches":{"total":521,"covered":144,"skipped":0,"pct":27.63}}
,"/home/capybara/repos/hedyc/__tmp__/static/js/auth.js": {"lines":{"total":115,"covered":60,"skipped":0,"pct":52.17},"functions":{"total":74,"covered":30,"skipped":0,"pct":40.54},"statements":{"total":142,"covered":68,"skipped":0,"pct":47.88},"branches":{"total":123,"covered":52,"skipped":0,"pct":42.27}}
,"/home/capybara/repos/hedyc/__tmp__/static/js/client-messages.js": {"lines":{"total":7,"covered":7,"skipped":0,"pct":100},"functions":{"total":2,"covered":2,"skipped":0,"pct":100},"statements":{"total":7,"covered":7,"skipped":0,"pct":100},"branches":{"total":4,"covered":3,"skipped":0,"pct":75}}
,"/home/capybara/repos/hedyc/__tmp__/static/js/index.js": {"lines":{"total":18,"covered":17,"skipped":0,"pct":94.44},"functions":{"total":5,"covered":4,"skipped":0,"pct":80},"statements":{"total":20,"covered":19,"skipped":0,"pct":95},"branches":{"total":15,"covered":12,"skipped":0,"pct":80}}
,"/home/capybara/repos/hedyc/__tmp__/static/js/initialize.js": {"lines":{"total":13,"covered":13,"skipped":0,"pct":100},"functions":{"total":2,"covered":2,"skipped":0,"pct":100},"statements":{"total":13,"covered":13,"skipped":0,"pct":100},"branches":{"total":4,"covered":3,"skipped":0,"pct":75}}
,"/home/capybara/repos/hedyc/__tmp__/static/js/logs.js": {"lines":{"total":31,"covered":15,"skipped":0,"pct":48.38},"functions":{"total":17,"covered":6,"skipped":0,"pct":35.29},"statements":{"total":31,"covered":15,"skipped":0,"pct":48.38},"branches":{"total":16,"covered":0,"skipped":0,"pct":0}}
,"/home/capybara/repos/hedyc/__tmp__/static/js/markers.js": {"lines":{"total":44,"covered":22,"skipped":0,"pct":50},"functions":{"total":14,"covered":9,"skipped":0,"pct":64.28},"statements":{"total":55,"covered":28,"skipped":0,"pct":50.9},"branches":{"total":14,"covered":7,"skipped":0,"pct":50}}
,"/home/capybara/repos/hedyc/__tmp__/static/js/message-translations.js": {"lines":{"total":4,"covered":4,"skipped":0,"pct":100},"functions":{"total":1,"covered":1,"skipped":0,"pct":100},"statements":{"total":4,"covered":4,"skipped":0,"pct":100},"branches":{"total":0,"covered":0,"skipped":0,"pct":100}}
,"/home/capybara/repos/hedyc/__tmp__/static/js/modal.js": {"lines":{"total":52,"covered":35,"skipped":0,"pct":67.3},"functions":{"total":39,"covered":23,"skipped":0,"pct":58.97},"statements":{"total":55,"covered":37,"skipped":0,"pct":67.27},"branches":{"total":52,"covered":24,"skipped":0,"pct":46.15}}
,"/home/capybara/repos/hedyc/__tmp__/static/js/parsons.js": {"lines":{"total":42,"covered":7,"skipped":0,"pct":16.66},"functions":{"total":15,"covered":1,"skipped":0,"pct":6.66},"statements":{"total":52,"covered":7,"skipped":0,"pct":13.46},"branches":{"total":6,"covered":0,"skipped":0,"pct":0}}
,"/home/capybara/repos/hedyc/__tmp__/static/js/pythonPrefixes.js": {"lines":{"total":4,"covered":4,"skipped":0,"pct":100},"functions":{"total":0,"covered":0,"skipped":0,"pct":100},"statements":{"total":4,"covered":4,"skipped":0,"pct":100},"branches":{"total":0,"covered":0,"skipped":0,"pct":100}}
,"/home/capybara/repos/hedyc/__tmp__/static/js/quiz.js": {"lines":{"total":62,"covered":11,"skipped":0,"pct":17.74},"functions":{"total":28,"covered":2,"skipped":0,"pct":7.14},"statements":{"total":63,"covered":11,"skipped":0,"pct":17.46},"branches":{"total":32,"covered":0,"skipped":0,"pct":0}}
,"/home/capybara/repos/hedyc/__tmp__/static/js/state.js": {"lines":{"total":21,"covered":20,"skipped":0,"pct":95.23},"functions":{"total":8,"covered":7,"skipped":0,"pct":87.5},"statements":{"total":25,"covered":24,"skipped":0,"pct":96},"branches":{"total":6,"covered":5,"skipped":0,"pct":83.33}}
,"/home/capybara/repos/hedyc/__tmp__/static/js/statistics.js": {"lines":{"total":160,"covered":30,"skipped":0,"pct":18.75},"functions":{"total":45,"covered":12,"skipped":0,"pct":26.66},"statements":{"total":180,"covered":30,"skipped":0,"pct":16.66},"branches":{"total":34,"covered":6,"skipped":0,"pct":17.64}}
,"/home/capybara/repos/hedyc/__tmp__/static/js/syntaxModesRules.js": {"lines":{"total":40,"covered":40,"skipped":0,"pct":100},"functions":{"total":11,"covered":11,"skipped":0,"pct":100},"statements":{"total":42,"covered":42,"skipped":0,"pct":100},"branches":{"total":13,"covered":10,"skipped":0,"pct":76.92}}
,"/home/capybara/repos/hedyc/__tmp__/static/js/tabs.js": {"lines":{"total":49,"covered":42,"skipped":0,"pct":85.71},"functions":{"total":8,"covered":7,"skipped":0,"pct":87.5},"statements":{"total":51,"covered":42,"skipped":0,"pct":82.35},"branches":{"total":69,"covered":42,"skipped":0,"pct":60.86}}
,"/home/capybara/repos/hedyc/__tmp__/static/js/teachers.js": {"lines":{"total":257,"covered":179,"skipped":0,"pct":69.64},"functions":{"total":117,"covered":62,"skipped":0,"pct":52.99},"statements":{"total":278,"covered":199,"skipped":0,"pct":71.58},"branches":{"total":90,"covered":39,"skipped":0,"pct":43.33}}
,"/home/capybara/repos/hedyc/__tmp__/static/js/tutorials/intro.js": {"lines":{"total":28,"covered":14,"skipped":0,"pct":50},"functions":{"total":26,"covered":9,"skipped":0,"pct":34.61},"statements":{"total":33,"covered":17,"skipped":0,"pct":51.51},"branches":{"total":50,"covered":18,"skipped":0,"pct":36}}
,"/home/capybara/repos/hedyc/__tmp__/static/js/tutorials/level1.js": {"lines":{"total":10,"covered":8,"skipped":0,"pct":80},"functions":{"total":3,"covered":1,"skipped":0,"pct":33.33},"statements":{"total":10,"covered":8,"skipped":0,"pct":80},"branches":{"total":7,"covered":0,"skipped":0,"pct":0}}
,"/home/capybara/repos/hedyc/__tmp__/static/js/tutorials/teacher.js": {"lines":{"total":16,"covered":8,"skipped":0,"pct":50},"functions":{"total":11,"covered":1,"skipped":0,"pct":9.09},"statements":{"total":17,"covered":8,"skipped":0,"pct":47.05},"branches":{"total":14,"covered":0,"skipped":0,"pct":0}}
,"/home/capybara/repos/hedyc/__tmp__/static/js/tutorials/tutorial.js": {"lines":{"total":18,"covered":14,"skipped":0,"pct":77.77},"functions":{"total":8,"covered":4,"skipped":0,"pct":50},"statements":{"total":18,"covered":14,"skipped":0,"pct":77.77},"branches":{"total":8,"covered":1,"skipped":0,"pct":12.5}}
,"/home/capybara/repos/hedyc/__tmp__/static/js/tutorials/utils.js": {"lines":{"total":18,"covered":17,"skipped":0,"pct":94.44},"functions":{"total":7,"covered":6,"skipped":0,"pct":85.71},"statements":{"total":18,"covered":17,"skipped":0,"pct":94.44},"branches":{"total":4,"covered":3,"skipped":0,"pct":75}}
,"/home/capybara/repos/hedyc/node_modules/chart.js/dist/chart.js": {"lines":{"total":4597,"covered":1433,"skipped":0,"pct":31.17},"functions":{"total":1288,"covered":433,"skipped":0,"pct":33.61},"statements":{"total":4761,"covered":1482,"skipped":0,"pct":31.12},"branches":{"total":4145,"covered":901,"skipped":0,"pct":21.73}}
,"/home/capybara/repos/hedyc/node_modules/dompurify/src/attrs.js": {"lines":{"total":4,"covered":4,"skipped":0,"pct":100},"functions":{"total":0,"covered":0,"skipped":0,"pct":100},"statements":{"total":4,"covered":4,"skipped":0,"pct":100},"branches":{"total":0,"covered":0,"skipped":0,"pct":100}}
,"/home/capybara/repos/hedyc/node_modules/dompurify/src/purify.js": {"lines":{"total":261,"covered":177,"skipped":0,"pct":67.81},"functions":{"total":30,"covered":16,"skipped":0,"pct":53.33},"statements":{"total":278,"covered":192,"skipped":0,"pct":69.06},"branches":{"total":439,"covered":184,"skipped":0,"pct":41.91}}
,"/home/capybara/repos/hedyc/node_modules/dompurify/src/regexp.js": {"lines":{"total":8,"covered":8,"skipped":0,"pct":100},"functions":{"total":1,"covered":1,"skipped":0,"pct":100},"statements":{"total":8,"covered":8,"skipped":0,"pct":100},"branches":{"total":6,"covered":2,"skipped":0,"pct":33.33}}
,"/home/capybara/repos/hedyc/node_modules/dompurify/src/tags.js": {"lines":{"total":7,"covered":7,"skipped":0,"pct":100},"functions":{"total":0,"covered":0,"skipped":0,"pct":100},"statements":{"total":7,"covered":7,"skipped":0,"pct":100},"branches":{"total":0,"covered":0,"skipped":0,"pct":100}}
,"/home/capybara/repos/hedyc/node_modules/dompurify/src/utils.js": {"lines":{"total":44,"covered":38,"skipped":0,"pct":86.36},"functions":{"total":12,"covered":6,"skipped":0,"pct":50},"statements":{"total":58,"covered":49,"skipped":0,"pct":84.48},"branches":{"total":28,"covered":22,"skipped":0,"pct":78.57}}
,"/home/capybara/repos/hedyc/node_modules/jszip/dist/jszip.min.js": {"lines":{"total":2,"covered":2,"skipped":0,"pct":100},"functions":{"total":466,"covered":69,"skipped":0,"pct":14.8},"statements":{"total":2090,"covered":341,"skipped":0,"pct":16.31},"branches":{"total":2152,"covered":64,"skipped":0,"pct":2.97}}
}
