TN:
SF:../__tmp__/static/js/app.js
FN:1,(anonymous_575)
FN:2,(anonymous_576)
FN:3,(anonymous_577)
FN:13,(anonymous_578)
FN:14,f
FN:14,(anonymous_580)
FN:15,(anonymous_581)
FN:16,b
FN:17,I
FN:18,y
FN:22,(anonymous_585)
FN:23,(anonymous_586)
FN:24,(anonymous_587)
FN:25,b
FN:25,(anonymous_589)
FN:26,I
FN:49,(anonymous_591)
FN:74,$h
FN:80,(anonymous_593)
FN:87,(anonymous_594)
FN:125,(anonymous_595)
FN:147,_
FN:169,(anonymous_597)
FN:176,(anonymous_598)
FN:194,(anonymous_599)
FN:204,(anonymous_600)
FN:214,(anonymous_601)
FN:224,(anonymous_602)
FN:232,fa
FN:236,ui
FN:242,vo
FN:269,Ul
FN:285,ci
FN:346,(anonymous_608)
FN:366,(anonymous_609)
FN:373,(anonymous_610)
FN:389,Rh
FN:400,(anonymous_612)
FN:425,Er
FN:439,(anonymous_614)
FN:446,jh
FN:464,ur
FN:468,(anonymous_617)
FN:476,(anonymous_618)
FN:484,Vl
FN:485,(anonymous_620)
FN:486,(anonymous_621)
FN:501,Fh
FN:502,(anonymous_623)
FN:506,(anonymous_624)
FN:507,(anonymous_625)
FN:511,(anonymous_626)
FN:517,ql
FN:524,Bh
FN:536,ga
FN:558,(anonymous_630)
FN:563,(anonymous_631)
FN:585,(anonymous_632)
FN:590,(anonymous_633)
FN:600,Yl
FN:610,(anonymous_635)
FN:612,(anonymous_636)
FN:620,(anonymous_637)
FN:622,(anonymous_638)
FN:643,Gh
FN:644,(anonymous_640)
FN:645,(anonymous_641)
FN:656,Xl
FN:660,Zl
FN:682,Wh
FN:692,(anonymous_645)
FN:703,(anonymous_646)
FN:708,Uh
FN:709,(anonymous_648)
FN:718,(anonymous_649)
FN:726,(anonymous_650)
FN:732,Hh
FN:738,Vh
FN:739,(anonymous_653)
FN:748,(anonymous_654)
FN:751,(anonymous_655)
FN:757,qh
FN:766,Yh
FN:775,(anonymous_658)
FN:780,(anonymous_659)
FN:785,Xh
FN:790,(anonymous_661)
FN:800,(anonymous_662)
FN:810,(anonymous_663)
FN:816,Zh
FN:817,(anonymous_665)
FN:826,(anonymous_666)
FN:828,(anonymous_667)
FN:834,Kh
FN:860,Jh
FN:874,(anonymous_670)
FN:891,Kl
FN:997,(anonymous_672)
FN:1012,(anonymous_673)
FN:1026,(anonymous_674)
FN:1029,(anonymous_675)
FN:1032,(anonymous_676)
FN:1059,(anonymous_677)
FN:1075,N
FN:1079,A
FN:1085,j
FN:1089,U
FN:1094,(anonymous_682)
FN:1111,G
FN:1123,(anonymous_684)
FN:1130,(anonymous_685)
FN:1133,(anonymous_686)
FN:1152,(anonymous_687)
FN:1165,(anonymous_688)
FN:1172,Qh
FN:1186,Jl
FN:1195,(anonymous_691)
FN:1200,e_
FN:1240,t_
FN:1248,Ql
FN:1253,(anonymous_695)
FN:1262,(anonymous_696)
FN:1279,(anonymous_697)
FN:1296,p
FN:1307,(anonymous_699)
FN:1313,n_
FN:1316,(anonymous_701)
FN:1322,r_
FN:1326,o_
FN:1345,eu
FN:1368,i_
FN:1377,tu
FN:1395,a_
FN:1413,s_
FN:1426,l_
FN:1429,u_
FN:1441,(anonymous_711)
FN:1443,(anonymous_712)
FN:1448,c_
FN:1453,(anonymous_714)
FN:1483,ma
FN:1512,p_
FN:1519,(anonymous_717)
FN:1541,d_
FN:1543,(anonymous_719)
FN:1547,h_
FN:1552,__
FN:1558,f_
FN:1564,g_
FN:1572,di
FN:1601,m_
FN:1610,(anonymous_726)
FN:1622,(anonymous_727)
FN:1637,(anonymous_728)
FN:1644,(anonymous_729)
FN:1654,(anonymous_730)
FN:1663,x_
FN:1686,k_
FN:1690,v_
FN:1706,L_
FN:1715,(anonymous_735)
FN:1728,(anonymous_736)
FN:1733,b_
FN:1745,(anonymous_738)
FN:1751,(anonymous_739)
FN:1756,xa
FN:1757,(anonymous_741)
FN:1766,y_
FN:1772,w_
FN:1784,M_
FN:1807,(anonymous_745)
FN:1820,ka
FN:1827,T_
FN:1836,(anonymous_748)
FN:1868,(anonymous_749)
FN:1875,P_
FN:1878,(anonymous_751)
FN:1882,(anonymous_752)
FN:1886,(anonymous_753)
FN:1889,nu
FN:1893,(anonymous_755)
FN:1898,N_
FN:1914,I_
FN:1926,va
FN:1945,ru
FN:1954,ou
FN:1962,(anonymous_761)
FN:1971,La
FN:1985,S_
FN:1992,C_
FN:2002,(anonymous_765)
FN:2004,(anonymous_766)
FN:2014,(anonymous_767)
FN:2018,A_
FN:2021,(anonymous_769)
FN:2042,(anonymous_770)
FN:2048,z_
FN:2055,(anonymous_772)
FN:2060,(anonymous_773)
FN:2062,d
FN:2068,(anonymous_775)
FN:2080,(anonymous_776)
FN:2085,(anonymous_778)
FNF:203
FNH:53
FNDA:381,(anonymous_575)
FNDA:22,(anonymous_576)
FNDA:0,(anonymous_577)
FNDA:0,(anonymous_578)
FNDA:0,f
FNDA:0,(anonymous_580)
FNDA:0,(anonymous_581)
FNDA:0,b
FNDA:0,I
FNDA:0,y
FNDA:0,(anonymous_585)
FNDA:0,(anonymous_586)
FNDA:0,(anonymous_587)
FNDA:0,b
FNDA:0,(anonymous_589)
FNDA:0,I
FNDA:381,(anonymous_591)
FNDA:381,$h
FNDA:1012,(anonymous_593)
FNDA:797,(anonymous_594)
FNDA:0,(anonymous_595)
FNDA:381,_
FNDA:3,(anonymous_597)
FNDA:100,(anonymous_598)
FNDA:45,(anonymous_599)
FNDA:0,(anonymous_600)
FNDA:45,(anonymous_601)
FNDA:639,(anonymous_602)
FNDA:1380,fa
FNDA:104,ui
FNDA:0,vo
FNDA:4,Ul
FNDA:4,ci
FNDA:4,(anonymous_608)
FNDA:0,(anonymous_609)
FNDA:0,(anonymous_610)
FNDA:0,Rh
FNDA:0,(anonymous_612)
FNDA:1,Er
FNDA:0,(anonymous_614)
FNDA:0,jh
FNDA:0,ur
FNDA:0,(anonymous_617)
FNDA:0,(anonymous_618)
FNDA:0,Vl
FNDA:0,(anonymous_620)
FNDA:0,(anonymous_621)
FNDA:0,Fh
FNDA:0,(anonymous_623)
FNDA:0,(anonymous_624)
FNDA:0,(anonymous_625)
FNDA:0,(anonymous_626)
FNDA:5,ql
FNDA:1,Bh
FNDA:0,ga
FNDA:0,(anonymous_630)
FNDA:0,(anonymous_631)
FNDA:0,(anonymous_632)
FNDA:0,(anonymous_633)
FNDA:0,Yl
FNDA:0,(anonymous_635)
FNDA:0,(anonymous_636)
FNDA:0,(anonymous_637)
FNDA:0,(anonymous_638)
FNDA:0,Gh
FNDA:0,(anonymous_640)
FNDA:0,(anonymous_641)
FNDA:0,Xl
FNDA:0,Zl
FNDA:0,Wh
FNDA:0,(anonymous_645)
FNDA:0,(anonymous_646)
FNDA:0,Uh
FNDA:0,(anonymous_648)
FNDA:0,(anonymous_649)
FNDA:0,(anonymous_650)
FNDA:0,Hh
FNDA:0,Vh
FNDA:0,(anonymous_653)
FNDA:0,(anonymous_654)
FNDA:0,(anonymous_655)
FNDA:0,qh
FNDA:0,Yh
FNDA:0,(anonymous_658)
FNDA:0,(anonymous_659)
FNDA:0,Xh
FNDA:0,(anonymous_661)
FNDA:0,(anonymous_662)
FNDA:0,(anonymous_663)
FNDA:0,Zh
FNDA:0,(anonymous_665)
FNDA:0,(anonymous_666)
FNDA:0,(anonymous_667)
FNDA:0,Kh
FNDA:0,Jh
FNDA:0,(anonymous_670)
FNDA:2,Kl
FNDA:0,(anonymous_672)
FNDA:2,(anonymous_673)
FNDA:2,(anonymous_674)
FNDA:0,(anonymous_675)
FNDA:2,(anonymous_676)
FNDA:0,(anonymous_677)
FNDA:0,N
FNDA:2,A
FNDA:2,j
FNDA:24,U
FNDA:0,(anonymous_682)
FNDA:0,G
FNDA:0,(anonymous_684)
FNDA:0,(anonymous_685)
FNDA:0,(anonymous_686)
FNDA:0,(anonymous_687)
FNDA:0,(anonymous_688)
FNDA:0,Qh
FNDA:0,Jl
FNDA:0,(anonymous_691)
FNDA:0,e_
FNDA:0,t_
FNDA:2,Ql
FNDA:0,(anonymous_695)
FNDA:381,(anonymous_696)
FNDA:2632,(anonymous_697)
FNDA:2632,p
FNDA:0,(anonymous_699)
FNDA:4,n_
FNDA:2,(anonymous_701)
FNDA:0,r_
FNDA:0,o_
FNDA:381,eu
FNDA:0,i_
FNDA:2,tu
FNDA:0,a_
FNDA:0,s_
FNDA:0,l_
FNDA:0,u_
FNDA:0,(anonymous_711)
FNDA:0,(anonymous_712)
FNDA:0,c_
FNDA:0,(anonymous_714)
FNDA:4,ma
FNDA:0,p_
FNDA:0,(anonymous_717)
FNDA:0,d_
FNDA:0,(anonymous_719)
FNDA:0,h_
FNDA:0,__
FNDA:1,f_
FNDA:0,g_
FNDA:820,di
FNDA:0,m_
FNDA:0,(anonymous_726)
FNDA:0,(anonymous_727)
FNDA:0,(anonymous_728)
FNDA:0,(anonymous_729)
FNDA:0,(anonymous_730)
FNDA:2,x_
FNDA:1,k_
FNDA:0,v_
FNDA:2,L_
FNDA:2,(anonymous_735)
FNDA:0,(anonymous_736)
FNDA:0,b_
FNDA:0,(anonymous_738)
FNDA:0,(anonymous_739)
FNDA:0,xa
FNDA:0,(anonymous_741)
FNDA:0,y_
FNDA:0,w_
FNDA:0,M_
FNDA:0,(anonymous_745)
FNDA:27,ka
FNDA:0,T_
FNDA:0,(anonymous_748)
FNDA:23,(anonymous_749)
FNDA:23,P_
FNDA:0,(anonymous_751)
FNDA:0,(anonymous_752)
FNDA:0,(anonymous_753)
FNDA:0,nu
FNDA:0,(anonymous_755)
FNDA:0,N_
FNDA:0,I_
FNDA:100,va
FNDA:100,ru
FNDA:0,ou
FNDA:0,(anonymous_761)
FNDA:100,La
FNDA:0,S_
FNDA:0,C_
FNDA:0,(anonymous_765)
FNDA:0,(anonymous_766)
FNDA:0,(anonymous_767)
FNDA:0,A_
FNDA:0,(anonymous_769)
FNDA:0,(anonymous_770)
FNDA:0,z_
FNDA:0,(anonymous_772)
FNDA:381,(anonymous_773)
FNDA:1163,d
FNDA:225,(anonymous_775)
FNDA:1012,(anonymous_776)
FNDA:381,(anonymous_778)
DA:1,381
DA:2,381
DA:3,22
DA:4,0
DA:5,0
DA:6,0
DA:9,0
DA:13,381
DA:14,0
DA:15,0
DA:16,0
DA:17,0
DA:18,0
DA:19,0
DA:22,381
DA:23,0
DA:24,0
DA:25,0
DA:27,0
DA:28,0
DA:29,0
DA:31,0
DA:32,0
DA:33,0
DA:34,0
DA:35,0
DA:37,0
DA:38,0
DA:39,0
DA:40,0
DA:41,0
DA:42,0
DA:44,0
DA:45,0
DA:46,0
DA:49,381
DA:50,381
DA:52,381
DA:53,381
DA:54,381
DA:55,381
DA:56,381
DA:57,381
DA:58,381
DA:59,381
DA:60,381
DA:61,381
DA:67,381
DA:71,381
DA:72,381
DA:73,381
DA:77,381
DA:79,381
DA:80,381
DA:81,1012
DA:88,797
DA:119,797
DA:120,224
DA:121,224
DA:122,224
DA:126,0
DA:132,797
DA:133,797
DA:140,381
DA:141,1012
DA:142,1012
DA:148,381
DA:151,22
DA:152,22
DA:159,22
DA:160,22
DA:161,22
DA:162,22
DA:164,22
DA:165,22
DA:170,3
DA:177,100
DA:194,22
DA:195,45
DA:196,45
DA:197,0
DA:198,0
DA:200,45
DA:201,0
DA:202,0
DA:204,0
DA:205,0
DA:209,45
DA:215,45
DA:216,45
DA:217,0
DA:218,0
DA:224,381
DA:225,639
DA:231,381
DA:233,1380
DA:235,381
DA:239,104
DA:243,0
DA:268,381
DA:270,4
DA:272,4
DA:273,4
DA:274,4
DA:281,4
DA:282,4
DA:286,4
DA:288,0
DA:294,4
DA:303,4
DA:304,4
DA:305,4
DA:306,4
DA:310,0
DA:311,0
DA:313,4
DA:317,0
DA:325,0
DA:327,0
DA:330,4
DA:355,4
DA:356,2
DA:364,2
DA:366,2
DA:368,0
DA:374,0
DA:385,0
DA:388,381
DA:390,0
DA:401,0
DA:407,381
DA:424,381
DA:426,1
DA:427,0
DA:428,0
DA:430,1
DA:440,0
DA:445,381
DA:448,0
DA:449,0
DA:453,0
DA:454,0
DA:455,0
DA:460,0
DA:463,381
DA:465,0
DA:469,0
DA:477,0
DA:483,381
DA:485,0
DA:486,0
DA:487,0
DA:488,0
DA:491,0
DA:494,0
DA:496,0
DA:502,0
DA:503,0
DA:507,0
DA:508,0
DA:512,0
DA:518,5
DA:519,5
DA:525,1
DA:526,1
DA:527,1
DA:535,381
DA:540,0
DA:562,0
DA:563,0
DA:564,0
DA:566,0
DA:569,0
DA:570,0
DA:571,0
DA:586,0
DA:591,0
DA:601,0
DA:602,0
DA:611,0
DA:613,0
DA:621,0
DA:622,0
DA:625,0
DA:635,0
DA:639,381
DA:644,0
DA:645,0
DA:646,0
DA:655,381
DA:657,0
DA:659,381
DA:664,0
DA:683,0
DA:693,0
DA:704,0
DA:707,381
DA:709,0
DA:710,0
DA:719,0
DA:727,0
DA:731,381
DA:733,0
DA:739,0
DA:740,0
DA:749,0
DA:752,0
DA:756,381
DA:760,0
DA:767,0
DA:776,0
DA:781,0
DA:784,381
DA:786,0
DA:787,0
DA:791,0
DA:801,0
DA:811,0
DA:815,381
DA:817,0
DA:818,0
DA:827,0
DA:829,0
DA:833,381
DA:837,0
DA:838,0
DA:843,0
DA:844,0
DA:845,0
DA:856,381
DA:861,0
DA:874,381
DA:875,0
DA:893,2
DA:895,2
DA:896,2
DA:897,2
DA:900,2
DA:901,2
DA:906,2
DA:907,2
DA:908,2
DA:909,2
DA:922,2
DA:932,2
DA:933,0
DA:980,0
DA:981,0
DA:987,2
DA:1001,0
DA:1013,2
DA:1014,2
DA:1027,2
DA:1033,2
DA:1034,2
DA:1046,2
DA:1047,0
DA:1051,0
DA:1053,2
DA:1060,0
DA:1061,0
DA:1076,0
DA:1077,0
DA:1080,2
DA:1086,2
DA:1090,24
DA:1091,2
DA:1092,2
DA:1093,0
DA:1094,0
DA:1097,2
DA:1100,2
DA:1106,22
DA:1107,16
DA:1108,6
DA:1113,0
DA:1114,0
DA:1115,0
DA:1124,0
DA:1125,0
DA:1126,0
DA:1131,0
DA:1134,0
DA:1153,0
DA:1166,0
DA:1171,381
DA:1173,0
DA:1174,0
DA:1175,0
DA:1176,0
DA:1178,0
DA:1179,0
DA:1181,0
DA:1184,0
DA:1187,0
DA:1188,0
DA:1189,0
DA:1190,0
DA:1191,0
DA:1196,0
DA:1201,0
DA:1202,0
DA:1203,0
DA:1204,0
DA:1208,0
DA:1209,0
DA:1219,0
DA:1220,0
DA:1222,0
DA:1223,0
DA:1224,0
DA:1225,0
DA:1226,0
DA:1227,0
DA:1228,0
DA:1229,0
DA:1230,0
DA:1231,0
DA:1241,0
DA:1249,2
DA:1250,2
DA:1253,0
DA:1254,0
DA:1255,0
DA:1256,0
DA:1260,0
DA:1262,381
DA:1266,381
DA:1267,0
DA:1278,381
DA:1279,381
DA:1281,2632
DA:1282,2632
DA:1283,2632
DA:1284,0
DA:1285,0
DA:1286,0
DA:1288,0
DA:1291,2632
DA:1298,2632
DA:1299,2632
DA:1300,0
DA:1302,2632
DA:1304,2632
DA:1307,0
DA:1314,4
DA:1315,2
DA:1316,2
DA:1321,381
DA:1323,0
DA:1325,381
DA:1328,0
DA:1329,0
DA:1337,381
DA:1339,381
DA:1340,381
DA:1346,381
DA:1354,381
DA:1359,381
DA:1360,381
DA:1365,381
DA:1369,0
DA:1370,0
DA:1371,0
DA:1376,381
DA:1378,2
DA:1379,0
DA:1380,0
DA:1381,0
DA:1382,0
DA:1384,0
DA:1388,0
DA:1391,381
DA:1396,0
DA:1397,0
DA:1398,0
DA:1414,0
DA:1415,0
DA:1416,0
DA:1417,0
DA:1418,0
DA:1419,0
DA:1420,0
DA:1421,0
DA:1424,0
DA:1427,0
DA:1430,0
DA:1444,0
DA:1449,0
DA:1450,0
DA:1451,0
DA:1452,0
DA:1455,0
DA:1457,0
DA:1458,0
DA:1463,0
DA:1464,0
DA:1478,0
DA:1484,4
DA:1486,4
DA:1487,4
DA:1490,0
DA:1493,4
DA:1494,4
DA:1495,4
DA:1496,4
DA:1497,4
DA:1498,4
DA:1499,4
DA:1502,4
DA:1503,5
DA:1507,4
DA:1509,4
DA:1511,381
DA:1513,0
DA:1514,0
DA:1515,0
DA:1517,0
DA:1519,0
DA:1520,0
DA:1521,0
DA:1522,0
DA:1523,0
DA:1524,0
DA:1525,0
DA:1532,0
DA:1534,0
DA:1535,0
DA:1540,381
DA:1542,0
DA:1543,0
DA:1548,0
DA:1551,381
DA:1553,0
DA:1554,0
DA:1555,0
DA:1557,381
DA:1559,1
DA:1560,1
DA:1561,1
DA:1562,1
DA:1565,0
DA:1566,0
DA:1567,0
DA:1573,820
DA:1574,820
DA:1594,820
DA:1595,806
DA:1596,806
DA:1598,820
DA:1600,381
DA:1603,0
DA:1606,0
DA:1607,0
DA:1613,0
DA:1614,0
DA:1615,0
DA:1616,0
DA:1617,0
DA:1618,0
DA:1619,0
DA:1620,0
DA:1621,0
DA:1622,0
DA:1623,0
DA:1630,0
DA:1637,0
DA:1638,0
DA:1639,0
DA:1640,0
DA:1641,0
DA:1643,0
DA:1645,0
DA:1655,0
DA:1656,0
DA:1657,0
DA:1658,0
DA:1664,2
DA:1685,381
DA:1687,1
DA:1689,381
DA:1692,0
DA:1705,381
DA:1707,2
DA:1716,2
DA:1718,2
DA:1719,2
DA:1720,2
DA:1729,0
DA:1732,381
DA:1734,0
DA:1746,0
DA:1752,0
DA:1755,381
DA:1757,0
DA:1758,0
DA:1767,0
DA:1771,381
DA:1773,0
DA:1774,0
DA:1775,0
DA:1776,0
DA:1783,381
DA:1785,0
DA:1786,0
DA:1791,0
DA:1794,0
DA:1795,0
DA:1797,0
DA:1798,0
DA:1800,0
DA:1801,0
DA:1803,0
DA:1805,0
DA:1807,0
DA:1808,0
DA:1809,0
DA:1811,0
DA:1813,381
DA:1821,27
DA:1826,381
DA:1829,0
DA:1834,381
DA:1837,0
DA:1839,0
DA:1843,0
DA:1844,0
DA:1845,0
DA:1847,0
DA:1848,0
DA:1849,0
DA:1850,0
DA:1851,0
DA:1855,0
DA:1856,0
DA:1860,0
DA:1864,0
DA:1866,0
DA:1868,23
DA:1876,23
DA:1877,23
DA:1879,0
DA:1880,0
DA:1883,0
DA:1884,0
DA:1886,0
DA:1887,23
DA:1891,0
DA:1892,0
DA:1894,0
DA:1899,0
DA:1900,0
DA:1901,0
DA:1902,0
DA:1903,0
DA:1904,0
DA:1905,0
DA:1906,0
DA:1913,381
DA:1915,0
DA:1916,0
DA:1917,0
DA:1918,0
DA:1925,381
DA:1927,100
DA:1928,100
DA:1929,100
DA:1930,100
DA:1931,100
DA:1932,100
DA:1933,100
DA:1934,100
DA:1938,100
DA:1939,100
DA:1944,381
DA:1946,100
DA:1947,100
DA:1948,100
DA:1949,0
DA:1955,0
DA:1956,0
DA:1957,0
DA:1960,0
DA:1962,0
DA:1963,0
DA:1970,381
DA:1972,100
DA:1975,100
DA:1976,100
DA:1977,100
DA:1978,0
DA:1979,0
DA:1982,100
DA:1986,0
DA:1991,381
DA:1993,0
DA:1998,381
DA:2001,381
DA:2002,381
DA:2004,0
DA:2005,0
DA:2006,0
DA:2011,0
DA:2014,381
DA:2015,0
DA:2019,0
DA:2020,0
DA:2022,0
DA:2023,0
DA:2024,0
DA:2025,0
DA:2026,0
DA:2027,0
DA:2028,0
DA:2029,0
DA:2034,0
DA:2036,0
DA:2038,0
DA:2043,0
DA:2047,381
DA:2049,0
DA:2050,0
DA:2051,0
DA:2056,0
DA:2060,381
DA:2061,381
DA:2063,1163
DA:2064,1163
DA:2065,1163
DA:2066,1163
DA:2068,381
DA:2069,225
DA:2070,151
DA:2071,151
DA:2081,1012
DA:2085,381
LF:636
LH:255
BRDA:2,0,0,381
BRDA:2,0,1,381
BRDA:2,0,2,381
BRDA:3,1,0,22
BRDA:3,1,1,0
BRDA:6,2,0,0
BRDA:6,2,1,0
BRDA:13,3,0,381
BRDA:13,3,1,381
BRDA:13,3,2,381
BRDA:14,4,0,0
BRDA:14,4,1,0
BRDA:15,5,0,0
BRDA:15,5,1,0
BRDA:18,6,0,0
BRDA:18,6,1,0
BRDA:19,7,0,0
BRDA:19,7,1,0
BRDA:22,8,0,381
BRDA:22,8,1,381
BRDA:22,8,2,381
BRDA:23,9,0,0
BRDA:23,9,1,0
BRDA:24,10,0,0
BRDA:24,10,1,0
BRDA:27,11,0,0
BRDA:27,11,1,0
BRDA:29,12,0,0
BRDA:29,12,1,0
BRDA:29,13,0,0
BRDA:29,13,1,0
BRDA:29,13,2,0
BRDA:29,14,0,0
BRDA:29,14,1,0
BRDA:29,15,0,0
BRDA:29,15,1,0
BRDA:29,16,0,0
BRDA:29,16,1,0
BRDA:29,17,0,0
BRDA:29,17,1,0
BRDA:31,18,0,0
BRDA:31,18,1,0
BRDA:31,18,2,0
BRDA:31,18,3,0
BRDA:31,18,4,0
BRDA:31,18,5,0
BRDA:30,19,0,0
BRDA:30,19,1,0
BRDA:37,20,0,0
BRDA:37,20,1,0
BRDA:37,21,0,0
BRDA:37,21,1,0
BRDA:37,21,2,0
BRDA:37,22,0,0
BRDA:37,22,1,0
BRDA:38,23,0,0
BRDA:38,23,1,0
BRDA:38,24,0,0
BRDA:38,24,1,0
BRDA:38,24,2,0
BRDA:38,24,3,0
BRDA:39,25,0,0
BRDA:39,25,1,0
BRDA:39,26,0,0
BRDA:39,26,1,0
BRDA:40,27,0,0
BRDA:40,27,1,0
BRDA:40,28,0,0
BRDA:40,28,1,0
BRDA:41,29,0,0
BRDA:41,29,1,0
BRDA:46,30,0,0
BRDA:46,30,1,0
BRDA:46,31,0,0
BRDA:46,31,1,0
BRDA:49,32,0,381
BRDA:49,32,1,381
BRDA:49,32,2,381
BRDA:50,33,0,0
BRDA:50,33,1,381
BRDA:50,34,0,381
BRDA:50,34,1,381
BRDA:119,35,0,224
BRDA:119,35,1,573
BRDA:91,36,0,3
BRDA:91,36,1,794
BRDA:99,37,0,0
BRDA:99,37,1,794
BRDA:102,38,0,400
BRDA:102,38,1,394
BRDA:113,39,0,797
BRDA:113,39,1,43
BRDA:122,40,0,224
BRDA:122,40,1,15
BRDA:126,41,0,0
BRDA:126,41,1,0
BRDA:126,41,2,0
BRDA:133,42,0,797
BRDA:133,42,1,573
BRDA:148,43,0,22
BRDA:148,43,1,359
BRDA:160,44,0,22
BRDA:160,44,1,0
BRDA:165,45,0,22
BRDA:165,45,1,22
BRDA:165,45,2,0
BRDA:172,46,0,22
BRDA:172,46,1,3
BRDA:177,47,0,100
BRDA:177,47,1,0
BRDA:181,48,0,100
BRDA:181,48,1,0
BRDA:196,49,0,0
BRDA:196,49,1,45
BRDA:200,50,0,0
BRDA:200,50,1,45
BRDA:200,51,0,45
BRDA:200,51,1,3
BRDA:201,52,0,0
BRDA:201,52,1,0
BRDA:201,53,0,0
BRDA:201,53,1,0
BRDA:209,54,0,45
BRDA:209,54,1,0
BRDA:209,54,2,0
BRDA:216,55,0,0
BRDA:216,55,1,45
BRDA:225,56,0,639
BRDA:225,56,1,623
BRDA:243,57,0,0
BRDA:243,57,1,0
BRDA:261,58,0,0
BRDA:261,58,1,0
BRDA:286,59,0,0
BRDA:286,59,1,4
BRDA:288,60,0,0
BRDA:288,60,1,0
BRDA:294,61,0,4
BRDA:294,61,1,0
BRDA:306,62,0,0
BRDA:306,62,1,4
BRDA:310,63,0,0
BRDA:310,63,1,0
BRDA:317,64,0,0
BRDA:317,64,1,0
BRDA:313,65,0,0
BRDA:313,65,1,4
BRDA:355,66,0,2
BRDA:355,66,1,2
BRDA:348,67,0,4
BRDA:348,67,1,0
BRDA:348,67,2,0
BRDA:352,68,0,4
BRDA:352,68,1,0
BRDA:357,69,0,2
BRDA:357,69,1,1
BRDA:357,69,2,1
BRDA:368,70,0,0
BRDA:368,70,1,0
BRDA:376,71,0,0
BRDA:376,71,1,0
BRDA:401,72,0,0
BRDA:401,72,1,0
BRDA:426,73,0,0
BRDA:426,73,1,1
BRDA:440,74,0,0
BRDA:440,74,1,0
BRDA:448,75,0,0
BRDA:448,75,1,0
BRDA:453,76,0,0
BRDA:453,76,1,0
BRDA:466,77,0,0
BRDA:466,77,1,0
BRDA:474,78,0,0
BRDA:474,78,1,0
BRDA:487,79,0,0
BRDA:487,79,1,0
BRDA:487,79,2,0
BRDA:487,79,3,0
BRDA:491,80,0,0
BRDA:491,80,1,0
BRDA:529,81,0,1
BRDA:529,81,1,0
BRDA:540,82,0,0
BRDA:540,82,1,0
BRDA:562,83,0,0
BRDA:562,83,1,0
BRDA:562,84,0,0
BRDA:562,84,1,0
BRDA:569,85,0,0
BRDA:569,85,1,0
BRDA:570,86,0,0
BRDA:570,86,1,0
BRDA:571,87,0,0
BRDA:571,87,1,0
BRDA:578,88,0,0
BRDA:578,88,1,0
BRDA:585,89,0,0
BRDA:585,89,1,0
BRDA:585,89,2,0
BRDA:586,90,0,0
BRDA:586,90,1,0
BRDA:586,91,0,0
BRDA:586,91,1,0
BRDA:593,92,0,0
BRDA:593,92,1,0
BRDA:594,93,0,0
BRDA:594,93,1,0
BRDA:611,94,0,0
BRDA:611,94,1,0
BRDA:621,95,0,0
BRDA:621,95,1,0
BRDA:625,96,0,0
BRDA:625,96,1,0
BRDA:625,96,2,0
BRDA:646,97,0,0
BRDA:646,97,1,0
BRDA:664,98,0,0
BRDA:664,98,1,0
BRDA:667,99,0,0
BRDA:667,99,1,0
BRDA:693,100,0,0
BRDA:693,100,1,0
BRDA:719,101,0,0
BRDA:719,101,1,0
BRDA:776,102,0,0
BRDA:776,102,1,0
BRDA:787,103,0,0
BRDA:787,103,1,0
BRDA:802,104,0,0
BRDA:802,104,1,0
BRDA:844,105,0,0
BRDA:844,105,1,0
BRDA:844,106,0,0
BRDA:844,106,1,0
BRDA:848,107,0,0
BRDA:848,107,1,0
BRDA:849,108,0,0
BRDA:849,108,1,0
BRDA:849,108,2,0
BRDA:850,109,0,0
BRDA:850,109,1,0
BRDA:850,109,2,0
BRDA:908,110,0,2
BRDA:908,110,1,1
BRDA:911,111,0,0
BRDA:911,111,1,2
BRDA:932,112,0,0
BRDA:932,112,1,2
BRDA:923,113,0,2
BRDA:923,113,1,2
BRDA:923,113,2,2
BRDA:928,114,0,2
BRDA:928,114,1,0
BRDA:981,115,0,0
BRDA:981,115,1,0
BRDA:981,115,2,0
BRDA:988,116,0,2
BRDA:988,116,1,0
BRDA:1001,117,0,0
BRDA:1001,117,1,0
BRDA:1013,118,0,2
BRDA:1013,118,1,0
BRDA:1014,119,0,0
BRDA:1014,119,1,2
BRDA:1014,120,0,2
BRDA:1014,120,1,2
BRDA:1018,121,0,2
BRDA:1018,121,1,0
BRDA:1023,122,0,0
BRDA:1023,122,1,0
BRDA:1046,123,0,0
BRDA:1046,123,1,2
BRDA:1038,124,0,2
BRDA:1038,124,1,0
BRDA:1042,125,0,2
BRDA:1042,125,1,0
BRDA:1046,126,0,2
BRDA:1046,126,1,0
BRDA:1047,127,0,0
BRDA:1047,127,1,0
BRDA:1053,128,0,2
BRDA:1053,128,1,2
BRDA:1053,128,2,1
BRDA:1053,128,3,1
BRDA:1057,129,0,2
BRDA:1057,129,1,0
BRDA:1060,130,0,0
BRDA:1060,130,1,0
BRDA:1061,131,0,0
BRDA:1061,131,1,0
BRDA:1076,132,0,0
BRDA:1076,132,1,0
BRDA:1076,132,2,0
BRDA:1076,132,3,0
BRDA:1090,133,0,2
BRDA:1090,133,1,22
BRDA:1092,134,0,0
BRDA:1092,134,1,2
BRDA:1100,135,0,0
BRDA:1100,135,1,2
BRDA:1106,136,0,16
BRDA:1106,136,1,6
BRDA:1106,137,0,22
BRDA:1106,137,1,22
BRDA:1115,138,0,0
BRDA:1115,138,1,0
BRDA:1118,139,0,0
BRDA:1118,139,1,0
BRDA:1137,140,0,0
BRDA:1137,140,1,0
BRDA:1140,141,0,0
BRDA:1140,141,1,0
BRDA:1143,142,0,0
BRDA:1143,142,1,0
BRDA:1154,143,0,0
BRDA:1154,143,1,0
BRDA:1173,144,0,0
BRDA:1173,144,1,0
BRDA:1175,145,0,0
BRDA:1175,145,1,0
BRDA:1176,146,0,0
BRDA:1176,146,1,0
BRDA:1189,147,0,0
BRDA:1189,147,1,0
BRDA:1203,148,0,0
BRDA:1203,148,1,0
BRDA:1250,149,0,0
BRDA:1250,149,1,2
BRDA:1254,150,0,0
BRDA:1254,150,1,0
BRDA:1266,151,0,0
BRDA:1266,151,1,381
BRDA:1263,152,0,381
BRDA:1263,152,1,381
BRDA:1282,153,0,2632
BRDA:1282,153,1,0
BRDA:1282,154,0,2632
BRDA:1282,154,1,2632
BRDA:1283,155,0,0
BRDA:1283,155,1,2632
BRDA:1291,156,0,2632
BRDA:1291,156,1,17
BRDA:1299,157,0,0
BRDA:1299,157,1,2632
BRDA:1304,158,0,2632
BRDA:1304,158,1,0
BRDA:1314,159,0,2
BRDA:1314,159,1,2
BRDA:1329,160,0,0
BRDA:1329,160,1,0
BRDA:1340,161,0,381
BRDA:1340,161,1,381
BRDA:1346,162,0,381
BRDA:1346,162,1,0
BRDA:1354,163,0,381
BRDA:1354,163,1,381
BRDA:1360,164,0,381
BRDA:1360,164,1,381
BRDA:1365,165,0,381
BRDA:1365,165,1,0
BRDA:1369,166,0,0
BRDA:1369,166,1,0
BRDA:1371,167,0,0
BRDA:1371,167,1,0
BRDA:1378,168,0,0
BRDA:1378,168,1,2
BRDA:1384,169,0,0
BRDA:1384,169,1,0
BRDA:1398,170,0,0
BRDA:1398,170,1,0
BRDA:1398,170,2,0
BRDA:1401,171,0,0
BRDA:1401,171,1,0
BRDA:1401,171,2,0
BRDA:1404,172,0,0
BRDA:1404,172,1,0
BRDA:1407,173,0,0
BRDA:1407,173,1,0
BRDA:1417,174,0,0
BRDA:1417,174,1,0
BRDA:1417,175,0,0
BRDA:1417,175,1,0
BRDA:1455,176,0,0
BRDA:1455,176,1,0
BRDA:1457,177,0,0
BRDA:1457,177,1,0
BRDA:1458,178,0,0
BRDA:1458,178,1,0
BRDA:1463,179,0,0
BRDA:1463,179,1,0
BRDA:1464,180,0,0
BRDA:1464,180,1,0
BRDA:1478,181,0,0
BRDA:1478,181,1,0
BRDA:1497,182,0,4
BRDA:1497,182,1,0
BRDA:1499,183,0,4
BRDA:1499,183,1,0
BRDA:1503,184,0,5
BRDA:1503,184,1,0
BRDA:1514,185,0,0
BRDA:1514,185,1,0
BRDA:1523,186,0,0
BRDA:1523,186,1,0
BRDA:1524,187,0,0
BRDA:1524,187,1,0
BRDA:1535,188,0,0
BRDA:1535,188,1,0
BRDA:1542,189,0,0
BRDA:1542,189,1,0
BRDA:1543,190,0,0
BRDA:1543,190,1,0
BRDA:1573,191,0,820
BRDA:1573,191,1,798
BRDA:1594,192,0,806
BRDA:1594,192,1,14
BRDA:1576,193,0,820
BRDA:1576,193,1,798
BRDA:1586,194,0,798
BRDA:1586,194,1,0
BRDA:1603,195,0,0
BRDA:1603,195,1,0
BRDA:1614,196,0,0
BRDA:1614,196,1,0
BRDA:1618,197,0,0
BRDA:1618,197,1,0
BRDA:1619,198,0,0
BRDA:1619,198,1,0
BRDA:1619,199,0,0
BRDA:1619,199,1,0
BRDA:1630,200,0,0
BRDA:1630,200,1,0
BRDA:1630,201,0,0
BRDA:1630,201,1,0
BRDA:1639,202,0,0
BRDA:1639,202,1,0
BRDA:1643,203,0,0
BRDA:1643,203,1,0
BRDA:1643,203,2,0
BRDA:1649,204,0,0
BRDA:1649,204,1,0
BRDA:1649,204,2,0
BRDA:1656,205,0,0
BRDA:1656,205,1,0
BRDA:1664,206,0,1
BRDA:1664,206,1,1
BRDA:1664,207,0,2
BRDA:1664,207,1,1
BRDA:1673,208,0,1
BRDA:1673,208,1,1
BRDA:1694,209,0,0
BRDA:1694,209,1,0
BRDA:1716,210,0,2
BRDA:1716,210,1,0
BRDA:1720,211,0,0
BRDA:1720,211,1,2
BRDA:1746,212,0,0
BRDA:1746,212,1,0
BRDA:1758,213,0,0
BRDA:1758,213,1,0
BRDA:1776,214,0,0
BRDA:1776,214,1,0
BRDA:1791,215,0,0
BRDA:1791,215,1,0
BRDA:1791,215,2,0
BRDA:1791,215,3,0
BRDA:1791,215,4,0
BRDA:1788,216,0,0
BRDA:1788,216,1,0
BRDA:1834,217,0,381
BRDA:1834,217,1,22
BRDA:1839,218,0,0
BRDA:1839,218,1,0
BRDA:1839,219,0,0
BRDA:1839,219,1,0
BRDA:1845,220,0,0
BRDA:1845,220,1,0
BRDA:1845,221,0,0
BRDA:1845,221,1,0
BRDA:1847,222,0,0
BRDA:1847,222,1,0
BRDA:1851,223,0,0
BRDA:1851,223,1,0
BRDA:1891,224,0,0
BRDA:1891,224,1,0
BRDA:1891,225,0,0
BRDA:1891,225,1,0
BRDA:1892,226,0,0
BRDA:1892,226,1,0
BRDA:1892,226,2,0
BRDA:1899,227,0,0
BRDA:1899,227,1,0
BRDA:1915,228,0,0
BRDA:1915,228,1,0
BRDA:1927,229,0,100
BRDA:1927,229,1,0
BRDA:1949,230,0,0
BRDA:1949,230,1,0
BRDA:1957,231,0,0
BRDA:1957,231,1,0
BRDA:1963,232,0,0
BRDA:1963,232,1,0
BRDA:1972,233,0,100
BRDA:1972,233,1,0
BRDA:1976,234,0,0
BRDA:1976,234,1,100
BRDA:1977,235,0,0
BRDA:1977,235,1,100
BRDA:2006,236,0,0
BRDA:2006,236,1,0
BRDA:2022,237,0,0
BRDA:2022,237,1,0
BRDA:2066,238,0,1163
BRDA:2066,238,1,1021
BRDA:2071,239,0,0
BRDA:2071,239,1,151
BRDA:2081,240,0,797
BRDA:2081,240,1,215
BRDA:2085,241,0,762
BRDA:2085,241,1,381
BRF:521
BRH:144
end_of_record
TN:
SF:../__tmp__/static/js/auth.js
FN:1,(anonymous_943)
FN:2,(anonymous_944)
FN:3,f
FN:3,(anonymous_946)
FN:4,(anonymous_947)
FN:5,b
FN:6,I
FN:7,y
FN:11,(anonymous_951)
FN:12,(anonymous_952)
FN:13,(anonymous_953)
FN:14,b
FN:14,(anonymous_955)
FN:15,I
FN:43,cr
FN:45,(anonymous_958)
FN:64,vn
FN:69,gf
FN:73,(anonymous_961)
FN:80,mf
FN:81,(anonymous_963)
FN:85,(anonymous_964)
FN:91,xf
FN:92,(anonymous_966)
FN:96,(anonymous_967)
FN:102,kf
FN:106,(anonymous_969)
FN:108,(anonymous_970)
FN:109,(anonymous_971)
FN:115,vf
FN:116,(anonymous_973)
FN:124,(anonymous_974)
FN:126,(anonymous_975)
FN:130,(anonymous_976)
FN:137,(anonymous_977)
FN:142,(anonymous_978)
FN:146,(anonymous_979)
FN:152,(anonymous_980)
FN:155,(anonymous_981)
FN:160,(anonymous_982)
FN:164,(anonymous_983)
FN:171,(anonymous_984)
FN:174,(anonymous_985)
FN:178,(anonymous_986)
FN:184,(anonymous_987)
FN:187,(anonymous_988)
FN:191,(anonymous_989)
FN:197,(anonymous_990)
FN:200,(anonymous_991)
FN:203,(anonymous_992)
FN:207,(anonymous_993)
FN:214,(anonymous_994)
FN:220,(anonymous_995)
FN:224,(anonymous_996)
FN:229,(anonymous_997)
FN:245,Lf
FN:251,(anonymous_999)
FN:260,(anonymous_1000)
FN:262,(anonymous_1001)
FN:265,(anonymous_1002)
FN:276,(anonymous_1003)
FN:283,bf
FN:284,(anonymous_1005)
FN:295,(anonymous_1006)
FN:297,(anonymous_1007)
FN:303,yf
FN:311,(anonymous_1009)
FN:329,(anonymous_1010)
FN:334,wf
FN:349,(anonymous_1012)
FN:363,Ma
FN:364,(anonymous_1014)
FN:366,(anonymous_1015)
FN:407,Mf
FNF:74
FNH:30
FNDA:381,(anonymous_943)
FNDA:70,(anonymous_944)
FNDA:0,f
FNDA:0,(anonymous_946)
FNDA:70,(anonymous_947)
FNDA:0,b
FNDA:0,I
FNDA:70,y
FNDA:70,(anonymous_951)
FNDA:0,(anonymous_952)
FNDA:0,(anonymous_953)
FNDA:210,b
FNDA:70,(anonymous_955)
FNDA:70,I
FNDA:73,cr
FNDA:154,(anonymous_958)
FNDA:72,vn
FNDA:1,gf
FNDA:1,(anonymous_961)
FNDA:1,mf
FNDA:1,(anonymous_963)
FNDA:1,(anonymous_964)
FNDA:0,xf
FNDA:0,(anonymous_966)
FNDA:0,(anonymous_967)
FNDA:0,kf
FNDA:0,(anonymous_969)
FNDA:0,(anonymous_970)
FNDA:0,(anonymous_971)
FNDA:381,vf
FNDA:1,(anonymous_973)
FNDA:1,(anonymous_974)
FNDA:0,(anonymous_975)
FNDA:70,(anonymous_976)
FNDA:69,(anonymous_977)
FNDA:1,(anonymous_978)
FNDA:0,(anonymous_979)
FNDA:0,(anonymous_980)
FNDA:0,(anonymous_981)
FNDA:0,(anonymous_982)
FNDA:0,(anonymous_983)
FNDA:0,(anonymous_984)
FNDA:0,(anonymous_985)
FNDA:2,(anonymous_986)
FNDA:1,(anonymous_987)
FNDA:1,(anonymous_988)
FNDA:0,(anonymous_989)
FNDA:0,(anonymous_990)
FNDA:0,(anonymous_991)
FNDA:0,(anonymous_992)
FNDA:0,(anonymous_993)
FNDA:0,(anonymous_994)
FNDA:0,(anonymous_995)
FNDA:0,(anonymous_996)
FNDA:2,(anonymous_997)
FNDA:0,Lf
FNDA:0,(anonymous_999)
FNDA:0,(anonymous_1000)
FNDA:0,(anonymous_1001)
FNDA:0,(anonymous_1002)
FNDA:0,(anonymous_1003)
FNDA:0,bf
FNDA:0,(anonymous_1005)
FNDA:0,(anonymous_1006)
FNDA:0,(anonymous_1007)
FNDA:0,yf
FNDA:0,(anonymous_1009)
FNDA:0,(anonymous_1010)
FNDA:0,wf
FNDA:0,(anonymous_1012)
FNDA:70,Ma
FNDA:70,(anonymous_1014)
FNDA:140,(anonymous_1015)
FNDA:70,Mf
DA:1,381
DA:2,381
DA:3,0
DA:4,70
DA:5,0
DA:6,0
DA:7,70
DA:8,70
DA:11,381
DA:12,70
DA:13,70
DA:14,210
DA:16,70
DA:17,210
DA:18,210
DA:20,210
DA:21,70
DA:22,0
DA:23,0
DA:24,0
DA:26,140
DA:27,70
DA:28,0
DA:29,0
DA:30,0
DA:31,0
DA:33,140
DA:34,210
DA:35,70
DA:38,381
DA:39,381
DA:40,381
DA:41,381
DA:42,381
DA:44,73
DA:45,73
DA:46,154
DA:65,72
DA:70,1
DA:74,1
DA:77,381
DA:81,1
DA:82,1
DA:86,1
DA:90,381
DA:92,0
DA:93,0
DA:97,0
DA:101,381
DA:103,0
DA:107,0
DA:108,0
DA:110,0
DA:113,381
DA:116,381
DA:117,1
DA:125,1
DA:127,0
DA:131,70
DA:138,69
DA:143,1
DA:147,0
DA:153,0
DA:155,0
DA:161,0
DA:165,0
DA:172,0
DA:175,0
DA:179,2
DA:185,1
DA:188,1
DA:192,0
DA:198,0
DA:201,0
DA:204,0
DA:208,0
DA:215,0
DA:221,0
DA:225,0
DA:230,2
DA:231,2
DA:243,381
DA:246,0
DA:247,0
DA:248,0
DA:252,0
DA:261,0
DA:263,0
DA:267,0
DA:277,0
DA:282,381
DA:284,0
DA:285,0
DA:296,0
DA:298,0
DA:302,381
DA:304,0
DA:312,0
DA:330,0
DA:333,381
DA:335,0
DA:336,0
DA:337,0
DA:338,0
DA:339,0
DA:350,0
DA:355,381
DA:364,70
DA:366,70
DA:367,140
DA:371,70
DA:374,0
DA:380,70
DA:408,70
DA:409,70
LF:115
LH:60
BRDA:2,0,0,381
BRDA:2,0,1,381
BRDA:2,0,2,381
BRDA:3,1,0,0
BRDA:3,1,1,0
BRDA:4,2,0,70
BRDA:4,2,1,70
BRDA:7,3,0,70
BRDA:7,3,1,0
BRDA:8,4,0,70
BRDA:8,4,1,70
BRDA:11,5,0,381
BRDA:11,5,1,381
BRDA:11,5,2,381
BRDA:12,6,0,0
BRDA:12,6,1,0
BRDA:13,7,0,70
BRDA:13,7,1,70
BRDA:16,8,0,0
BRDA:16,8,1,70
BRDA:18,9,0,0
BRDA:18,9,1,210
BRDA:18,10,0,210
BRDA:18,10,1,0
BRDA:18,10,2,0
BRDA:18,11,0,0
BRDA:18,11,1,0
BRDA:18,12,0,0
BRDA:18,12,1,0
BRDA:18,13,0,0
BRDA:18,13,1,0
BRDA:18,14,0,0
BRDA:18,14,1,0
BRDA:20,15,0,70
BRDA:20,15,1,70
BRDA:20,15,2,0
BRDA:20,15,3,0
BRDA:20,15,4,0
BRDA:20,15,5,140
BRDA:19,16,0,210
BRDA:19,16,1,0
BRDA:26,17,0,70
BRDA:26,17,1,70
BRDA:26,18,0,140
BRDA:26,18,1,140
BRDA:26,18,2,140
BRDA:26,19,0,140
BRDA:26,19,1,0
BRDA:27,20,0,70
BRDA:27,20,1,0
BRDA:27,21,0,70
BRDA:27,21,1,70
BRDA:27,21,2,0
BRDA:27,21,3,0
BRDA:28,22,0,0
BRDA:28,22,1,0
BRDA:28,23,0,0
BRDA:28,23,1,0
BRDA:29,24,0,0
BRDA:29,24,1,0
BRDA:29,25,0,0
BRDA:29,25,1,0
BRDA:30,26,0,0
BRDA:30,26,1,0
BRDA:35,27,0,0
BRDA:35,27,1,70
BRDA:35,28,0,70
BRDA:35,28,1,0
BRDA:46,29,0,0
BRDA:46,29,1,154
BRDA:48,30,0,0
BRDA:48,30,1,0
BRDA:57,31,0,154
BRDA:57,31,1,154
BRDA:138,32,0,0
BRDA:138,32,1,69
BRDA:141,33,0,69
BRDA:141,33,1,69
BRDA:153,34,0,0
BRDA:153,34,1,0
BRDA:216,35,0,0
BRDA:216,35,1,0
BRDA:232,36,0,2
BRDA:232,36,1,0
BRDA:232,37,0,2
BRDA:232,37,1,0
BRDA:248,38,0,0
BRDA:248,38,1,0
BRDA:263,39,0,0
BRDA:263,39,1,0
BRDA:267,40,0,0
BRDA:267,40,1,0
BRDA:285,41,0,0
BRDA:285,41,1,0
BRDA:316,42,0,0
BRDA:316,42,1,0
BRDA:318,43,0,0
BRDA:318,43,1,0
BRDA:321,44,0,0
BRDA:321,44,1,0
BRDA:324,45,0,0
BRDA:324,45,1,0
BRDA:367,46,0,70
BRDA:367,46,1,0
BRDA:367,46,2,70
BRDA:370,47,0,0
BRDA:370,47,1,70
BRDA:371,48,0,0
BRDA:371,48,1,70
BRDA:379,49,0,0
BRDA:379,49,1,70
BRDA:380,50,0,0
BRDA:380,50,1,70
BRDA:385,51,0,0
BRDA:385,51,1,70
BRDA:389,52,0,1
BRDA:389,52,1,69
BRDA:393,53,0,0
BRDA:393,53,1,69
BRDA:397,54,0,51
BRDA:397,54,1,18
BRDA:409,55,0,70
BRDA:409,55,1,0
BRF:123
BRH:52
end_of_record
TN:
SF:../__tmp__/static/js/client-messages.js
FN:1,(anonymous_50)
FN:9,eh
FNF:2
FNH:2
FNDA:381,(anonymous_50)
FNDA:381,eh
DA:1,381
DA:2,381
DA:3,381
DA:4,381
DA:5,381
DA:12,381
DA:14,381
LF:7
LH:7
BRDA:12,0,0,381
BRDA:12,0,1,0
BRDA:12,1,0,381
BRDA:12,1,1,381
BRF:4
BRH:3
end_of_record
TN:
SF:../__tmp__/static/js/index.js
FN:1,(anonymous_2452)
FN:2,(anonymous_2453)
FN:4,(anonymous_2454)
FN:5,(anonymous_2455)
FN:9,(anonymous_2456)
FNF:5
FNH:4
FNDA:381,(anonymous_2452)
FNDA:38481,(anonymous_2453)
FNDA:895,(anonymous_2454)
FNDA:0,(anonymous_2455)
FNDA:3810,(anonymous_2456)
DA:1,381
DA:2,381
DA:3,38481
DA:4,895
DA:6,0
DA:9,381
DA:10,38481
DA:12,381
DA:21,381
DA:22,381
DA:23,381
DA:24,381
DA:25,381
DA:26,381
DA:27,381
DA:28,381
DA:29,381
DA:30,381
LF:18
LH:17
BRDA:2,0,0,381
BRDA:2,0,1,381
BRDA:2,0,2,381
BRDA:2,1,0,381
BRDA:2,1,1,0
BRDA:3,2,0,38481
BRDA:3,2,1,38481
BRDA:6,3,0,0
BRDA:6,3,1,0
BRDA:9,4,0,381
BRDA:9,4,1,381
BRDA:9,4,2,381
BRDA:10,5,0,38481
BRDA:10,5,1,38481
BRDA:10,5,2,38481
BRF:15
BRH:12
end_of_record
TN:
SF:../__tmp__/static/js/initialize.js
FN:1,(anonymous_2450)
FN:15,zg
FNF:2
FNH:2
FNDA:381,(anonymous_2450)
FNDA:381,zg
DA:1,381
DA:2,381
DA:3,381
DA:4,381
DA:5,381
DA:6,381
DA:7,381
DA:8,381
DA:9,381
DA:10,381
DA:11,381
DA:16,381
DA:30,381
LF:13
LH:13
BRDA:16,0,0,381
BRDA:16,0,1,0
BRDA:26,1,0,381
BRDA:26,1,1,5
BRF:4
BRH:3
end_of_record
TN:
SF:../__tmp__/static/js/logs.js
FN:1,(anonymous_2350)
FN:5,(anonymous_2351)
FN:14,(anonymous_2352)
FN:17,(anonymous_2353)
FN:28,(anonymous_2354)
FN:37,(anonymous_2355)
FN:40,(anonymous_2356)
FN:48,(anonymous_2357)
FN:57,(anonymous_2358)
FN:59,(anonymous_2359)
FN:66,(anonymous_2360)
FN:68,(anonymous_2361)
FN:76,(anonymous_2362)
FN:82,(anonymous_2363)
FN:84,(anonymous_2364)
FN:91,Ia
FN:93,(anonymous_2366)
FNF:17
FNH:6
FNDA:381,(anonymous_2350)
FNDA:5,(anonymous_2351)
FNDA:1,(anonymous_2352)
FNDA:4,(anonymous_2353)
FNDA:0,(anonymous_2354)
FNDA:1,(anonymous_2355)
FNDA:1,(anonymous_2356)
FNDA:0,(anonymous_2357)
FNDA:0,(anonymous_2358)
FNDA:0,(anonymous_2359)
FNDA:0,(anonymous_2360)
FNDA:0,(anonymous_2361)
FNDA:0,(anonymous_2362)
FNDA:0,(anonymous_2363)
FNDA:0,(anonymous_2364)
FNDA:0,Ia
FNDA:0,(anonymous_2366)
DA:1,381
DA:2,381
DA:3,381
DA:4,381
DA:7,5
DA:10,5
DA:11,5
DA:15,1
DA:16,1
DA:17,1
DA:18,4
DA:27,1
DA:28,1
DA:29,0
DA:38,1
DA:41,1
DA:49,0
DA:52,0
DA:56,0
DA:57,0
DA:58,0
DA:59,0
DA:60,0
DA:67,0
DA:69,0
DA:77,0
DA:78,0
DA:83,0
DA:85,0
DA:92,0
DA:93,0
LF:31
LH:15
BRDA:29,0,0,0
BRDA:29,0,1,0
BRDA:54,1,0,0
BRDA:54,1,1,0
BRDA:60,2,0,0
BRDA:60,2,1,0
BRDA:60,3,0,0
BRDA:60,3,1,0
BRDA:60,4,0,0
BRDA:60,4,1,0
BRDA:62,5,0,0
BRDA:62,5,1,0
BRDA:70,6,0,0
BRDA:70,6,1,0
BRDA:78,7,0,0
BRDA:78,7,1,0
BRF:16
BRH:0
end_of_record
TN:
SF:../__tmp__/static/js/markers.js
FN:1,(anonymous_71)
FN:10,(anonymous_72)
FN:11,l
FN:29,(anonymous_74)
FN:46,(anonymous_75)
FN:55,(anonymous_76)
FN:73,(anonymous_77)
FN:78,(anonymous_78)
FN:89,(anonymous_79)
FN:99,(anonymous_80)
FN:105,(anonymous_81)
FN:109,(anonymous_82)
FN:111,(anonymous_83)
FN:115,(anonymous_84)
FNF:14
FNH:9
FNDA:381,(anonymous_71)
FNDA:381,(anonymous_72)
FNDA:22,l
FNDA:1,(anonymous_74)
FNDA:104,(anonymous_75)
FNDA:100,(anonymous_76)
FNDA:23,(anonymous_77)
FNDA:0,(anonymous_78)
FNDA:0,(anonymous_79)
FNDA:1,(anonymous_80)
FNDA:0,(anonymous_81)
FNDA:104,(anonymous_82)
FNDA:0,(anonymous_83)
FNDA:0,(anonymous_84)
DA:1,381
DA:2,381
DA:3,381
DA:10,381
DA:12,22
DA:29,381
DA:32,1
DA:34,1
DA:35,1
DA:39,0
DA:41,0
DA:47,104
DA:48,0
DA:49,0
DA:57,100
DA:63,0
DA:64,0
DA:65,0
DA:67,0
DA:68,0
DA:74,23
DA:75,23
DA:77,23
DA:79,0
DA:80,0
DA:82,23
DA:83,0
DA:84,0
DA:88,23
DA:89,0
DA:90,23
DA:91,0
DA:92,0
DA:93,0
DA:100,1
DA:101,1
DA:102,1
DA:106,0
DA:110,104
DA:112,0
DA:113,0
DA:116,0
DA:117,0
DA:122,381
LF:44
LH:22
BRDA:32,0,0,1
BRDA:32,0,1,0
BRDA:57,1,0,0
BRDA:57,1,1,100
BRDA:57,2,0,100
BRDA:57,2,1,0
BRDA:57,3,0,100
BRDA:57,3,1,100
BRDA:63,4,0,0
BRDA:63,4,1,0
BRDA:60,5,0,0
BRDA:60,5,1,0
BRDA:100,6,0,1
BRDA:100,6,1,1
BRF:14
BRH:7
end_of_record
TN:
SF:../__tmp__/static/js/message-translations.js
FN:1,(anonymous_49)
FNF:1
FNH:1
FNDA:381,(anonymous_49)
DA:1,381
DA:4,381
DA:5,381
DA:6,381
LF:4
LH:4
BRF:0
BRH:0
end_of_record
TN:
SF:../__tmp__/static/js/modal.js
FN:1,(anonymous_1)
FN:7,(anonymous_10)
FN:8,l
FN:11,(anonymous_12)
FN:12,(anonymous_13)
FN:13,(anonymous_14)
FN:14,(anonymous_15)
FN:15,(anonymous_16)
FN:16,(anonymous_17)
FN:17,(anonymous_18)
FN:18,(anonymous_19)
FN:20,(anonymous_20)
FN:25,(anonymous_21)
FN:28,(anonymous_22)
FN:37,(anonymous_23)
FN:40,(anonymous_24)
FN:62,(anonymous_25)
FN:64,(anonymous_26)
FN:85,(anonymous_27)
FN:87,(anonymous_28)
FN:101,(anonymous_29)
FN:117,(anonymous_30)
FN:124,(anonymous_31)
FN:127,(anonymous_32)
FN:129,(anonymous_33)
FN:140,(anonymous_34)
FN:144,(anonymous_35)
FN:149,(anonymous_36)
FN:163,(anonymous_37)
FN:180,(anonymous_38)
FN:183,(anonymous_39)
FN:187,(anonymous_40)
FN:193,(anonymous_41)
FN:197,(anonymous_42)
FN:204,(anonymous_43)
FN:207,(anonymous_44)
FN:212,(anonymous_45)
FN:218,(anonymous_46)
FN:225,(anonymous_47)
FNF:39
FNH:23
FNDA:78105,(anonymous_1)
FNDA:381,(anonymous_10)
FNDA:381,l
FNDA:0,(anonymous_12)
FNDA:0,(anonymous_13)
FNDA:0,(anonymous_14)
FNDA:0,(anonymous_15)
FNDA:0,(anonymous_16)
FNDA:0,(anonymous_17)
FNDA:1,(anonymous_18)
FNDA:0,(anonymous_19)
FNDA:50,(anonymous_20)
FNDA:19,(anonymous_21)
FNDA:98,(anonymous_22)
FNDA:21,(anonymous_23)
FNDA:19,(anonymous_24)
FNDA:2,(anonymous_25)
FNDA:0,(anonymous_26)
FNDA:0,(anonymous_27)
FNDA:1,(anonymous_28)
FNDA:0,(anonymous_29)
FNDA:0,(anonymous_30)
FNDA:0,(anonymous_31)
FNDA:26,(anonymous_32)
FNDA:2,(anonymous_33)
FNDA:24,(anonymous_34)
FNDA:2,(anonymous_35)
FNDA:23,(anonymous_36)
FNDA:21,(anonymous_37)
FNDA:0,(anonymous_38)
FNDA:4,(anonymous_39)
FNDA:0,(anonymous_40)
FNDA:1,(anonymous_41)
FNDA:0,(anonymous_42)
FNDA:22,(anonymous_43)
FNDA:4,(anonymous_44)
FNDA:0,(anonymous_45)
FNDA:2,(anonymous_46)
FNDA:762,(anonymous_47)
DA:1,126492
DA:5,381
DA:6,381
DA:7,381
DA:9,381
DA:11,381
DA:12,0
DA:13,0
DA:14,0
DA:15,0
DA:16,0
DA:17,1
DA:18,0
DA:20,381
DA:21,50
DA:26,19
DA:29,98
DA:38,21
DA:41,19
DA:43,19
DA:62,2
DA:65,0
DA:66,0
DA:85,0
DA:88,1
DA:90,1
DA:91,1
DA:102,0
DA:103,0
DA:117,0
DA:124,0
DA:128,26
DA:129,26
DA:141,24
DA:145,2
DA:150,23
DA:151,23
DA:164,21
DA:165,21
DA:166,21
DA:179,381
DA:181,0
DA:184,4
DA:188,0
DA:194,1
DA:198,0
DA:203,381
DA:205,22
DA:208,4
DA:213,0
DA:219,2
DA:225,1524
LF:52
LH:35
BRDA:1,0,0,67818
BRDA:1,0,1,97155
BRDA:48,1,0,19
BRDA:48,1,1,3
BRDA:57,2,0,19
BRDA:57,2,1,3
BRDA:61,3,0,19
BRDA:61,3,1,19
BRDA:66,4,0,0
BRDA:66,4,1,0
BRDA:68,5,0,0
BRDA:68,5,1,0
BRDA:80,6,0,0
BRDA:80,6,1,0
BRDA:84,7,0,0
BRDA:84,7,1,0
BRDA:96,8,0,1
BRDA:96,8,1,0
BRDA:103,9,0,0
BRDA:103,9,1,0
BRDA:105,10,0,0
BRDA:105,10,1,0
BRDA:116,11,0,0
BRDA:116,11,1,0
BRDA:119,12,0,0
BRDA:119,12,1,0
BRDA:123,13,0,0
BRDA:123,13,1,0
BRDA:129,14,0,26
BRDA:129,14,1,26
BRDA:135,15,0,26
BRDA:135,15,1,0
BRDA:155,16,0,23
BRDA:155,16,1,0
BRDA:158,17,0,23
BRDA:158,17,1,0
BRDA:166,18,0,21
BRDA:166,18,1,21
BRDA:185,19,0,4
BRDA:185,19,1,4
BRDA:191,20,0,0
BRDA:191,20,1,0
BRDA:196,21,0,1
BRDA:196,21,1,1
BRDA:199,22,0,0
BRDA:199,22,1,0
BRDA:210,23,0,4
BRDA:210,23,1,4
BRDA:216,24,0,0
BRDA:216,24,1,0
BRDA:222,25,0,2
BRDA:222,25,1,2
BRF:52
BRH:24
end_of_record
TN:
SF:../__tmp__/static/js/parsons.js
FN:1,(anonymous_551)
FN:6,jl
FN:18,(anonymous_553)
FN:25,(anonymous_554)
FN:30,gh
FN:36,(anonymous_556)
FN:40,mh
FN:46,xh
FN:65,kh
FN:69,(anonymous_560)
FN:75,vh
FN:79,Lh
FN:81,(anonymous_563)
FN:89,bh
FN:103,yh
FNF:15
FNH:1
FNDA:381,(anonymous_551)
FNDA:0,jl
FNDA:0,(anonymous_553)
FNDA:0,(anonymous_554)
FNDA:0,gh
FNDA:0,(anonymous_556)
FNDA:0,mh
FNDA:0,xh
FNDA:0,kh
FNDA:0,(anonymous_560)
FNDA:0,vh
FNDA:0,Lh
FNDA:0,(anonymous_563)
FNDA:0,bh
FNDA:0,yh
DA:1,381
DA:2,381
DA:3,381
DA:4,381
DA:5,381
DA:7,0
DA:9,0
DA:10,0
DA:11,0
DA:19,0
DA:26,0
DA:29,381
DA:37,0
DA:41,0
DA:47,0
DA:48,0
DA:50,0
DA:52,0
DA:53,0
DA:54,0
DA:63,0
DA:66,0
DA:68,0
DA:69,0
DA:78,381
DA:81,0
DA:82,0
DA:83,0
DA:84,0
DA:86,0
DA:90,0
DA:91,0
DA:92,0
DA:93,0
DA:94,0
DA:95,0
DA:96,0
DA:98,0
DA:104,0
DA:105,0
DA:106,0
DA:107,0
LF:42
LH:7
BRDA:11,0,0,0
BRDA:11,0,1,0
BRDA:66,1,0,0
BRDA:66,1,1,0
BRDA:68,2,0,0
BRDA:68,2,1,0
BRF:6
BRH:0
end_of_record
TN:
SF:../__tmp__/static/js/pythonPrefixes.js
FNF:0
FNH:0
DA:13,381
DA:14,381
DA:15,381
DA:16,381
LF:4
LH:4
BRF:0
BRH:0
end_of_record
TN:
SF:../__tmp__/static/js/quiz.js
FN:1,(anonymous_2422)
FN:6,_g
FN:7,(anonymous_2424)
FN:17,fg
FN:27,(anonymous_2426)
FN:29,(anonymous_2427)
FN:34,Aa
FN:47,(anonymous_2429)
FN:66,(anonymous_2430)
FN:71,gg
FN:75,mg
FN:82,xg
FN:88,kg
FN:120,Ur
FN:126,vg
FN:132,Lg
FN:136,bg
FN:150,(anonymous_2439)
FN:163,(anonymous_2440)
FN:168,yg
FN:172,wg
FN:176,Pu
FN:183,(anonymous_2444)
FN:216,Nu
FN:224,Mg
FN:229,(anonymous_2447)
FN:234,(anonymous_2448)
FN:239,Tg
FNF:28
FNH:2
FNDA:381,(anonymous_2422)
FNDA:381,_g
FNDA:0,(anonymous_2424)
FNDA:0,fg
FNDA:0,(anonymous_2426)
FNDA:0,(anonymous_2427)
FNDA:0,Aa
FNDA:0,(anonymous_2429)
FNDA:0,(anonymous_2430)
FNDA:0,gg
FNDA:0,mg
FNDA:0,xg
FNDA:0,kg
FNDA:0,Ur
FNDA:0,vg
FNDA:0,Lg
FNDA:0,bg
FNDA:0,(anonymous_2439)
FNDA:0,(anonymous_2440)
FNDA:0,yg
FNDA:0,wg
FNDA:0,Pu
FNDA:0,(anonymous_2444)
FNDA:0,Nu
FNDA:0,Mg
FNDA:0,(anonymous_2447)
FNDA:0,(anonymous_2448)
FNDA:0,Tg
DA:1,381
DA:2,381
DA:3,381
DA:4,381
DA:5,381
DA:7,381
DA:9,0
DA:16,381
DA:18,0
DA:28,0
DA:30,0
DA:33,381
DA:36,0
DA:38,0
DA:39,0
DA:40,0
DA:48,0
DA:67,0
DA:70,381
DA:72,0
DA:76,0
DA:77,0
DA:78,0
DA:83,0
DA:84,0
DA:85,0
DA:91,0
DA:93,0
DA:94,0
DA:95,0
DA:96,0
DA:98,0
DA:106,0
DA:110,0
DA:112,0
DA:118,0
DA:121,0
DA:122,0
DA:124,0
DA:127,0
DA:133,0
DA:137,0
DA:138,0
DA:139,0
DA:140,0
DA:151,0
DA:164,0
DA:167,381
DA:169,0
DA:173,0
DA:183,0
DA:192,0
DA:193,0
DA:194,0
DA:202,0
DA:206,0
DA:217,0
DA:225,0
DA:230,0
DA:235,0
DA:238,381
DA:240,0
LF:62
LH:11
BRDA:40,0,0,0
BRDA:40,0,1,0
BRDA:50,1,0,0
BRDA:50,1,1,0
BRDA:56,2,0,0
BRDA:56,2,1,0
BRDA:94,3,0,0
BRDA:94,3,1,0
BRDA:151,4,0,0
BRDA:151,4,1,0
BRDA:151,5,0,0
BRDA:151,5,1,0
BRDA:155,6,0,0
BRDA:155,6,1,0
BRDA:156,7,0,0
BRDA:156,7,1,0
BRDA:157,8,0,0
BRDA:157,8,1,0
BRDA:160,9,0,0
BRDA:160,9,1,0
BRDA:161,10,0,0
BRDA:161,10,1,0
BRDA:192,11,0,0
BRDA:192,11,1,0
BRDA:181,12,0,0
BRDA:181,12,1,0
BRDA:206,13,0,0
BRDA:206,13,1,0
BRDA:217,14,0,0
BRDA:217,14,1,0
BRDA:231,15,0,0
BRDA:231,15,1,0
BRF:32
BRH:0
end_of_record
TN:
SF:../__tmp__/static/js/state.js
FN:1,(anonymous_52)
FN:18,(anonymous_53)
FN:28,rh
FN:36,oh
FN:39,Dl
FN:44,ih
FN:51,ah
FN:59,sh
FNF:8
FNH:7
FNDA:381,(anonymous_52)
FNDA:381,(anonymous_53)
FNDA:403,rh
FNDA:784,oh
FNDA:0,Dl
FNDA:6,ih
FNDA:135,ah
FNDA:50,sh
DA:1,381
DA:2,381
DA:3,381
DA:4,381
DA:8,381
DA:16,381
DA:17,381
DA:19,381
DA:30,403
DA:31,1165
DA:32,1165
DA:35,381
DA:37,784
DA:40,0
DA:43,381
DA:45,6
DA:47,381
DA:52,135
DA:55,381
DA:60,50
DA:64,381
LF:21
LH:20
BRDA:19,0,0,0
BRDA:19,0,1,381
BRDA:32,1,0,381
BRDA:32,1,1,784
BRDA:32,2,0,1165
BRDA:32,2,1,1165
BRF:6
BRH:5
end_of_record
TN:
SF:../__tmp__/static/js/statistics.js
FN:1,(anonymous_2305)
FN:12,(anonymous_2306)
FN:19,(anonymous_2307)
FN:27,(anonymous_2308)
FN:34,(anonymous_2309)
FN:35,(anonymous_2310)
FN:48,(anonymous_2311)
FN:71,(anonymous_2312)
FN:83,(anonymous_2313)
FN:85,(anonymous_2314)
FN:90,(anonymous_2315)
FN:97,(anonymous_2316)
FN:107,(anonymous_2317)
FN:114,(anonymous_2318)
FN:115,(anonymous_2319)
FN:124,(anonymous_2320)
FN:142,(anonymous_2321)
FN:143,(anonymous_2322)
FN:162,(anonymous_2323)
FN:164,(anonymous_2324)
FN:169,(anonymous_2325)
FN:190,(anonymous_2326)
FN:219,Re
FN:248,(anonymous_2328)
FN:268,pu
FN:272,du
FN:276,hu
FN:280,_u
FN:284,fu
FN:290,Rr
FN:295,(anonymous_2335)
FN:296,(anonymous_2336)
FN:305,Pf
FN:310,(anonymous_2338)
FN:315,Nf
FN:323,If
FN:331,jr
FN:344,Sf
FN:347,gu
FN:354,mu
FN:366,Ft
FN:379,et
FN:380,(anonymous_2347)
FN:383,(anonymous_2348)
FN:401,je
FNF:45
FNH:12
FNDA:381,(anonymous_2305)
FNDA:0,(anonymous_2306)
FNDA:0,(anonymous_2307)
FNDA:0,(anonymous_2308)
FNDA:0,(anonymous_2309)
FNDA:0,(anonymous_2310)
FNDA:0,(anonymous_2311)
FNDA:0,(anonymous_2312)
FNDA:0,(anonymous_2313)
FNDA:0,(anonymous_2314)
FNDA:7,(anonymous_2315)
FNDA:0,(anonymous_2316)
FNDA:0,(anonymous_2317)
FNDA:0,(anonymous_2318)
FNDA:0,(anonymous_2319)
FNDA:0,(anonymous_2320)
FNDA:0,(anonymous_2321)
FNDA:0,(anonymous_2322)
FNDA:6,(anonymous_2323)
FNDA:6,(anonymous_2324)
FNDA:0,(anonymous_2325)
FNDA:3,(anonymous_2326)
FNDA:66,Re
FNDA:198,(anonymous_2328)
FNDA:3,pu
FNDA:6,du
FNDA:6,hu
FNDA:6,_u
FNDA:6,fu
FNDA:0,Rr
FNDA:0,(anonymous_2335)
FNDA:0,(anonymous_2336)
FNDA:0,Pf
FNDA:0,(anonymous_2338)
FNDA:0,Nf
FNDA:0,If
FNDA:0,jr
FNDA:0,Sf
FNDA:0,gu
FNDA:0,mu
FNDA:0,Ft
FNDA:0,et
FNDA:0,(anonymous_2347)
FNDA:0,(anonymous_2348)
FNDA:0,je
DA:1,381
DA:2,381
DA:3,381
DA:4,381
DA:5,381
DA:6,381
DA:7,381
DA:8,381
DA:9,381
DA:10,381
DA:11,381
DA:13,0
DA:14,0
DA:16,0
DA:18,0
DA:19,0
DA:21,0
DA:22,0
DA:23,0
DA:24,0
DA:27,0
DA:28,0
DA:29,0
DA:30,0
DA:34,0
DA:35,0
DA:36,0
DA:37,0
DA:38,0
DA:42,0
DA:43,0
DA:44,0
DA:45,0
DA:46,0
DA:47,0
DA:48,0
DA:49,0
DA:57,0
DA:58,0
DA:60,0
DA:61,0
DA:62,0
DA:63,0
DA:64,0
DA:65,0
DA:71,0
DA:72,0
DA:73,0
DA:74,0
DA:75,0
DA:76,0
DA:77,0
DA:84,0
DA:86,0
DA:91,7
DA:92,1
DA:94,6
DA:96,6
DA:97,6
DA:98,0
DA:99,0
DA:101,0
DA:102,0
DA:103,0
DA:104,0
DA:107,0
DA:108,0
DA:109,0
DA:110,0
DA:114,0
DA:115,0
DA:116,0
DA:117,0
DA:118,0
DA:121,0
DA:122,0
DA:124,0
DA:125,0
DA:126,0
DA:127,0
DA:128,0
DA:129,0
DA:130,0
DA:131,0
DA:132,0
DA:133,0
DA:142,0
DA:143,0
DA:144,0
DA:145,0
DA:146,0
DA:147,0
DA:148,0
DA:149,0
DA:150,0
DA:151,0
DA:152,0
DA:163,6
DA:165,6
DA:170,0
DA:191,3
DA:220,66
DA:221,66
DA:249,198
DA:270,3
DA:273,6
DA:277,6
DA:281,6
DA:285,6
DA:286,6
DA:287,6
DA:288,6
DA:291,0
DA:293,0
DA:295,0
DA:297,0
DA:300,0
DA:301,0
DA:302,0
DA:306,0
DA:307,0
DA:308,0
DA:309,0
DA:310,0
DA:311,0
DA:312,0
DA:316,0
DA:324,0
DA:325,0
DA:329,0
DA:332,0
DA:333,0
DA:335,0
DA:336,0
DA:337,0
DA:338,0
DA:339,0
DA:342,0
DA:345,0
DA:348,0
DA:349,0
DA:350,0
DA:352,0
DA:355,0
DA:356,0
DA:357,0
DA:358,0
DA:359,0
DA:364,0
DA:367,0
DA:380,0
DA:381,0
DA:382,0
DA:383,0
DA:384,0
DA:385,0
DA:386,0
DA:399,0
DA:402,0
DA:403,0
LF:160
LH:30
BRDA:13,0,0,0
BRDA:13,0,1,0
BRDA:49,1,0,0
BRDA:49,1,1,0
BRDA:51,2,0,0
BRDA:51,2,1,0
BRDA:53,3,0,0
BRDA:53,3,1,0
BRDA:91,4,0,1
BRDA:91,4,1,6
BRDA:243,5,0,9
BRDA:243,5,1,57
BRDA:245,6,0,9
BRDA:245,6,1,57
BRDA:306,7,0,0
BRDA:306,7,1,0
BRDA:307,8,0,0
BRDA:307,8,1,0
BRDA:316,9,0,0
BRDA:316,9,1,0
BRDA:325,10,0,0
BRDA:325,10,1,0
BRDA:332,11,0,0
BRDA:332,11,1,0
BRDA:356,12,0,0
BRDA:356,12,1,0
BRDA:359,13,0,0
BRDA:359,13,1,0
BRDA:376,14,0,0
BRDA:376,14,1,0
BRDA:380,15,0,0
BRDA:380,15,1,0
BRDA:395,16,0,0
BRDA:395,16,1,0
BRF:34
BRH:6
end_of_record
TN:
SF:../__tmp__/static/js/syntaxModesRules.js
FN:1,(anonymous_60)
FN:2,(anonymous_61)
FN:15,ph
FN:32,(anonymous_63)
FN:34,(anonymous_64)
FN:38,j
FN:44,U
FN:61,Al
FN:65,(anonymous_68)
FN:75,dh
FN:77,(anonymous_70)
FNF:11
FNH:11
FNDA:381,(anonymous_60)
FNDA:762,(anonymous_61)
FNDA:381,ph
FNDA:6858,(anonymous_63)
FNDA:33,(anonymous_64)
FNDA:33,j
FNDA:33,U
FNDA:806196,Al
FNDA:805815,(anonymous_68)
FNDA:381,dh
FNDA:17526,(anonymous_70)
DA:1,381
DA:2,381
DA:3,762
DA:5,381
DA:6,381
DA:7,381
DA:8,381
DA:9,381
DA:17,381
DA:18,381
DA:19,381
DA:23,381
DA:25,381
DA:26,381
DA:27,381
DA:31,381
DA:32,381
DA:34,6858
DA:35,33
DA:36,33
DA:37,33
DA:39,33
DA:43,33
DA:45,33
DA:48,33
DA:53,381
DA:54,6858
DA:55,6858
DA:59,381
DA:62,806196
DA:63,17526
DA:64,17526
DA:65,17526
DA:66,805815
DA:71,788670
DA:76,381
DA:77,381
DA:78,17526
DA:79,17526
DA:80,17526
LF:40
LH:40
BRDA:2,0,0,381
BRDA:2,0,1,381
BRDA:2,0,2,381
BRDA:3,1,0,0
BRDA:3,1,1,762
BRDA:3,2,0,762
BRDA:3,2,1,762
BRDA:19,3,0,381
BRDA:19,3,1,0
BRDA:31,4,0,381
BRDA:31,4,1,0
BRDA:62,5,0,17526
BRDA:62,5,1,788670
BRF:13
BRH:10
end_of_record
TN:
SF:../__tmp__/static/js/tabs.js
FN:1,(anonymous_566)
FN:28,Th
FN:30,(anonymous_568)
FN:36,(anonymous_569)
FN:68,Ph
FN:75,Nh
FN:89,xo
FN:104,(anonymous_573)
FNF:8
FNH:7
FNDA:381,(anonymous_566)
FNDA:381,Th
FNDA:1,(anonymous_568)
FNDA:0,(anonymous_569)
FNDA:4,Ph
FNDA:23,Nh
FNDA:23,xo
FNDA:180,(anonymous_573)
DA:1,381
DA:2,381
DA:3,381
DA:4,381
DA:5,381
DA:6,381
DA:7,381
DA:8,381
DA:31,1
DA:32,1
DA:33,1
DA:36,0
DA:42,1
DA:43,1
DA:49,381
DA:50,381
DA:54,0
DA:55,0
DA:61,381
DA:62,381
DA:67,381
DA:69,4
DA:71,381
DA:76,23
DA:80,23
DA:81,23
DA:82,23
DA:83,23
DA:91,23
DA:93,23
DA:94,23
DA:96,23
DA:97,23
DA:99,23
DA:103,23
DA:104,23
DA:105,180
DA:108,23
DA:118,23
DA:120,0
DA:123,23
DA:124,0
DA:125,23
DA:129,0
DA:130,23
DA:134,0
DA:138,23
DA:139,23
DA:150,23
LF:49
LH:42
BRDA:49,0,0,0
BRDA:49,0,1,381
BRDA:1,1,0,0
BRDA:1,1,1,1
BRDA:42,2,0,1
BRDA:42,2,1,0
BRDA:43,3,0,1
BRDA:43,3,1,1
BRDA:49,4,0,381
BRDA:49,4,1,0
BRDA:49,5,0,381
BRDA:49,5,1,381
BRDA:50,6,0,0
BRDA:50,6,1,0
BRDA:50,7,0,0
BRDA:50,7,1,0
BRDA:50,8,0,0
BRDA:50,8,1,381
BRDA:55,9,0,0
BRDA:55,9,1,0
BRDA:62,10,0,381
BRDA:62,10,1,22
BRDA:104,11,0,23
BRDA:104,11,1,23
BRDA:104,11,2,23
BRDA:108,12,0,23
BRDA:108,12,1,23
BRDA:118,13,0,0
BRDA:118,13,1,23
BRDA:111,14,0,23
BRDA:111,14,1,23
BRDA:115,15,0,23
BRDA:115,15,1,0
BRDA:123,16,0,0
BRDA:123,16,1,23
BRDA:123,17,0,23
BRDA:123,17,1,0
BRDA:123,18,0,23
BRDA:123,18,1,23
BRDA:125,19,0,0
BRDA:125,19,1,0
BRDA:125,19,2,0
BRDA:125,20,0,0
BRDA:125,20,1,23
BRDA:128,21,0,0
BRDA:128,21,1,23
BRDA:128,22,0,23
BRDA:128,22,1,23
BRDA:130,23,0,0
BRDA:130,23,1,0
BRDA:130,23,2,0
BRDA:130,24,0,0
BRDA:130,24,1,23
BRDA:135,25,0,0
BRDA:135,25,1,0
BRDA:135,25,2,0
BRDA:139,26,0,23
BRDA:139,26,1,23
BRDA:140,27,0,19
BRDA:140,27,1,4
BRDA:146,28,0,23
BRDA:146,28,1,23
BRDA:146,28,2,23
BRDA:150,29,0,23
BRDA:150,29,1,23
BRDA:150,29,2,23
BRDA:151,30,0,23
BRDA:151,30,1,23
BRDA:151,30,2,23
BRF:69
BRH:42
end_of_record
TN:
SF:../__tmp__/static/js/teachers.js
FN:1,(anonymous_826)
FN:2,(anonymous_827)
FN:12,j_
FN:13,(anonymous_829)
FN:22,(anonymous_830)
FN:29,(anonymous_831)
FN:35,F_
FN:36,(anonymous_833)
FN:45,(anonymous_834)
FN:52,(anonymous_835)
FN:58,B_
FN:59,(anonymous_837)
FN:69,(anonymous_838)
FN:76,(anonymous_839)
FN:82,G_
FN:83,(anonymous_841)
FN:89,(anonymous_842)
FN:96,(anonymous_843)
FN:102,W_
FN:112,(anonymous_845)
FN:119,(anonymous_846)
FN:121,(anonymous_847)
FN:132,U_
FN:133,(anonymous_849)
FN:143,(anonymous_850)
FN:145,(anonymous_851)
FN:151,H_
FN:152,(anonymous_853)
FN:162,(anonymous_854)
FN:164,(anonymous_855)
FN:170,V_
FN:171,(anonymous_857)
FN:177,(anonymous_858)
FN:184,(anonymous_859)
FN:190,q_
FN:191,(anonymous_861)
FN:200,(anonymous_862)
FN:202,(anonymous_863)
FN:208,su
FN:217,(anonymous_865)
FN:233,(anonymous_866)
FN:235,(anonymous_867)
FN:239,Y_
FN:241,(anonymous_869)
FN:250,X_
FN:277,Z_
FN:288,(anonymous_872)
FN:290,(anonymous_873)
FN:295,K_
FN:296,(anonymous_875)
FN:302,(anonymous_876)
FN:304,(anonymous_877)
FN:310,J_
FN:311,(anonymous_879)
FN:312,(anonymous_880)
FN:322,(anonymous_881)
FN:324,(anonymous_882)
FN:331,Q_
FN:333,(anonymous_884)
FN:354,ef
FN:356,(anonymous_886)
FN:362,(anonymous_887)
FN:368,(anonymous_888)
FN:374,(anonymous_889)
FN:376,(anonymous_890)
FN:382,(anonymous_891)
FN:386,(anonymous_892)
FN:405,(anonymous_893)
FN:412,(anonymous_894)
FN:417,tf
FN:418,(anonymous_896)
FN:424,(anonymous_897)
FN:437,(anonymous_898)
FN:454,(anonymous_899)
FN:460,nf
FN:464,(anonymous_901)
FN:476,rf
FN:480,(anonymous_903)
FN:494,(anonymous_904)
FN:502,(anonymous_905)
FN:509,(anonymous_906)
FN:525,of
FN:530,(anonymous_908)
FN:541,af
FN:547,(anonymous_910)
FN:549,(anonymous_911)
FN:560,sf
FN:562,(anonymous_913)
FN:567,lf
FN:568,(anonymous_915)
FN:569,(anonymous_916)
FN:575,(anonymous_917)
FN:578,(anonymous_918)
FN:592,(anonymous_919)
FN:595,(anonymous_920)
FN:607,(anonymous_921)
FN:611,(anonymous_922)
FN:617,uf
FN:621,(anonymous_924)
FN:632,cf
FN:644,pf
FN:653,wo
FN:656,(anonymous_928)
FN:657,(anonymous_929)
FN:666,(anonymous_930)
FN:671,(anonymous_931)
FN:674,(anonymous_932)
FN:681,(anonymous_933)
FN:682,(anonymous_934)
FN:714,df
FN:720,(anonymous_936)
FN:722,(anonymous_937)
FN:726,(anonymous_938)
FN:730,(anonymous_939)
FN:742,(anonymous_940)
FN:755,(anonymous_941)
FN:763,(anonymous_942)
FNF:117
FNH:62
FNDA:381,(anonymous_826)
FNDA:381,(anonymous_827)
FNDA:19,j_
FNDA:18,(anonymous_829)
FNDA:18,(anonymous_830)
FNDA:0,(anonymous_831)
FNDA:0,F_
FNDA:0,(anonymous_833)
FNDA:0,(anonymous_834)
FNDA:0,(anonymous_835)
FNDA:2,B_
FNDA:1,(anonymous_837)
FNDA:0,(anonymous_838)
FNDA:1,(anonymous_839)
FNDA:0,G_
FNDA:0,(anonymous_841)
FNDA:0,(anonymous_842)
FNDA:0,(anonymous_843)
FNDA:0,W_
FNDA:0,(anonymous_845)
FNDA:0,(anonymous_846)
FNDA:0,(anonymous_847)
FNDA:1,U_
FNDA:1,(anonymous_849)
FNDA:1,(anonymous_850)
FNDA:0,(anonymous_851)
FNDA:0,H_
FNDA:0,(anonymous_853)
FNDA:0,(anonymous_854)
FNDA:0,(anonymous_855)
FNDA:0,V_
FNDA:0,(anonymous_857)
FNDA:0,(anonymous_858)
FNDA:0,(anonymous_859)
FNDA:1,q_
FNDA:1,(anonymous_861)
FNDA:1,(anonymous_862)
FNDA:0,(anonymous_863)
FNDA:1,su
FNDA:0,(anonymous_865)
FNDA:1,(anonymous_866)
FNDA:0,(anonymous_867)
FNDA:2,Y_
FNDA:1,(anonymous_869)
FNDA:1,X_
FNDA:1,Z_
FNDA:1,(anonymous_872)
FNDA:0,(anonymous_873)
FNDA:2,K_
FNDA:1,(anonymous_875)
FNDA:1,(anonymous_876)
FNDA:0,(anonymous_877)
FNDA:0,J_
FNDA:0,(anonymous_879)
FNDA:0,(anonymous_880)
FNDA:0,(anonymous_881)
FNDA:0,(anonymous_882)
FNDA:0,Q_
FNDA:0,(anonymous_884)
FNDA:1,ef
FNDA:18,(anonymous_886)
FNDA:6,(anonymous_887)
FNDA:1,(anonymous_888)
FNDA:18,(anonymous_889)
FNDA:18,(anonymous_890)
FNDA:18,(anonymous_891)
FNDA:125,(anonymous_892)
FNDA:1,(anonymous_893)
FNDA:0,(anonymous_894)
FNDA:12,tf
FNDA:12,(anonymous_896)
FNDA:12,(anonymous_897)
FNDA:216,(anonymous_898)
FNDA:0,(anonymous_899)
FNDA:0,nf
FNDA:0,(anonymous_901)
FNDA:0,rf
FNDA:0,(anonymous_903)
FNDA:0,(anonymous_904)
FNDA:0,(anonymous_905)
FNDA:0,(anonymous_906)
FNDA:1,of
FNDA:3,(anonymous_908)
FNDA:1,af
FNDA:5,(anonymous_910)
FNDA:12,(anonymous_911)
FNDA:0,sf
FNDA:0,(anonymous_913)
FNDA:7,lf
FNDA:7,(anonymous_915)
FNDA:105,(anonymous_916)
FNDA:35,(anonymous_917)
FNDA:84,(anonymous_918)
FNDA:0,(anonymous_919)
FNDA:0,(anonymous_920)
FNDA:0,(anonymous_921)
FNDA:0,(anonymous_922)
FNDA:0,uf
FNDA:0,(anonymous_924)
FNDA:1,cf
FNDA:4,pf
FNDA:255,wo
FNDA:5859,(anonymous_928)
FNDA:2,(anonymous_929)
FNDA:0,(anonymous_930)
FNDA:0,(anonymous_931)
FNDA:2,(anonymous_932)
FNDA:0,(anonymous_933)
FNDA:2,(anonymous_934)
FNDA:30,df
FNDA:30,(anonymous_936)
FNDA:29,(anonymous_937)
FNDA:7,(anonymous_938)
FNDA:7,(anonymous_939)
FNDA:4,(anonymous_940)
FNDA:2,(anonymous_941)
FNDA:3,(anonymous_942)
DA:1,381
DA:2,381
DA:3,381
DA:5,381
DA:6,381
DA:7,381
DA:8,381
DA:9,381
DA:10,381
DA:11,381
DA:13,19
DA:14,18
DA:23,18
DA:30,0
DA:34,381
DA:36,0
DA:37,0
DA:46,0
DA:53,0
DA:57,381
DA:59,2
DA:60,1
DA:70,0
DA:77,1
DA:81,381
DA:83,0
DA:84,0
DA:90,0
DA:97,0
DA:101,381
DA:103,0
DA:113,0
DA:120,0
DA:121,0
DA:122,0
DA:127,0
DA:131,381
DA:133,1
DA:134,1
DA:144,1
DA:146,0
DA:150,381
DA:152,0
DA:153,0
DA:163,0
DA:165,0
DA:169,381
DA:171,0
DA:172,0
DA:178,0
DA:185,0
DA:189,381
DA:191,1
DA:192,1
DA:201,1
DA:203,0
DA:207,381
DA:210,1
DA:211,1
DA:212,1
DA:213,1
DA:216,1
DA:217,1
DA:218,0
DA:234,1
DA:236,0
DA:240,2
DA:242,1
DA:249,381
DA:251,1
DA:252,1
DA:253,0
DA:255,1
DA:256,1
DA:257,0
DA:259,1
DA:260,1
DA:266,1
DA:267,1
DA:268,1
DA:270,1
DA:274,1
DA:278,1
DA:280,1
DA:289,1
DA:291,0
DA:294,381
DA:296,2
DA:297,1
DA:303,1
DA:305,0
DA:309,381
DA:311,0
DA:312,0
DA:313,0
DA:323,0
DA:325,0
DA:330,381
DA:333,0
DA:334,0
DA:352,381
DA:355,1
DA:356,1
DA:357,18
DA:361,1
DA:362,1
DA:363,6
DA:367,1
DA:368,1
DA:369,1
DA:373,1
DA:374,1
DA:375,18
DA:377,18
DA:381,1
DA:382,1
DA:383,18
DA:384,18
DA:385,18
DA:387,125
DA:388,125
DA:389,125
DA:390,125
DA:406,1
DA:413,0
DA:416,381
DA:418,12
DA:419,12
DA:425,12
DA:438,216
DA:439,216
DA:440,216
DA:442,1500
DA:443,1500
DA:445,216
DA:447,12
DA:448,216
DA:450,12
DA:451,12
DA:453,12
DA:455,0
DA:459,381
DA:462,0
DA:463,0
DA:464,0
DA:465,0
DA:466,0
DA:475,381
DA:479,0
DA:480,0
DA:481,0
DA:493,0
DA:494,0
DA:495,0
DA:503,0
DA:509,0
DA:510,0
DA:524,381
DA:526,1
DA:527,1
DA:531,3
DA:536,1
DA:537,5
DA:540,381
DA:542,1
DA:543,0
DA:545,0
DA:547,1
DA:548,5
DA:550,12
DA:551,4
DA:552,4
DA:559,381
DA:561,0
DA:562,0
DA:563,0
DA:566,381
DA:568,7
DA:569,7
DA:570,105
DA:574,7
DA:575,7
DA:576,35
DA:577,28
DA:578,28
DA:579,84
DA:593,0
DA:594,0
DA:596,0
DA:600,0
DA:603,0
DA:608,0
DA:612,0
DA:616,381
DA:619,0
DA:620,0
DA:622,0
DA:623,0
DA:625,0
DA:626,0
DA:627,0
DA:634,1
DA:635,1
DA:642,381
DA:645,4
DA:646,4
DA:647,4
DA:648,24
DA:650,4
DA:654,255
DA:655,255
DA:656,255
DA:657,5859
DA:658,2
DA:659,2
DA:660,151
DA:661,151
DA:667,0
DA:672,0
DA:675,2
DA:676,151
DA:677,151
DA:681,0
DA:684,2
DA:685,1
DA:686,1
DA:687,8
DA:694,1
DA:703,255
DA:704,5859
DA:705,5859
DA:708,381
DA:715,30
DA:722,30
DA:727,7
DA:728,7
DA:731,7
DA:736,7
DA:737,7
DA:738,5
DA:740,7
DA:743,4
DA:744,4
DA:745,4
DA:746,4
DA:747,4
DA:748,0
DA:750,4
DA:756,2
DA:757,2
DA:758,2
DA:759,2
DA:761,2
DA:762,2
DA:763,3
DA:764,2
DA:771,381
LF:257
LH:179
BRDA:2,0,0,381
BRDA:2,0,1,381
BRDA:2,0,2,381
BRDA:3,1,0,0
BRDA:3,1,1,381
BRDA:3,2,0,381
BRDA:3,2,1,381
BRDA:23,3,0,0
BRDA:23,3,1,18
BRDA:46,4,0,0
BRDA:46,4,1,0
BRDA:70,5,0,0
BRDA:70,5,1,0
BRDA:90,6,0,0
BRDA:90,6,1,0
BRDA:113,7,0,0
BRDA:113,7,1,0
BRDA:120,8,0,0
BRDA:120,8,1,0
BRDA:178,9,0,0
BRDA:178,9,1,0
BRDA:240,10,0,0
BRDA:240,10,1,2
BRDA:252,11,0,0
BRDA:252,11,1,1
BRDA:256,12,0,0
BRDA:256,12,1,1
BRDA:334,13,0,0
BRDA:334,13,1,0
BRDA:339,14,0,0
BRDA:339,14,1,0
BRDA:357,15,0,18
BRDA:357,15,1,18
BRDA:363,16,0,6
BRDA:363,16,1,0
BRDA:369,17,0,1
BRDA:369,17,1,0
BRDA:375,18,0,18
BRDA:375,18,1,18
BRDA:406,19,0,1
BRDA:406,19,1,0
BRDA:466,20,0,0
BRDA:466,20,1,0
BRDA:466,20,2,0
BRDA:467,21,0,0
BRDA:467,21,1,0
BRDA:479,22,0,0
BRDA:479,22,1,0
BRDA:482,23,0,0
BRDA:482,23,1,0
BRDA:495,24,0,0
BRDA:495,24,1,0
BRDA:500,25,0,0
BRDA:500,25,1,0
BRDA:516,26,0,0
BRDA:516,26,1,0
BRDA:531,27,0,3
BRDA:531,27,1,2
BRDA:542,28,0,0
BRDA:542,28,1,1
BRDA:548,29,0,5
BRDA:548,29,1,4
BRDA:550,30,0,4
BRDA:550,30,1,8
BRDA:576,31,0,28
BRDA:576,31,1,7
BRDA:593,32,0,0
BRDA:593,32,1,0
BRDA:596,33,0,0
BRDA:596,33,1,0
BRDA:604,34,0,0
BRDA:604,34,1,0
BRDA:661,35,0,151
BRDA:661,35,1,149
BRDA:667,36,0,0
BRDA:667,36,1,0
BRDA:684,37,0,1
BRDA:684,37,1,1
BRDA:687,38,0,8
BRDA:687,38,1,1
BRDA:690,39,0,8
BRDA:690,39,1,1
BRDA:694,40,0,0
BRDA:694,40,1,1
BRDA:747,41,0,0
BRDA:747,41,1,4
BRDA:761,42,0,0
BRDA:761,42,1,2
BRDA:763,43,0,3
BRDA:763,43,1,2
BRF:90
BRH:39
end_of_record
TN:
SF:../__tmp__/static/js/tutorials/intro.js
FN:1,(anonymous_2374)
FN:8,Of
FN:16,$f
FN:62,(anonymous_2377)
FN:64,(anonymous_2378)
FN:82,Rf
FN:89,jf
FN:93,(anonymous_2381)
FN:99,Ff
FN:107,Bf
FN:112,(anonymous_2384)
FN:114,(anonymous_2385)
FN:120,Gf
FN:130,Wf
FN:137,Uf
FN:149,Hf
FN:161,Vf
FN:162,(anonymous_2391)
FN:171,qf
FN:172,(anonymous_2393)
FN:181,Yf
FN:182,(anonymous_2395)
FN:191,Xf
FN:193,(anonymous_2397)
FN:209,Zf
FN:217,ku
FNF:26
FNH:9
FNDA:381,(anonymous_2374)
FNDA:3,Of
FNDA:6,$f
FNDA:0,(anonymous_2377)
FNDA:0,(anonymous_2378)
FNDA:2,Rf
FNDA:1,jf
FNDA:0,(anonymous_2381)
FNDA:1,Ff
FNDA:1,Bf
FNDA:1,(anonymous_2384)
FNDA:0,(anonymous_2385)
FNDA:1,Gf
FNDA:0,Wf
FNDA:0,Uf
FNDA:0,Hf
FNDA:0,Vf
FNDA:0,(anonymous_2391)
FNDA:0,qf
FNDA:0,(anonymous_2393)
FNDA:0,Yf
FNDA:0,(anonymous_2395)
FNDA:0,Xf
FNDA:0,(anonymous_2397)
FNDA:0,Zf
FNDA:0,ku
DA:1,381
DA:2,381
DA:3,381
DA:4,381
DA:5,381
DA:6,381
DA:7,381
DA:9,3
DA:15,381
DA:17,6
DA:63,0
DA:65,0
DA:81,381
DA:83,2
DA:94,0
DA:108,1
DA:113,1
DA:115,0
DA:131,0
DA:162,0
DA:163,0
DA:172,0
DA:173,0
DA:182,0
DA:183,0
DA:193,0
DA:194,0
DA:210,0
LF:28
LH:14
BRDA:12,0,0,3
BRDA:12,0,1,3
BRDA:12,0,2,3
BRDA:18,1,0,2
BRDA:18,1,1,4
BRDA:21,2,0,1
BRDA:21,2,1,3
BRDA:24,3,0,1
BRDA:24,3,1,2
BRDA:27,4,0,1
BRDA:27,4,1,1
BRDA:30,5,0,1
BRDA:30,5,1,0
BRDA:33,6,0,0
BRDA:33,6,1,0
BRDA:36,7,0,0
BRDA:36,7,1,0
BRDA:39,8,0,0
BRDA:39,8,1,0
BRDA:42,9,0,0
BRDA:42,9,1,0
BRDA:45,10,0,0
BRDA:45,10,1,0
BRDA:48,11,0,0
BRDA:48,11,1,0
BRDA:51,12,0,0
BRDA:51,12,1,0
BRDA:54,13,0,0
BRDA:54,13,1,0
BRDA:57,14,0,0
BRDA:57,14,1,0
BRDA:63,15,0,0
BRDA:63,15,1,0
BRDA:86,16,0,2
BRDA:86,16,1,2
BRDA:86,16,2,2
BRDA:113,17,0,1
BRDA:113,17,1,1
BRDA:113,17,2,1
BRDA:115,18,0,0
BRDA:115,18,1,0
BRDA:115,18,2,0
BRDA:163,19,0,0
BRDA:163,19,1,0
BRDA:173,20,0,0
BRDA:173,20,1,0
BRDA:183,21,0,0
BRDA:183,21,1,0
BRDA:194,22,0,0
BRDA:194,22,1,0
BRF:50
BRH:18
end_of_record
TN:
SF:../__tmp__/static/js/tutorials/level1.js
FN:1,(anonymous_2411)
FN:14,ig
FN:19,ag
FNF:3
FNH:1
FNDA:381,(anonymous_2411)
FNDA:0,ig
FNDA:0,ag
DA:1,381
DA:3,381
DA:4,381
DA:11,381
DA:12,381
DA:13,381
DA:15,0
DA:18,381
DA:20,0
DA:30,381
LF:10
LH:8
BRDA:21,0,0,0
BRDA:21,0,1,0
BRDA:22,1,0,0
BRDA:22,1,1,0
BRDA:22,1,2,0
BRDA:26,2,0,0
BRDA:26,2,1,0
BRF:7
BRH:0
end_of_record
TN:
SF:../__tmp__/static/js/tutorials/teacher.js
FN:1,(anonymous_2400)
FN:7,Jf
FN:12,Qf
FN:34,(anonymous_2403)
FN:36,(anonymous_2404)
FN:54,eg
FN:61,tg
FN:64,ng
FN:71,rg
FN:78,og
FN:84,Lu
FNF:11
FNH:1
FNDA:381,(anonymous_2400)
FNDA:0,Jf
FNDA:0,Qf
FNDA:0,(anonymous_2403)
FNDA:0,(anonymous_2404)
FNDA:0,eg
FNDA:0,tg
FNDA:0,ng
FNDA:0,rg
FNDA:0,og
FNDA:0,Lu
DA:1,381
DA:2,381
DA:3,381
DA:4,381
DA:5,381
DA:6,381
DA:8,0
DA:11,381
DA:13,0
DA:35,0
DA:37,0
DA:53,381
DA:55,0
DA:65,0
DA:72,0
DA:79,0
LF:16
LH:8
BRDA:14,0,0,0
BRDA:14,0,1,0
BRDA:17,1,0,0
BRDA:17,1,1,0
BRDA:20,2,0,0
BRDA:20,2,1,0
BRDA:23,3,0,0
BRDA:23,3,1,0
BRDA:26,4,0,0
BRDA:26,4,1,0
BRDA:29,5,0,0
BRDA:29,5,1,0
BRDA:35,6,0,0
BRDA:35,6,1,0
BRF:14
BRH:0
end_of_record
TN:
SF:../__tmp__/static/js/tutorials/tutorial.js
FN:1,(anonymous_2414)
FN:10,sg
FN:11,(anonymous_2416)
FN:24,lg
FN:30,ug
FN:36,cg
FN:42,pg
FN:47,dg
FNF:8
FNH:4
FNDA:381,(anonymous_2414)
FNDA:381,sg
FNDA:6,(anonymous_2416)
FNDA:3,lg
FNDA:0,ug
FNDA:0,cg
FNDA:0,pg
FNDA:0,dg
DA:1,381
DA:2,381
DA:3,381
DA:4,381
DA:5,381
DA:7,381
DA:8,381
DA:11,381
DA:14,6
DA:23,381
DA:25,3
DA:29,381
DA:31,0
DA:35,381
DA:37,0
DA:41,381
DA:43,0
DA:48,0
LF:18
LH:14
BRDA:14,0,0,6
BRDA:14,0,1,0
BRDA:17,1,0,0
BRDA:17,1,1,0
BRDA:43,2,0,0
BRDA:43,2,1,0
BRDA:48,3,0,0
BRDA:48,3,1,0
BRF:8
BRH:1
end_of_record
TN:
SF:../__tmp__/static/js/tutorials/utils.js
FN:1,(anonymous_2367)
FN:7,Df
FN:11,Ef
FN:15,Af
FN:24,zf
FN:30,(anonymous_2372)
FN:34,(anonymous_2373)
FNF:7
FNH:6
FNDA:381,(anonymous_2367)
FNDA:5,Df
FNDA:3,Ef
FNDA:6,Af
FNDA:9,zf
FNDA:9,(anonymous_2372)
FNDA:0,(anonymous_2373)
DA:1,381
DA:4,381
DA:5,381
DA:6,381
DA:8,5
DA:10,381
DA:12,3
DA:14,381
DA:17,6
DA:18,6
DA:19,6
DA:20,6
DA:23,381
DA:25,9
DA:26,9
DA:31,9
DA:35,0
DA:38,381
LF:18
LH:17
BRDA:17,0,0,6
BRDA:17,0,1,0
BRDA:17,1,0,6
BRDA:17,1,1,6
BRF:4
BRH:3
end_of_record
TN:
SF:../node_modules/chart.js/dist/chart.js
FN:1,(anonymous_1017)
FN:7,(anonymous_1018)
FN:11,(anonymous_1019)
FN:13,l
FN:16,(anonymous_1021)
FN:18,(anonymous_1022)
FN:24,p
FN:25,(anonymous_1024)
FN:28,(anonymous_1025)
FN:32,(anonymous_1026)
FN:39,c
FN:41,(anonymous_1028)
FN:51,(anonymous_1029)
FN:52,(anonymous_1030)
FN:53,(anonymous_1031)
FN:59,(anonymous_1032)
FN:65,(anonymous_1033)
FN:68,(anonymous_1034)
FN:75,(anonymous_1035)
FN:80,(anonymous_1036)
FN:88,(anonymous_1037)
FN:90,(anonymous_1038)
FN:127,(anonymous_1039)
FN:144,(anonymous_1040)
FN:147,(anonymous_1041)
FN:153,(anonymous_1042)
FN:156,(anonymous_1043)
FN:163,(anonymous_1044)
FN:166,(anonymous_1045)
FN:176,(anonymous_1046)
FN:189,(anonymous_1047)
FN:203,(anonymous_1048)
FN:204,(anonymous_1049)
FN:205,(anonymous_1050)
FN:206,C
FN:209,N
FN:231,A
FN:237,j
FN:240,(anonymous_1055)
FN:241,G
FN:244,V
FN:247,X
FN:250,ae
FN:254,te
FN:278,ye
FN:286,re
FN:288,(anonymous_1063)
FN:291,v
FN:292,(anonymous_1065)
FN:295,oe
FN:309,Ie
FN:330,le
FN:337,we
FN:340,de
FN:343,Se
FN:346,Z
FN:349,q
FN:376,Me
FN:384,ke
FN:575,mt
FN:592,He
FN:605,st
FN:615,Je
FN:618,lt
FN:633,At
FN:640,(anonymous_1082)
FN:652,(anonymous_1083)
FN:655,(anonymous_1084)
FN:662,(anonymous_1085)
FN:667,(anonymous_1086)
FN:670,(anonymous_1087)
FN:673,(anonymous_1088)
FN:676,(anonymous_1089)
FN:695,(anonymous_1090)
FN:698,(anonymous_1091)
FN:702,(anonymous_1092)
FN:707,(anonymous_1093)
FN:713,(anonymous_1094)
FN:718,(anonymous_1095)
FN:725,(anonymous_1096)
FN:729,(anonymous_1097)
FN:733,(anonymous_1098)
FN:737,(anonymous_1099)
FN:741,(anonymous_1100)
FN:746,ie
FN:750,(anonymous_1102)
FN:751,P
FN:754,M
FN:760,z
FN:761,(anonymous_1106)
FN:763,(anonymous_1107)
FN:767,Y
FN:770,B
FN:780,ne
FN:783,(anonymous_1111)
FN:784,ue
FN:787,pe
FN:790,(anonymous_1114)
FN:794,(anonymous_1115)
FN:798,Ae
FN:803,Ge
FN:824,ft
FN:838,Kt
FN:854,at
FN:857,wn
FN:869,Gt
FN:889,xt
FN:892,Wt
FN:904,pr
FN:912,Xn
FN:916,It
FN:929,an
FN:932,(anonymous_1129)
FN:933,(anonymous_1130)
FN:934,(anonymous_1131)
FN:948,Kn
FN:959,Hr
FN:966,(anonymous_1134)
FN:972,(anonymous_1135)
FN:989,(anonymous_1136)
FN:990,(anonymous_1137)
FN:991,(anonymous_1138)
FN:1008,(anonymous_1139)
FN:1011,(anonymous_1140)
FN:1014,(anonymous_1141)
FN:1017,(anonymous_1142)
FN:1020,(anonymous_1143)
FN:1031,(anonymous_1144)
FN:1039,(anonymous_1145)
FN:1047,(anonymous_1146)
FN:1048,(anonymous_1147)
FN:1068,dr
FN:1076,Mn
FN:1089,(anonymous_1150)
FN:1092,Ht
FN:1095,cn
FN:1098,hr
FN:1102,pn
FN:1112,Tt
FN:1115,Tn
FN:1118,_r
FN:1130,fr
FN:1143,dn
FN:1146,Pn
FN:1149,bt
FN:1152,On
FN:1163,ht
FN:1166,Yr
FN:1169,Vt
FN:1173,Xr
FN:1182,Nn
FN:1193,gr
FN:1230,Pt
FN:1235,$n
FN:1242,In
FN:1344,$t
FN:1349,Qn
FN:1355,er
FN:1358,hn
FN:1373,Sn
FN:1385,_n
FN:1409,No
FN:1426,Zr
FN:1442,Rn
FN:1454,tr
FN:1455,(anonymous_1182)
FN:1469,(anonymous_1183)
FN:1470,(anonymous_1184)
FN:1471,(anonymous_1185)
FN:1472,(anonymous_1186)
FN:1473,Io
FN:1487,Kr
FN:1499,(anonymous_1189)
FN:1505,(anonymous_1190)
FN:1507,(anonymous_1191)
FN:1517,xr
FN:1530,(anonymous_1193)
FN:1535,kr
FN:1547,Jr
FN:1550,fn
FN:1557,qt
FN:1569,(anonymous_1198)
FN:1570,Qr
FN:1574,gn
FN:1585,(anonymous_1201)
FN:1586,Te
FN:1604,W
FN:1623,me
FN:1648,(anonymous_1205)
FN:1649,Xe
FN:1674,kt
FN:1696,(anonymous_1208)
FN:1699,(anonymous_1209)
FN:1711,gt
FN:1717,mn
FN:1726,Yt
FN:1739,Co
FN:1758,Do
FN:1772,Oa
FN:1775,(anonymous_1216)
FN:1781,Mi
FN:1786,(anonymous_1218)
FN:1794,Ti
FN:1801,(anonymous_1220)
FN:1820,$a
FN:1826,(anonymous_1222)
FN:1841,(anonymous_1223)
FN:1851,(anonymous_1224)
FN:1860,(anonymous_1225)
FN:1876,(anonymous_1226)
FN:1881,(anonymous_1227)
FN:1886,(anonymous_1228)
FN:1889,(anonymous_1229)
FN:1897,ja
FN:1912,(anonymous_1231)
FN:1913,Eo
FN:1919,(anonymous_1233)
FN:1920,(anonymous_1234)
FN:1921,(anonymous_1235)
FN:1927,Pi
FN:1930,rr
FN:1933,Ct
FN:1939,vt
FN:1962,vr
FN:1986,Fa
FN:1989,(anonymous_1242)
FN:1995,Cn
FN:2000,eo
FN:2001,(anonymous_1245)
FN:2003,Ga
FN:2004,(anonymous_1247)
FN:2006,to
FN:2007,(anonymous_1249)
FN:2015,Eu
FN:2033,Au
FN:2046,zu
FN:2065,Ou
FN:2067,(anonymous_1254)
FN:2083,Wa
FN:2086,Ua
FN:2092,$u
FN:2117,Ru
FN:2119,t
FN:2129,ju
FN:2131,r
FN:2133,(anonymous_1262)
FN:2142,no
FN:2162,Ao
FN:2170,Ha
FN:2220,(anonymous_1266)
FN:2227,(anonymous_1267)
FN:2230,(anonymous_1268)
FN:2237,(anonymous_1269)
FN:2243,(anonymous_1270)
FN:2248,(anonymous_1271)
FN:2258,(anonymous_1272)
FN:2263,(anonymous_1273)
FN:2302,(anonymous_1274)
FN:2310,zo
FN:2310,(anonymous_1276)
FN:2321,(anonymous_1277)
FN:2324,(anonymous_1278)
FN:2330,(anonymous_1279)
FN:2332,(anonymous_1280)
FN:2334,(anonymous_1281)
FN:2337,(anonymous_1282)
FN:2340,(anonymous_1283)
FN:2343,(anonymous_1284)
FN:2346,(anonymous_1285)
FN:2354,or
FN:2362,(anonymous_1287)
FN:2363,(anonymous_1288)
FN:2366,(anonymous_1289)
FN:2371,(anonymous_1290)
FN:2373,(anonymous_1291)
FN:2375,(anonymous_1292)
FN:2380,(anonymous_1293)
FN:2383,(anonymous_1294)
FN:2386,(anonymous_1295)
FN:2389,(anonymous_1296)
FN:2396,Ni
FN:2402,(anonymous_1298)
FN:2403,(anonymous_1299)
FN:2406,(anonymous_1300)
FN:2407,(anonymous_1301)
FN:2409,Va
FN:2417,Bu
FN:2431,Gu
FN:2444,Wu
FN:2450,(anonymous_1306)
FN:2459,qa
FN:2462,(anonymous_1308)
FN:2464,Hu
FN:2479,Si
FN:2496,(anonymous_1311)
FN:2498,Ya
FN:2504,Vu
FN:2515,qu
FN:2526,Xa
FN:2537,Za
FN:2544,Yu
FN:2547,(anonymous_1318)
FN:2555,(anonymous_1319)
FN:2556,(anonymous_1320)
FN:2557,Ja
FN:2580,Zu
FN:2605,Ku
FN:2631,Qa
FN:2657,Oo
FN:2660,Ju
FN:2681,es
FN:2684,(anonymous_1328)
FN:2710,(anonymous_1329)
FN:2711,(anonymous_1330)
FN:2712,(anonymous_1331)
FN:2714,(anonymous_1332)
FN:2715,(anonymous_1333)
FN:2716,(anonymous_1334)
FN:2717,(anonymous_1335)
FN:2720,(anonymous_1336)
FN:2721,(anonymous_1337)
FN:2722,(anonymous_1338)
FN:2725,(anonymous_1339)
FN:2726,(anonymous_1340)
FN:2727,(anonymous_1341)
FN:2730,(anonymous_1342)
FN:2731,(anonymous_1343)
FN:2732,(anonymous_1344)
FN:2735,(anonymous_1345)
FN:2736,(anonymous_1346)
FN:2737,(anonymous_1347)
FN:2738,(anonymous_1348)
FN:2739,(anonymous_1349)
FN:2740,(anonymous_1350)
FN:2743,(anonymous_1351)
FN:2744,(anonymous_1352)
FN:2745,(anonymous_1353)
FN:2748,(anonymous_1354)
FN:2749,(anonymous_1355)
FN:2750,(anonymous_1356)
FN:2758,(anonymous_1357)
FN:2762,(anonymous_1358)
FN:2766,(anonymous_1359)
FN:2773,(anonymous_1360)
FN:2774,(anonymous_1361)
FN:2788,(anonymous_1362)
FN:2793,jn
FN:2799,rs
FN:2807,os
FN:2819,Qu
FN:2829,yr
FN:2833,(anonymous_1368)
FN:2835,(anonymous_1369)
FN:2838,(anonymous_1370)
FN:2841,(anonymous_1371)
FN:2847,(anonymous_1372)
FN:2850,(anonymous_1373)
FN:2855,(anonymous_1374)
FN:2857,(anonymous_1375)
FN:2860,(anonymous_1376)
FN:2862,(anonymous_1377)
FN:2865,(anonymous_1378)
FN:2868,(anonymous_1379)
FN:2873,ir
FN:2876,Ci
FN:2888,Di
FN:2895,as
FN:2905,(anonymous_1384)
FN:2906,(anonymous_1385)
FN:2909,ss
FN:2917,nc
FN:2941,Ei
FN:2953,(anonymous_1389)
FN:2954,(anonymous_1390)
FN:2955,(anonymous_1391)
FN:2956,(anonymous_1392)
FN:2982,Ai
FN:2993,rc
FN:3014,oc
FN:3041,ls
FN:3057,us
FN:3063,ic
FN:3072,E
FN:3116,cs
FN:3127,ac
FN:3250,(anonymous_1402)
FN:3251,(anonymous_1403)
FN:3254,(anonymous_1404)
FN:3255,(anonymous_1405)
FN:3256,(anonymous_1406)
FN:3259,(anonymous_1407)
FN:3267,(anonymous_1408)
FN:3270,(anonymous_1409)
FN:3275,(anonymous_1410)
FN:3278,(anonymous_1411)
FN:3295,(anonymous_1412)
FN:3296,uc
FN:3332,cc
FN:3335,pc
FN:3338,dc
FN:3349,jo
FN:3356,hc
FN:3358,(anonymous_1419)
FN:3371,_c
FN:3373,(anonymous_1421)
FN:3388,fs
FN:3394,(anonymous_1423)
FN:3400,fc
FN:3406,gc
FN:3412,mc
FN:3418,(anonymous_1427)
FN:3425,(anonymous_1428)
FN:3438,Oi
FN:3446,xc
FN:3448,(anonymous_1431)
FN:3452,(anonymous_1432)
FN:3460,(anonymous_1433)
FN:3468,(anonymous_1434)
FN:3474,(anonymous_1435)
FN:3483,(anonymous_1436)
FN:3490,(anonymous_1437)
FN:3501,(anonymous_1438)
FN:3516,(anonymous_1439)
FN:3519,(anonymous_1440)
FN:3522,(anonymous_1441)
FN:3528,ms
FN:3545,(anonymous_1443)
FN:3548,(anonymous_1444)
FN:3555,(anonymous_1445)
FN:3560,(anonymous_1446)
FN:3576,(anonymous_1447)
FN:3579,(anonymous_1448)
FN:3593,(anonymous_1449)
FN:3600,(anonymous_1450)
FN:3623,(anonymous_1451)
FN:3625,(anonymous_1452)
FN:3629,(anonymous_1453)
FN:3654,(anonymous_1454)
FN:3699,(anonymous_1455)
FN:3705,(anonymous_1456)
FN:3710,(anonymous_1457)
FN:3715,(anonymous_1458)
FN:3724,(anonymous_1459)
FN:3731,(anonymous_1460)
FN:3739,(anonymous_1461)
FN:3741,(anonymous_1462)
FN:3746,(anonymous_1463)
FN:3782,(anonymous_1464)
FN:3794,yc
FN:3805,wc
FN:3820,Ls
FN:3830,Mc
FN:3843,Tc
FN:3861,bs
FN:3870,ys
FN:3892,Pc
FN:3905,ws
FN:3909,Nc
FN:3912,Ic
FN:3919,Sc
FN:3923,Ms
FN:3932,Ts
FN:3951,Ri
FN:3953,(anonymous_1480)
FN:3955,Cc
FN:3967,Dc
FN:3979,oo
FN:3994,(anonymous_1484)
FN:3995,(anonymous_1485)
FN:3996,(anonymous_1486)
FN:3999,(anonymous_1487)
FN:4018,(anonymous_1488)
FN:4025,(anonymous_1489)
FN:4031,(anonymous_1490)
FN:4035,(anonymous_1491)
FN:4048,(anonymous_1492)
FN:4051,(anonymous_1493)
FN:4054,(anonymous_1494)
FN:4057,(anonymous_1495)
FN:4063,(anonymous_1496)
FN:4066,(anonymous_1497)
FN:4075,(anonymous_1498)
FN:4095,(anonymous_1499)
FN:4102,(anonymous_1500)
FN:4119,(anonymous_1501)
FN:4127,(anonymous_1502)
FN:4146,(anonymous_1503)
FN:4162,(anonymous_1504)
FN:4179,(anonymous_1505)
FN:4193,(anonymous_1506)
FN:4208,(anonymous_1507)
FN:4211,(anonymous_1508)
FN:4214,(anonymous_1509)
FN:4224,(anonymous_1510)
FN:4235,(anonymous_1511)
FN:4245,O
FN:4270,(anonymous_1513)
FN:4282,(anonymous_1514)
FN:4285,(anonymous_1515)
FN:4295,(anonymous_1516)
FN:4300,(anonymous_1517)
FN:4301,(anonymous_1518)
FN:4329,(anonymous_1519)
FN:4335,(anonymous_1520)
FN:4355,(anonymous_1521)
FN:4358,(anonymous_1522)
FN:4361,(anonymous_1523)
FN:4375,(anonymous_1524)
FN:4383,(anonymous_1525)
FN:4404,(anonymous_1526)
FN:4410,(anonymous_1527)
FN:4413,(anonymous_1528)
FN:4420,(anonymous_1529)
FN:4425,(anonymous_1530)
FN:4432,(anonymous_1531)
FN:4435,(anonymous_1532)
FN:4438,(anonymous_1533)
FN:4444,(anonymous_1534)
FN:4450,(anonymous_1535)
FN:4469,(anonymous_1536)
FN:4474,(anonymous_1537)
FN:4492,(anonymous_1538)
FN:4493,(anonymous_1539)
FN:4503,(anonymous_1540)
FN:4512,(anonymous_1541)
FN:4516,(anonymous_1542)
FN:4519,(anonymous_1543)
FN:4522,(anonymous_1544)
FN:4531,(anonymous_1545)
FN:4540,(anonymous_1546)
FN:4547,(anonymous_1547)
FN:4551,(anonymous_1548)
FN:4554,(anonymous_1549)
FN:4560,(anonymous_1550)
FN:4570,(anonymous_1551)
FN:4573,(anonymous_1552)
FN:4593,(anonymous_1553)
FN:4604,Ac
FN:4627,(anonymous_1555)
FN:4628,(anonymous_1556)
FN:4669,(anonymous_1557)
FN:4670,(anonymous_1558)
FN:4676,(anonymous_1559)
FN:4677,(anonymous_1560)
FN:4680,zc
FN:4706,Oc
FN:4713,$c
FN:4728,Rc
FN:4738,jc
FN:4751,Fo
FN:4774,Fc
FN:4788,(anonymous_1568)
FN:4789,(anonymous_1569)
FN:4790,Ss
FN:4800,Gc
FN:4823,Wc
FN:4824,(anonymous_1573)
FN:4836,ao
FN:4839,Cs
FN:4848,Uc
FN:4854,Hc
FN:4861,Vc
FN:4868,qc
FN:4903,(anonymous_1580)
FN:4953,(anonymous_1581)
FN:4961,(anonymous_1582)
FN:4964,(anonymous_1583)
FN:4977,(anonymous_1584)
FN:5000,(anonymous_1585)
FN:5008,(anonymous_1586)
FN:5011,(anonymous_1587)
FN:5015,(anonymous_1588)
FN:5019,(anonymous_1589)
FN:5022,(anonymous_1590)
FN:5072,(anonymous_1591)
FN:5089,(anonymous_1592)
FN:5092,(anonymous_1593)
FN:5095,(anonymous_1594)
FN:5110,(anonymous_1595)
FN:5113,(anonymous_1596)
FN:5117,(anonymous_1597)
FN:5120,(anonymous_1598)
FN:5121,(anonymous_1599)
FN:5124,(anonymous_1600)
FN:5127,(anonymous_1601)
FN:5130,(anonymous_1602)
FN:5133,(anonymous_1603)
FN:5136,(anonymous_1604)
FN:5144,(anonymous_1605)
FN:5147,(anonymous_1606)
FN:5150,(anonymous_1607)
FN:5180,(anonymous_1608)
FN:5183,(anonymous_1609)
FN:5186,(anonymous_1610)
FN:5228,(anonymous_1611)
FN:5269,(anonymous_1612)
FN:5277,(anonymous_1613)
FN:5280,(anonymous_1614)
FN:5284,(anonymous_1615)
FN:5287,(anonymous_1616)
FN:5300,(anonymous_1617)
FN:5312,(anonymous_1618)
FN:5346,(anonymous_1619)
FN:5356,(anonymous_1620)
FN:5359,(anonymous_1621)
FN:5362,(anonymous_1622)
FN:5363,(anonymous_1623)
FN:5370,(anonymous_1624)
FN:5377,(anonymous_1625)
FN:5381,(anonymous_1626)
FN:5384,(anonymous_1627)
FN:5390,(anonymous_1628)
FN:5400,(anonymous_1629)
FN:5413,(anonymous_1630)
FN:5420,(anonymous_1631)
FN:5434,(anonymous_1632)
FN:5533,(anonymous_1633)
FN:5673,(anonymous_1634)
FN:5687,(anonymous_1635)
FN:5747,(anonymous_1636)
FN:5759,(anonymous_1637)
FN:5768,(anonymous_1638)
FN:5774,(anonymous_1639)
FN:5781,(anonymous_1640)
FN:5786,(anonymous_1641)
FN:5826,(anonymous_1642)
FN:5854,(anonymous_1643)
FN:5881,(anonymous_1644)
FN:5908,(anonymous_1645)
FN:5918,(anonymous_1646)
FN:5925,(anonymous_1647)
FN:5932,(anonymous_1648)
FN:5939,(anonymous_1649)
FN:5944,(anonymous_1650)
FN:5949,(anonymous_1651)
FN:5962,(anonymous_1652)
FN:5966,(anonymous_1653)
FN:5973,(anonymous_1654)
FN:5979,(anonymous_1655)
FN:5982,(anonymous_1656)
FN:6004,(anonymous_1657)
FN:6007,(anonymous_1658)
FN:6022,Yc
FN:6036,Xc
FN:6037,(anonymous_1661)
FN:6047,Zc
FN:6052,(anonymous_1663)
FN:6059,(anonymous_1664)
FN:6062,(anonymous_1665)
FN:6065,(anonymous_1666)
FN:6068,(anonymous_1667)
FN:6071,(anonymous_1668)
FN:6074,(anonymous_1669)
FN:6077,(anonymous_1670)
FN:6080,(anonymous_1671)
FN:6083,(anonymous_1672)
FN:6086,(anonymous_1673)
FN:6089,(anonymous_1674)
FN:6092,(anonymous_1675)
FN:6095,(anonymous_1676)
FN:6098,(anonymous_1677)
FN:6101,(anonymous_1678)
FN:6102,(anonymous_1679)
FN:6107,(anonymous_1680)
FN:6114,(anonymous_1681)
FN:6120,(anonymous_1682)
FN:6129,(anonymous_1683)
FN:6140,(anonymous_1684)
FN:6143,(anonymous_1685)
FN:6156,(anonymous_1686)
FN:6168,(anonymous_1687)
FN:6174,(anonymous_1688)
FN:6182,(anonymous_1689)
FN:6188,(anonymous_1690)
FN:6191,(anonymous_1691)
FN:6191,(anonymous_1692)
FN:6191,(anonymous_1693)
FN:6196,Qc
FN:6211,ep
FN:6220,tp
FN:6237,np
FN:6243,Fi
FN:6248,rp
FN:6257,op
FN:6260,ip
FN:6268,Bi
FN:6274,ap
FN:6280,(anonymous_1704)
FN:6294,(anonymous_1705)
FN:6299,(anonymous_1706)
FN:6306,(anonymous_1707)
FN:6312,Ds
FN:6317,Es
FN:6323,sp
FN:6331,Go
FN:6340,(anonymous_1712)
FN:6347,(anonymous_1713)
FN:6350,(anonymous_1714)
FN:6353,(anonymous_1715)
FN:6356,(anonymous_1716)
FN:6359,(anonymous_1717)
FN:6362,(anonymous_1718)
FN:6365,(anonymous_1719)
FN:6368,(anonymous_1720)
FN:6371,(anonymous_1721)
FN:6376,(anonymous_1722)
FN:6381,(anonymous_1723)
FN:6385,(anonymous_1724)
FN:6387,(anonymous_1725)
FN:6392,(anonymous_1726)
FN:6394,(anonymous_1727)
FN:6405,(anonymous_1728)
FN:6407,(anonymous_1729)
FN:6414,(anonymous_1730)
FN:6418,(anonymous_1731)
FN:6423,(anonymous_1732)
FN:6432,(anonymous_1733)
FN:6440,(anonymous_1734)
FN:6443,(anonymous_1735)
FN:6445,(anonymous_1736)
FN:6446,(anonymous_1737)
FN:6447,(anonymous_1738)
FN:6448,(anonymous_1739)
FN:6459,(anonymous_1740)
FN:6470,(anonymous_1741)
FN:6485,(anonymous_1742)
FN:6492,Os
FN:6504,(anonymous_1744)
FN:6510,(anonymous_1745)
FN:6511,(anonymous_1746)
FN:6512,cp
FN:6529,$s
FN:6532,Rs
FN:6533,(anonymous_1750)
FN:6539,js
FN:6545,hp
FN:6550,Fs
FN:6562,(anonymous_1754)
FN:6564,(anonymous_1755)
FN:6566,_p
FN:6580,(anonymous_1757)
FN:6622,(anonymous_1758)
FN:6633,(anonymous_1759)
FN:6639,(anonymous_1760)
FN:6647,(anonymous_1761)
FN:6650,(anonymous_1762)
FN:6653,(anonymous_1763)
FN:6658,(anonymous_1764)
FN:6669,(anonymous_1765)
FN:6673,(anonymous_1766)
FN:6677,(anonymous_1767)
FN:6684,(anonymous_1768)
FN:6705,(anonymous_1769)
FN:6708,(anonymous_1770)
FN:6712,(anonymous_1771)
FN:6716,(anonymous_1772)
FN:6723,(anonymous_1773)
FN:6736,(anonymous_1774)
FN:6760,(anonymous_1775)
FN:6765,(anonymous_1776)
FN:6770,(anonymous_1777)
FN:6774,(anonymous_1778)
FN:6783,(anonymous_1779)
FN:6788,(anonymous_1780)
FN:6789,(anonymous_1781)
FN:6794,(anonymous_1782)
FN:6830,(anonymous_1783)
FN:6831,(anonymous_1784)
FN:6835,(anonymous_1785)
FN:6839,(anonymous_1786)
FN:6863,(anonymous_1787)
FN:6875,(anonymous_1788)
FN:6876,(anonymous_1789)
FN:6882,(anonymous_1790)
FN:6891,(anonymous_1791)
FN:6899,(anonymous_1792)
FN:6906,(anonymous_1793)
FN:6908,(anonymous_1794)
FN:6909,(anonymous_1795)
FN:6918,(anonymous_1796)
FN:6919,(anonymous_1797)
FN:6921,(anonymous_1798)
FN:6929,(anonymous_1799)
FN:6938,(anonymous_1800)
FN:6943,(anonymous_1801)
FN:6955,(anonymous_1802)
FN:6965,(anonymous_1803)
FN:6978,(anonymous_1804)
FN:7002,(anonymous_1805)
FN:7014,(anonymous_1806)
FN:7017,(anonymous_1807)
FN:7027,(anonymous_1808)
FN:7055,(anonymous_1809)
FN:7062,(anonymous_1810)
FN:7065,(anonymous_1811)
FN:7085,(anonymous_1812)
FN:7088,(anonymous_1813)
FN:7091,(anonymous_1814)
FN:7099,(anonymous_1815)
FN:7103,(anonymous_1816)
FN:7106,(anonymous_1817)
FN:7109,(anonymous_1818)
FN:7119,(anonymous_1819)
FN:7122,(anonymous_1820)
FN:7125,(anonymous_1821)
FN:7128,(anonymous_1822)
FN:7135,(anonymous_1823)
FN:7143,(anonymous_1824)
FN:7157,(anonymous_1825)
FN:7160,(anonymous_1826)
FN:7168,(anonymous_1827)
FN:7171,(anonymous_1828)
FN:7175,(anonymous_1829)
FN:7180,(anonymous_1830)
FN:7182,(anonymous_1831)
FN:7188,(anonymous_1832)
FN:7192,(anonymous_1833)
FN:7198,(anonymous_1834)
FN:7204,(anonymous_1835)
FN:7211,(anonymous_1836)
FN:7224,(anonymous_1837)
FN:7225,(anonymous_1838)
FN:7229,(anonymous_1839)
FN:7234,(anonymous_1840)
FN:7249,(anonymous_1841)
FN:7252,(anonymous_1842)
FN:7254,(anonymous_1843)
FN:7271,(anonymous_1844)
FN:7274,(anonymous_1845)
FN:7276,(anonymous_1846)
FN:7276,(anonymous_1847)
FN:7276,(anonymous_1848)
FN:7286,(anonymous_1849)
FN:7288,(anonymous_1850)
FN:7300,(anonymous_1851)
FN:7327,(anonymous_1852)
FN:7327,(anonymous_1853)
FN:7356,(anonymous_1854)
FN:7363,(anonymous_1855)
FN:7370,ar
FN:7374,(anonymous_1857)
FN:7377,(anonymous_1858)
FN:7380,(anonymous_1859)
FN:7383,(anonymous_1860)
FN:7386,(anonymous_1861)
FN:7389,(anonymous_1862)
FN:7392,(anonymous_1863)
FN:7395,(anonymous_1864)
FN:7399,(anonymous_1865)
FN:7406,fp
FN:7413,(anonymous_1867)
FN:7417,gp
FN:7422,(anonymous_1869)
FN:7442,mp
FN:7458,xp
FN:7478,kp
FN:7499,Us
FN:7507,Hs
FN:7522,Wi
FN:7525,vp
FN:7531,Lp
FN:7551,bp
FN:7573,Vs
FN:7582,yp
FN:7585,qs
FN:7588,wp
FN:7594,(anonymous_1883)
FN:7597,(anonymous_1884)
FN:7600,(anonymous_1885)
FN:7615,(anonymous_1886)
FN:7623,(anonymous_1887)
FN:7626,(anonymous_1888)
FN:7639,(anonymous_1889)
FN:7645,(anonymous_1890)
FN:7649,(anonymous_1891)
FN:7682,(anonymous_1892)
FN:7716,(anonymous_1893)
FN:7719,(anonymous_1894)
FN:7728,(anonymous_1895)
FN:7750,(anonymous_1896)
FN:7799,(anonymous_1897)
FN:7824,(anonymous_1898)
FN:7868,(anonymous_1899)
FN:7872,(anonymous_1900)
FN:7879,(anonymous_1901)
FN:7887,(anonymous_1902)
FN:7895,(anonymous_1903)
FN:7903,(anonymous_1904)
FN:7915,(anonymous_1905)
FN:7919,(anonymous_1906)
FN:7944,(anonymous_1907)
FN:7981,(anonymous_1908)
FN:7989,Mp
FN:8001,(anonymous_1910)
FN:8002,(anonymous_1911)
FN:8015,(anonymous_1912)
FN:8023,(anonymous_1913)
FN:8024,(anonymous_1914)
FN:8030,(anonymous_1915)
FN:8033,(anonymous_1916)
FN:8041,(anonymous_1917)
FN:8044,(anonymous_1918)
FN:8047,(anonymous_1919)
FN:8064,(anonymous_1920)
FN:8088,(anonymous_1921)
FN:8097,(anonymous_1922)
FN:8136,(anonymous_1923)
FN:8149,(anonymous_1924)
FN:8156,(anonymous_1925)
FN:8166,(anonymous_1926)
FN:8191,(anonymous_1927)
FN:8199,(anonymous_1928)
FN:8208,(anonymous_1929)
FN:8211,(anonymous_1930)
FN:8237,(anonymous_1931)
FN:8238,(anonymous_1932)
FN:8245,(anonymous_1933)
FN:8249,(anonymous_1934)
FN:8266,(anonymous_1935)
FN:8273,(anonymous_1936)
FN:8276,(anonymous_1937)
FN:8293,(anonymous_1938)
FN:8297,(anonymous_1939)
FN:8323,(anonymous_1940)
FN:8358,(anonymous_1941)
FN:8370,(anonymous_1942)
FN:8393,Tp
FN:8418,Pp
FN:8439,(anonymous_1945)
FN:8444,(anonymous_1946)
FN:8454,(anonymous_1947)
FN:8459,(anonymous_1948)
FN:8470,(anonymous_1949)
FN:8512,(anonymous_1950)
FN:8516,(anonymous_1951)
FN:8523,(anonymous_1952)
FN:8550,(anonymous_1953)
FN:8554,(anonymous_1954)
FN:8571,(anonymous_1955)
FN:8578,(anonymous_1956)
FN:8581,(anonymous_1957)
FN:8616,(anonymous_1958)
FN:8624,(anonymous_1959)
FN:8644,(anonymous_1960)
FN:8700,(anonymous_1961)
FN:8703,(anonymous_1962)
FN:8731,Xs
FN:8745,Np
FN:8748,Ip
FN:8752,(anonymous_1966)
FN:8763,Mr
FN:8769,Hi
FN:8820,Sp
FN:8839,Cp
FN:8858,Dp
FN:8881,(anonymous_1972)
FN:8895,(anonymous_1973)
FN:8911,(anonymous_1974)
FN:8929,(anonymous_1975)
FN:8932,(anonymous_1976)
FN:8972,Zs
FN:8980,Ep
FN:8983,Ap
FN:8992,Ks
FN:9006,zp
FN:9030,Op
FN:9037,(anonymous_1983)
FN:9038,(anonymous_1984)
FN:9075,Vi
FN:9081,$p
FN:9090,Rp
FN:9101,jp
FN:9114,Bp
FN:9122,(anonymous_1990)
FN:9139,(anonymous_1991)
FN:9144,(anonymous_1992)
FN:9151,(anonymous_1993)
FN:9154,(anonymous_1994)
FN:9159,(anonymous_1995)
FN:9164,(anonymous_1996)
FN:9170,(anonymous_1997)
FN:9196,(anonymous_1998)
FN:9200,(anonymous_1999)
FN:9211,(anonymous_2000)
FN:9245,(anonymous_2001)
FN:9248,Js
FN:9254,(anonymous_2003)
FN:9264,(anonymous_2004)
FN:9269,(anonymous_2005)
FN:9272,(anonymous_2006)
FN:9275,(anonymous_2007)
FN:9279,(anonymous_2008)
FN:9286,(anonymous_2009)
FN:9296,(anonymous_2010)
FN:9316,Qs
FN:9334,Wn
FN:9337,Gp
FN:9348,Wp
FN:9362,Up
FN:9390,qi
FN:9399,Hp
FN:9402,Vp
FN:9405,Yi
FN:9419,(anonymous_2020)
FN:9431,(anonymous_2021)
FN:9450,(anonymous_2022)
FN:9453,(anonymous_2023)
FN:9456,(anonymous_2024)
FN:9459,(anonymous_2025)
FN:9466,(anonymous_2026)
FN:9491,qp
FN:9537,Yp
FN:9590,el
FN:9598,tl
FN:9599,(anonymous_2031)
FN:9603,Xp
FN:9625,(anonymous_2033)
FN:9631,(anonymous_2034)
FN:9660,(anonymous_2035)
FN:9663,(anonymous_2036)
FN:9682,(anonymous_2037)
FN:9687,Kp
FN:9692,Jp
FN:9707,Qp
FN:9724,ed
FN:9747,(anonymous_2042)
FN:9752,(anonymous_2043)
FN:9758,(anonymous_2044)
FN:9768,td
FN:9798,nd
FN:9805,rl
FN:9814,rd
FN:9818,(anonymous_2049)
FN:9832,od
FN:9847,id
FN:9861,ad
FN:9880,sd
FN:9902,ld
[...]
BRDA:13,411,0,0
BRDA:13,411,1,0
BRDA:13,412,0,0
BRDA:13,412,1,0
BRDA:13,413,0,381
BRDA:13,413,1,381
BRDA:13,413,2,381
BRDA:13,414,0,1524
BRDA:13,414,1,0
BRDA:13,415,0,0
BRDA:13,415,1,1524
BRDA:13,416,0,14097
BRDA:13,416,1,14097
BRDA:13,417,0,0
BRDA:13,417,1,0
BRDA:13,418,0,0
BRDA:13,418,1,0
BRDA:13,419,0,0
BRDA:13,419,1,0
BRDA:13,420,0,0
BRDA:13,420,1,0
BRDA:13,421,0,381
BRDA:13,421,1,0
BRDA:13,422,0,1524
BRDA:13,422,1,96012
BRDA:13,423,0,1524
BRDA:13,423,1,94488
BRDA:13,424,0,3048
BRDA:13,424,1,91440
BRDA:13,425,0,6096
BRDA:13,425,1,85344
BRDA:13,426,0,12192
BRDA:13,426,1,73152
BRDA:13,427,0,0
BRDA:13,427,1,0
BRDA:13,428,0,0
BRDA:13,428,1,0
BRDA:13,428,2,0
BRDA:13,428,3,0
BRDA:13,428,4,0
BRDA:13,429,0,0
BRDA:13,429,1,0
BRDA:13,429,2,0
BRDA:13,429,3,0
BRDA:13,430,0,0
BRDA:13,430,1,0
BRDA:13,431,0,0
BRDA:13,431,1,0
BRDA:13,432,0,0
BRDA:13,432,1,0
BRDA:13,433,0,0
BRDA:13,433,1,0
BRDA:13,433,2,0
BRDA:13,433,3,0
BRDA:13,434,0,0
BRDA:13,434,1,0
BRDA:13,435,0,0
BRDA:13,435,1,0
BRDA:13,436,0,0
BRDA:13,436,1,0
BRDA:13,437,0,0
BRDA:13,437,1,0
BRDA:13,438,0,0
BRDA:13,438,1,0
BRDA:13,439,0,0
BRDA:13,439,1,0
BRDA:13,440,0,0
BRDA:13,440,1,0
BRDA:13,441,0,0
BRDA:13,441,1,0
BRDA:13,442,0,0
BRDA:13,442,1,0
BRDA:13,443,0,0
BRDA:13,443,1,0
BRDA:13,444,0,0
BRDA:13,444,1,0
BRDA:13,445,0,0
BRDA:13,445,1,0
BRDA:13,446,0,0
BRDA:13,446,1,0
BRDA:13,447,0,0
BRDA:13,447,1,0
BRDA:13,448,0,0
BRDA:13,448,1,0
BRDA:13,449,0,0
BRDA:13,449,1,0
BRDA:13,450,0,0
BRDA:13,450,1,0
BRDA:13,451,0,0
BRDA:13,451,1,0
BRDA:13,452,0,390144
BRDA:13,452,1,390144
BRDA:13,453,0,0
BRDA:13,453,1,0
BRDA:13,454,0,0
BRDA:13,454,1,0
BRDA:13,455,0,0
BRDA:13,455,1,0
BRDA:13,456,0,0
BRDA:13,456,1,0
BRDA:13,457,0,0
BRDA:13,457,1,0
BRDA:13,458,0,0
BRDA:13,458,1,0
BRDA:13,459,0,0
BRDA:13,459,1,0
BRDA:13,460,0,0
BRDA:13,460,1,0
BRDA:13,461,0,0
BRDA:13,461,1,0
BRDA:13,462,0,0
BRDA:13,462,1,0
BRDA:13,463,0,0
BRDA:13,463,1,0
BRDA:13,463,2,0
BRDA:13,463,3,0
BRDA:13,464,0,0
BRDA:13,464,1,0
BRDA:13,464,2,0
BRDA:13,464,3,0
BRDA:13,464,4,0
BRDA:13,464,5,0
BRDA:13,464,6,0
BRDA:13,464,7,0
BRDA:13,464,8,0
BRDA:13,465,0,0
BRDA:13,465,1,0
BRDA:13,466,0,0
BRDA:13,466,1,0
BRDA:13,467,0,0
BRDA:13,467,1,0
BRDA:13,468,0,0
BRDA:13,468,1,0
BRDA:13,469,0,0
BRDA:13,469,1,0
BRDA:13,470,0,0
BRDA:13,470,1,0
BRDA:13,471,0,0
BRDA:13,471,1,0
BRDA:13,472,0,0
BRDA:13,472,1,0
BRDA:13,473,0,0
BRDA:13,473,1,0
BRDA:13,474,0,0
BRDA:13,474,1,0
BRDA:13,475,0,0
BRDA:13,475,1,0
BRDA:13,476,0,0
BRDA:13,476,1,0
BRDA:13,477,0,0
BRDA:13,477,1,0
BRDA:13,478,0,0
BRDA:13,478,1,0
BRDA:13,479,0,0
BRDA:13,479,1,0
BRDA:13,480,0,0
BRDA:13,480,1,0
BRDA:13,481,0,0
BRDA:13,481,1,0
BRDA:13,482,0,0
BRDA:13,482,1,0
BRDA:13,483,0,0
BRDA:13,483,1,0
BRDA:13,484,0,0
BRDA:13,484,1,0
BRDA:13,485,0,0
BRDA:13,485,1,0
BRDA:13,485,2,0
BRDA:13,486,0,0
BRDA:13,486,1,0
BRDA:13,487,0,0
BRDA:13,487,1,0
BRDA:13,488,0,0
BRDA:13,488,1,0
BRDA:13,489,0,0
BRDA:13,489,1,0
BRDA:13,490,0,0
BRDA:13,490,1,0
BRDA:13,491,0,0
BRDA:13,491,1,0
BRDA:13,492,0,0
BRDA:13,492,1,0
BRDA:13,493,0,0
BRDA:13,493,1,0
BRDA:13,494,0,0
BRDA:13,494,1,0
BRDA:13,495,0,0
BRDA:13,495,1,0
BRDA:13,496,0,0
BRDA:13,496,1,0
BRDA:13,497,0,0
BRDA:13,497,1,0
BRDA:13,498,0,0
BRDA:13,498,1,0
BRDA:13,499,0,0
BRDA:13,499,1,0
BRDA:13,500,0,0
BRDA:13,500,1,0
BRDA:13,501,0,0
BRDA:13,501,1,0
BRDA:13,501,2,0
BRDA:13,501,3,0
BRDA:13,502,0,0
BRDA:13,502,1,0
BRDA:13,502,2,0
BRDA:13,502,3,0
BRDA:13,502,4,0
BRDA:13,503,0,0
BRDA:13,503,1,0
BRDA:13,504,0,0
BRDA:13,504,1,0
BRDA:13,505,0,0
BRDA:13,505,1,0
BRDA:13,506,0,0
BRDA:13,506,1,0
BRDA:13,507,0,0
BRDA:13,507,1,0
BRDA:13,508,0,0
BRDA:13,508,1,0
BRDA:13,509,0,0
BRDA:13,509,1,0
BRDA:13,510,0,0
BRDA:13,510,1,0
BRDA:13,511,0,0
BRDA:13,511,1,0
BRDA:13,512,0,0
BRDA:13,512,1,0
BRDA:13,513,0,0
BRDA:13,513,1,0
BRDA:13,514,0,0
BRDA:13,514,1,0
BRDA:13,515,0,0
BRDA:13,515,1,0
BRDA:13,516,0,0
BRDA:13,516,1,0
BRDA:13,517,0,0
BRDA:13,517,1,0
BRDA:13,518,0,0
BRDA:13,518,1,0
BRDA:13,519,0,0
BRDA:13,519,1,0
BRDA:13,520,0,0
BRDA:13,520,1,0
BRDA:13,521,0,0
BRDA:13,521,1,0
BRDA:13,522,0,0
BRDA:13,522,1,0
BRDA:13,523,0,0
BRDA:13,523,1,0
BRDA:13,524,0,0
BRDA:13,524,1,0
BRDA:13,525,0,0
BRDA:13,525,1,0
BRDA:13,526,0,0
BRDA:13,526,1,0
BRDA:13,527,0,0
BRDA:13,527,1,0
BRDA:13,527,2,0
BRDA:13,527,3,0
BRDA:13,527,4,0
BRDA:13,527,5,0
BRDA:13,527,6,0
BRDA:13,527,7,0
BRDA:13,527,8,0
BRDA:13,528,0,0
BRDA:13,528,1,0
BRDA:13,529,0,0
BRDA:13,529,1,0
BRDA:13,530,0,0
BRDA:13,530,1,0
BRDA:13,531,0,0
BRDA:13,531,1,0
BRDA:13,532,0,0
BRDA:13,532,1,0
BRDA:13,533,0,0
BRDA:13,533,1,0
BRDA:13,534,0,0
BRDA:13,534,1,0
BRDA:13,535,0,0
BRDA:13,535,1,0
BRDA:13,535,2,0
BRDA:13,535,3,0
BRDA:13,535,4,0
BRDA:13,536,0,0
BRDA:13,536,1,0
BRDA:13,537,0,0
BRDA:13,537,1,0
BRDA:13,538,0,0
BRDA:13,538,1,0
BRDA:13,539,0,0
BRDA:13,539,1,0
BRDA:13,540,0,0
BRDA:13,540,1,0
BRDA:13,541,0,0
BRDA:13,541,1,0
BRDA:13,542,0,0
BRDA:13,542,1,0
BRDA:13,543,0,0
BRDA:13,543,1,0
BRDA:13,543,2,0
BRDA:13,543,3,0
BRDA:13,544,0,0
BRDA:13,544,1,0
BRDA:13,545,0,0
BRDA:13,545,1,0
BRDA:13,546,0,0
BRDA:13,546,1,0
BRDA:13,546,2,0
BRDA:13,546,3,0
BRDA:13,546,4,0
BRDA:13,547,0,0
BRDA:13,547,1,0
BRDA:13,548,0,0
BRDA:13,548,1,0
BRDA:13,549,0,0
BRDA:13,549,1,0
BRDA:13,550,0,0
BRDA:13,550,1,0
BRDA:13,551,0,0
BRDA:13,551,1,0
BRDA:13,552,0,0
BRDA:13,552,1,0
BRDA:13,553,0,0
BRDA:13,553,1,0
BRDA:13,554,0,0
BRDA:13,554,1,0
BRDA:13,555,0,0
BRDA:13,555,1,0
BRDA:13,556,0,0
BRDA:13,556,1,0
BRDA:13,557,0,0
BRDA:13,557,1,0
BRDA:13,558,0,0
BRDA:13,558,1,0
BRDA:13,559,0,0
BRDA:13,559,1,0
BRDA:13,559,2,0
BRDA:13,560,0,0
BRDA:13,560,1,0
BRDA:13,561,0,0
BRDA:13,561,1,0
BRDA:13,562,0,0
BRDA:13,562,1,0
BRDA:13,563,0,0
BRDA:13,563,1,0
BRDA:13,564,0,0
BRDA:13,564,1,0
BRDA:13,565,0,0
BRDA:13,565,1,0
BRDA:13,566,0,0
BRDA:13,566,1,0
BRDA:13,567,0,0
BRDA:13,567,1,0
BRDA:13,568,0,0
BRDA:13,568,1,0
BRDA:13,569,0,0
BRDA:13,569,1,0
BRDA:13,570,0,0
BRDA:13,570,1,0
BRDA:13,571,0,0
BRDA:13,571,1,0
BRDA:13,572,0,0
BRDA:13,572,1,0
BRDA:13,572,2,0
BRDA:13,573,0,0
BRDA:13,573,1,0
BRDA:13,573,2,0
BRDA:13,574,0,0
BRDA:13,574,1,0
BRDA:13,574,2,0
BRDA:13,575,0,0
BRDA:13,575,1,0
BRDA:13,576,0,0
BRDA:13,576,1,0
BRDA:13,577,0,0
BRDA:13,577,1,0
BRDA:13,578,0,0
BRDA:13,578,1,0
BRDA:13,579,0,0
BRDA:13,579,1,0
BRDA:13,580,0,0
BRDA:13,580,1,0
BRDA:13,580,2,0
BRDA:13,581,0,0
BRDA:13,581,1,0
BRDA:13,582,0,0
BRDA:13,582,1,0
BRDA:13,582,2,0
BRDA:13,583,0,0
BRDA:13,583,1,0
BRDA:13,584,0,0
BRDA:13,584,1,0
BRDA:13,585,0,0
BRDA:13,585,1,0
BRDA:13,586,0,0
BRDA:13,586,1,0
BRDA:13,587,0,0
BRDA:13,587,1,0
BRDA:13,588,0,0
BRDA:13,588,1,0
BRDA:13,588,2,0
BRDA:13,589,0,0
BRDA:13,589,1,0
BRDA:13,590,0,0
BRDA:13,590,1,0
BRDA:13,590,2,0
BRDA:13,591,0,0
BRDA:13,591,1,0
BRDA:13,592,0,0
BRDA:13,592,1,0
BRDA:13,593,0,0
BRDA:13,593,1,0
BRDA:13,594,0,0
BRDA:13,594,1,0
BRDA:13,595,0,0
BRDA:13,595,1,0
BRDA:13,596,0,0
BRDA:13,596,1,0
BRDA:13,597,0,0
BRDA:13,597,1,0
BRDA:13,598,0,0
BRDA:13,598,1,0
BRDA:13,599,0,0
BRDA:13,599,1,0
BRDA:13,599,2,0
BRDA:13,600,0,0
BRDA:13,600,1,0
BRDA:13,601,0,0
BRDA:13,601,1,0
BRDA:13,602,0,0
BRDA:13,602,1,0
BRDA:13,603,0,0
BRDA:13,603,1,0
BRDA:13,603,2,0
BRDA:13,603,3,0
BRDA:13,604,0,0
BRDA:13,604,1,0
BRDA:13,605,0,0
BRDA:13,605,1,0
BRDA:13,606,0,0
BRDA:13,606,1,0
BRDA:13,607,0,0
BRDA:13,607,1,0
BRDA:13,608,0,0
BRDA:13,608,1,0
BRDA:13,609,0,0
BRDA:13,609,1,0
BRDA:13,610,0,0
BRDA:13,610,1,0
BRDA:13,611,0,0
BRDA:13,611,1,0
BRDA:13,612,0,0
BRDA:13,612,1,0
BRDA:13,613,0,0
BRDA:13,613,1,0
BRDA:13,614,0,0
BRDA:13,614,1,0
BRDA:13,615,0,0
BRDA:13,615,1,0
BRDA:13,616,0,0
BRDA:13,616,1,0
BRDA:13,617,0,0
BRDA:13,617,1,0
BRDA:13,618,0,0
BRDA:13,618,1,0
BRDA:13,619,0,0
BRDA:13,619,1,0
BRDA:13,620,0,0
BRDA:13,620,1,0
BRDA:13,620,2,0
BRDA:13,620,3,0
BRDA:13,620,4,0
BRDA:13,621,0,0
BRDA:13,621,1,0
BRDA:13,621,2,0
BRDA:13,621,3,0
BRDA:13,621,4,0
BRDA:13,621,5,0
BRDA:13,621,6,0
BRDA:13,621,7,0
BRDA:13,621,8,0
BRDA:13,622,0,0
BRDA:13,622,1,0
BRDA:13,623,0,0
BRDA:13,623,1,0
BRDA:13,624,0,0
BRDA:13,624,1,0
BRDA:13,625,0,0
BRDA:13,625,1,0
BRDA:13,626,0,0
BRDA:13,626,1,0
BRDA:13,627,0,0
BRDA:13,627,1,0
BRDA:13,628,0,0
BRDA:13,628,1,0
BRDA:13,629,0,0
BRDA:13,629,1,0
BRDA:13,630,0,0
BRDA:13,630,1,0
BRDA:13,631,0,0
BRDA:13,631,1,0
BRDA:13,631,2,0
BRDA:13,632,0,0
BRDA:13,632,1,0
BRDA:13,633,0,0
BRDA:13,633,1,0
BRDA:13,634,0,0
BRDA:13,634,1,0
BRDA:13,635,0,0
BRDA:13,635,1,0
BRDA:13,636,0,0
BRDA:13,636,1,0
BRDA:13,637,0,0
BRDA:13,637,1,0
BRDA:13,638,0,0
BRDA:13,638,1,0
BRDA:13,639,0,0
BRDA:13,639,1,0
BRDA:13,640,0,0
BRDA:13,640,1,0
BRDA:13,641,0,0
BRDA:13,641,1,0
BRDA:13,642,0,0
BRDA:13,642,1,0
BRDA:13,643,0,0
BRDA:13,643,1,0
BRDA:13,644,0,0
BRDA:13,644,1,0
BRDA:13,645,0,0
BRDA:13,645,1,0
BRDA:13,646,0,0
BRDA:13,646,1,0
BRDA:13,647,0,0
BRDA:13,647,1,0
BRDA:13,648,0,0
BRDA:13,648,1,0
BRDA:13,648,2,0
BRDA:13,648,3,0
BRDA:13,648,4,0
BRDA:13,648,5,0
BRDA:13,648,6,0
BRDA:13,649,0,0
BRDA:13,649,1,0
BRDA:13,650,0,0
BRDA:13,650,1,0
BRDA:13,651,0,0
BRDA:13,651,1,0
BRDA:13,651,2,0
BRDA:13,651,3,0
BRDA:13,651,4,0
BRDA:13,651,5,0
BRDA:13,652,0,0
BRDA:13,652,1,0
BRDA:13,653,0,0
BRDA:13,653,1,0
BRDA:13,654,0,0
BRDA:13,654,1,0
BRDA:13,655,0,0
BRDA:13,655,1,0
BRDA:13,656,0,0
BRDA:13,656,1,0
BRDA:13,657,0,0
BRDA:13,657,1,0
BRDA:13,658,0,0
BRDA:13,658,1,0
BRDA:13,659,0,0
BRDA:13,659,1,0
BRDA:13,660,0,0
BRDA:13,660,1,0
BRDA:13,661,0,0
BRDA:13,661,1,0
BRDA:13,662,0,0
BRDA:13,662,1,0
BRDA:13,663,0,0
BRDA:13,663,1,0
BRDA:13,664,0,0
BRDA:13,664,1,0
BRDA:13,665,0,0
BRDA:13,665,1,0
BRDA:13,666,0,0
BRDA:13,666,1,0
BRDA:13,667,0,0
BRDA:13,667,1,0
BRDA:13,668,0,0
BRDA:13,668,1,0
BRDA:13,669,0,0
BRDA:13,669,1,0
BRDA:13,670,0,0
BRDA:13,670,1,0
BRDA:13,671,0,0
BRDA:13,671,1,0
BRDA:13,672,0,0
BRDA:13,672,1,0
BRDA:13,673,0,0
BRDA:13,673,1,0
BRDA:13,674,0,0
BRDA:13,674,1,0
BRDA:13,675,0,0
BRDA:13,675,1,0
BRDA:13,676,0,0
BRDA:13,676,1,0
BRDA:13,677,0,0
BRDA:13,677,1,0
BRDA:13,678,0,0
BRDA:13,678,1,0
BRDA:13,679,0,0
BRDA:13,679,1,0
BRDA:13,680,0,0
BRDA:13,680,1,0
BRDA:13,681,0,0
BRDA:13,681,1,0
BRDA:13,682,0,0
BRDA:13,682,1,0
BRDA:13,683,0,0
BRDA:13,683,1,0
BRDA:13,684,0,0
BRDA:13,684,1,0
BRDA:13,685,0,0
BRDA:13,685,1,0
BRDA:13,686,0,0
BRDA:13,686,1,0
BRDA:13,687,0,0
BRDA:13,687,1,0
BRDA:13,688,0,0
BRDA:13,688,1,0
BRDA:13,689,0,0
BRDA:13,689,1,0
BRDA:13,690,0,0
BRDA:13,690,1,0
BRDA:13,691,0,0
BRDA:13,691,1,0
BRDA:13,692,0,0
BRDA:13,692,1,0
BRDA:13,693,0,0
BRDA:13,693,1,0
BRDA:13,694,0,0
BRDA:13,694,1,0
BRDA:13,694,2,0
BRDA:13,695,0,0
BRDA:13,695,1,0
BRDA:13,695,2,0
BRDA:13,696,0,0
BRDA:13,696,1,0
BRDA:13,697,0,0
BRDA:13,697,1,0
BRDA:13,698,0,0
BRDA:13,698,1,0
BRDA:13,699,0,0
BRDA:13,699,1,0
BRDA:13,700,0,0
BRDA:13,700,1,0
BRDA:13,701,0,0
BRDA:13,701,1,0
BRDA:13,702,0,0
BRDA:13,702,1,0
BRDA:13,703,0,0
BRDA:13,703,1,0
BRDA:13,704,0,0
BRDA:13,704,1,0
BRDA:13,705,0,0
BRDA:13,705,1,0
BRDA:13,706,0,0
BRDA:13,706,1,0
BRDA:13,706,2,0
BRDA:13,706,3,0
BRDA:13,706,4,0
BRDA:13,707,0,0
BRDA:13,707,1,0
BRDA:13,708,0,0
BRDA:13,708,1,0
BRDA:13,708,2,0
BRDA:13,708,3,0
BRDA:13,708,4,0
BRDA:13,708,5,0
BRDA:13,708,6,0
BRDA:13,708,7,0
BRDA:13,708,8,0
BRDA:13,708,9,0
BRDA:13,708,10,0
BRDA:13,708,11,0
BRDA:13,708,12,0
BRDA:13,708,13,0
BRDA:13,708,14,0
BRDA:13,708,15,0
BRDA:13,708,16,0
BRDA:13,708,17,0
BRDA:13,708,18,0
BRDA:13,708,19,0
BRDA:13,708,20,0
BRDA:13,708,21,0
BRDA:13,708,22,0
BRDA:13,708,23,0
BRDA:13,708,24,0
BRDA:13,708,25,0
BRDA:13,708,26,0
BRDA:13,708,27,0
BRDA:13,708,28,0
BRDA:13,708,29,0
BRDA:13,708,30,0
BRDA:13,708,31,0
BRDA:13,708,32,0
BRDA:13,709,0,0
BRDA:13,709,1,0
BRDA:13,710,0,0
BRDA:13,710,1,0
BRDA:13,711,0,0
BRDA:13,711,1,0
BRDA:13,712,0,0
BRDA:13,712,1,0
BRDA:13,713,0,0
BRDA:13,713,1,0
BRDA:13,714,0,0
BRDA:13,714,1,0
BRDA:13,715,0,0
BRDA:13,715,1,0
BRDA:13,716,0,0
BRDA:13,716,1,0
BRDA:13,717,0,0
BRDA:13,717,1,0
BRDA:13,718,0,0
BRDA:13,718,1,0
BRDA:13,719,0,0
BRDA:13,719,1,0
BRDA:13,720,0,0
BRDA:13,720,1,0
BRDA:13,721,0,0
BRDA:13,721,1,0
BRDA:13,722,0,0
BRDA:13,722,1,0
BRDA:13,723,0,0
BRDA:13,723,1,0
BRDA:13,724,0,0
BRDA:13,724,1,0
BRDA:13,725,0,0
BRDA:13,725,1,0
BRDA:13,726,0,0
BRDA:13,726,1,0
BRDA:13,727,0,0
BRDA:13,727,1,0
BRDA:13,728,0,0
BRDA:13,728,1,0
BRDA:13,729,0,0
BRDA:13,729,1,0
BRDA:13,730,0,0
BRDA:13,730,1,0
BRDA:13,731,0,0
BRDA:13,731,1,0
BRDA:13,732,0,0
BRDA:13,732,1,0
BRDA:13,733,0,0
BRDA:13,733,1,0
BRDA:13,734,0,0
BRDA:13,734,1,0
BRDA:13,735,0,0
BRDA:13,735,1,0
BRDA:13,736,0,0
BRDA:13,736,1,0
BRDA:13,737,0,0
BRDA:13,737,1,0
BRDA:13,738,0,0
BRDA:13,738,1,0
BRDA:13,739,0,0
BRDA:13,739,1,0
BRDA:13,740,0,0
BRDA:13,740,1,0
BRDA:13,741,0,0
BRDA:13,741,1,0
BRDA:13,742,0,0
BRDA:13,742,1,0
BRDA:13,743,0,0
BRDA:13,743,1,0
BRDA:13,744,0,0
BRDA:13,744,1,0
BRDA:13,745,0,0
BRDA:13,745,1,0
BRDA:13,745,2,0
BRDA:13,745,3,0
BRDA:13,746,0,0
BRDA:13,746,1,0
BRDA:13,747,0,0
BRDA:13,747,1,0
BRDA:13,748,0,0
BRDA:13,748,1,0
BRDA:13,749,0,0
BRDA:13,749,1,0
BRDA:13,750,0,0
BRDA:13,750,1,0
BRDA:13,751,0,0
BRDA:13,751,1,0
BRDA:13,752,0,0
BRDA:13,752,1,0
BRDA:13,752,2,0
BRDA:13,752,3,0
BRDA:13,753,0,0
BRDA:13,753,1,0
BRDA:13,754,0,0
BRDA:13,754,1,0
BRDA:13,755,0,0
BRDA:13,755,1,0
BRDA:13,756,0,0
BRDA:13,756,1,0
BRDA:13,757,0,0
BRDA:13,757,1,0
BRDA:13,758,0,0
BRDA:13,758,1,0
BRDA:13,759,0,0
BRDA:13,759,1,0
BRDA:13,760,0,0
BRDA:13,760,1,0
BRDA:13,761,0,0
BRDA:13,761,1,0
BRDA:13,762,0,0
BRDA:13,762,1,0
BRDA:13,763,0,0
BRDA:13,763,1,0
BRDA:13,764,0,0
BRDA:13,764,1,0
BRDA:13,765,0,0
BRDA:13,765,1,0
BRDA:13,766,0,0
BRDA:13,766,1,0
BRDA:13,767,0,0
BRDA:13,767,1,0
BRDA:13,767,2,0
BRDA:13,767,3,0
BRDA:13,768,0,0
BRDA:13,768,1,0
BRDA:13,769,0,0
BRDA:13,769,1,0
BRDA:13,770,0,0
BRDA:13,770,1,0
BRDA:13,771,0,0
BRDA:13,771,1,0
BRDA:13,772,0,0
BRDA:13,772,1,0
BRDA:13,773,0,0
BRDA:13,773,1,0
BRDA:13,774,0,0
BRDA:13,774,1,0
BRDA:13,775,0,0
BRDA:13,775,1,0
BRDA:13,776,0,0
BRDA:13,776,1,0
BRDA:13,777,0,0
BRDA:13,777,1,0
BRDA:13,778,0,0
BRDA:13,778,1,0
BRDA:13,779,0,0
BRDA:13,779,1,0
BRDA:13,780,0,0
BRDA:13,780,1,0
BRDA:13,781,0,0
BRDA:13,781,1,0
BRDA:13,782,0,0
BRDA:13,782,1,0
BRDA:13,783,0,0
BRDA:13,783,1,0
BRDA:13,784,0,0
BRDA:13,784,1,0
BRDA:13,785,0,0
BRDA:13,785,1,0
BRDA:13,786,0,0
BRDA:13,786,1,0
BRDA:13,787,0,0
BRDA:13,787,1,0
BRDA:13,788,0,0
BRDA:13,788,1,0
BRDA:13,789,0,0
BRDA:13,789,1,0
BRDA:13,790,0,0
BRDA:13,790,1,0
BRDA:13,791,0,0
BRDA:13,791,1,0
BRDA:13,792,0,0
BRDA:13,792,1,0
BRDA:13,793,0,0
BRDA:13,793,1,0
BRDA:13,794,0,0
BRDA:13,794,1,0
BRDA:13,795,0,0
BRDA:13,795,1,0
BRDA:13,796,0,0
BRDA:13,796,1,0
BRDA:13,797,0,0
BRDA:13,797,1,0
BRDA:13,798,0,0
BRDA:13,798,1,0
BRDA:13,799,0,0
BRDA:13,799,1,0
BRDA:13,800,0,0
BRDA:13,800,1,0
BRDA:13,801,0,0
BRDA:13,801,1,0
BRDA:13,802,0,0
BRDA:13,802,1,0
BRDA:13,803,0,0
BRDA:13,803,1,0
BRDA:13,804,0,0
BRDA:13,804,1,0
BRDA:13,805,0,0
BRDA:13,805,1,0
BRDA:13,806,0,0
BRDA:13,806,1,0
BRDA:13,807,0,0
BRDA:13,807,1,0
BRDA:13,808,0,0
BRDA:13,808,1,0
BRDA:13,809,0,0
BRDA:13,809,1,0
BRDA:13,810,0,0
BRDA:13,810,1,0
BRDA:13,811,0,0
BRDA:13,811,1,0
BRDA:13,812,0,0
BRDA:13,812,1,0
BRDA:13,813,0,0
BRDA:13,813,1,0
BRDA:13,814,0,0
BRDA:13,814,1,0
BRDA:13,815,0,0
BRDA:13,815,1,0
BRDA:13,816,0,0
BRDA:13,816,1,0
BRDA:13,817,0,0
BRDA:13,817,1,0
BRDA:13,818,0,0
BRDA:13,818,1,0
BRDA:13,819,0,0
BRDA:13,819,1,0
BRDA:13,820,0,0
BRDA:13,820,1,0
BRDA:13,821,0,0
BRDA:13,821,1,0
BRDA:13,822,0,0
BRDA:13,822,1,0
BRDA:13,823,0,0
BRDA:13,823,1,0
BRDA:13,824,0,0
BRDA:13,824,1,0
BRDA:13,825,0,0
BRDA:13,825,1,0
BRDA:13,826,0,0
BRDA:13,826,1,0
BRDA:13,827,0,0
BRDA:13,827,1,0
BRDA:13,828,0,0
BRDA:13,828,1,0
BRDA:13,829,0,0
BRDA:13,829,1,0
BRDA:13,830,0,0
BRDA:13,830,1,0
BRDA:13,831,0,0
BRDA:13,831,1,0
BRDA:13,832,0,0
BRDA:13,832,1,0
BRDA:13,833,0,0
BRDA:13,833,1,0
BRDA:13,834,0,0
BRDA:13,834,1,0
BRDA:13,834,2,0
BRDA:13,834,3,0
BRDA:13,834,4,0
BRDA:13,834,5,0
BRDA:13,835,0,0
BRDA:13,835,1,0
BRDA:13,835,2,0
BRDA:13,836,0,0
BRDA:13,836,1,0
BRDA:13,837,0,0
BRDA:13,837,1,0
BRDA:13,838,0,0
BRDA:13,838,1,0
BRDA:13,839,0,0
BRDA:13,839,1,0
BRDA:13,840,0,0
BRDA:13,840,1,0
BRDA:13,841,0,0
BRDA:13,841,1,0
BRDA:13,841,2,0
BRDA:13,841,3,0
BRDA:13,841,4,0
BRDA:13,842,0,0
BRDA:13,842,1,0
BRDA:13,843,0,0
BRDA:13,843,1,0
BRDA:13,844,0,0
BRDA:13,844,1,0
BRDA:13,845,0,0
BRDA:13,845,1,0
BRDA:13,846,0,0
BRDA:13,846,1,0
BRDA:13,847,0,0
BRDA:13,847,1,0
BRDA:13,848,0,0
BRDA:13,848,1,0
BRDA:13,849,0,0
BRDA:13,849,1,0
BRDA:13,850,0,0
BRDA:13,850,1,0
BRDA:13,851,0,0
BRDA:13,851,1,0
BRDA:13,852,0,0
BRDA:13,852,1,0
BRDA:13,853,0,0
BRDA:13,853,1,0
BRDA:13,854,0,0
BRDA:13,854,1,0
BRDA:13,855,0,0
BRDA:13,855,1,0
BRDA:13,856,0,0
BRDA:13,856,1,0
BRDA:13,857,0,0
BRDA:13,857,1,0
BRDA:13,858,0,0
BRDA:13,858,1,0
BRDA:13,859,0,0
BRDA:13,859,1,0
BRDA:13,860,0,0
BRDA:13,860,1,0
BRDA:13,861,0,0
BRDA:13,861,1,0
BRDA:13,862,0,0
BRDA:13,862,1,0
BRDA:13,862,2,0
BRDA:13,863,0,0
BRDA:13,863,1,0
BRDA:13,864,0,0
BRDA:13,864,1,0
BRDA:13,865,0,0
BRDA:13,865,1,0
BRDA:13,866,0,0
BRDA:13,866,1,0
BRDA:13,867,0,0
BRDA:13,867,1,0
BRDA:13,867,2,0
BRDA:13,867,3,0
BRDA:13,868,0,0
BRDA:13,868,1,0
BRDA:13,869,0,0
BRDA:13,869,1,0
BRDA:13,870,0,0
BRDA:13,870,1,0
BRDA:13,871,0,0
BRDA:13,871,1,0
BRDA:13,872,0,0
BRDA:13,872,1,0
BRDA:13,873,0,0
BRDA:13,873,1,0
BRDA:13,874,0,0
BRDA:13,874,1,0
BRDA:13,875,0,0
BRDA:13,875,1,0
BRDA:13,876,0,0
BRDA:13,876,1,0
BRDA:13,877,0,0
BRDA:13,877,1,0
BRDA:13,878,0,0
BRDA:13,878,1,0
BRDA:13,878,2,0
BRDA:13,878,3,0
BRDA:13,879,0,0
BRDA:13,879,1,0
BRDA:13,880,0,0
BRDA:13,880,1,0
BRDA:13,881,0,0
BRDA:13,881,1,0
BRDA:13,882,0,0
BRDA:13,882,1,0
BRDA:13,883,0,0
BRDA:13,883,1,0
BRDA:13,884,0,0
BRDA:13,884,1,0
BRDA:13,885,0,0
BRDA:13,885,1,0
BRDA:13,886,0,0
BRDA:13,886,1,0
BRDA:13,886,2,0
BRDA:13,887,0,0
BRDA:13,887,1,0
BRDA:13,888,0,0
BRDA:13,888,1,0
BRDA:13,888,2,0
BRDA:13,889,0,0
BRDA:13,889,1,0
BRDA:13,890,0,0
BRDA:13,890,1,0
BRDA:13,891,0,0
BRDA:13,891,1,0
BRDA:13,892,0,0
BRDA:13,892,1,0
BRDA:13,893,0,0
BRDA:13,893,1,0
BRDA:13,894,0,0
BRDA:13,894,1,0
BRDA:13,895,0,0
BRDA:13,895,1,0
BRDA:13,896,0,0
BRDA:13,896,1,0
BRDA:13,897,0,0
BRDA:13,897,1,0
BRDA:13,898,0,0
BRDA:13,898,1,0
BRDA:13,899,0,0
BRDA:13,899,1,0
BRDA:13,900,0,0
BRDA:13,900,1,0
BRDA:13,901,0,0
BRDA:13,901,1,0
BRDA:13,902,0,0
BRDA:13,902,1,0
BRDA:13,903,0,0
BRDA:13,903,1,0
BRDA:13,904,0,0
BRDA:13,904,1,0
BRDA:13,905,0,0
BRDA:13,905,1,0
BRDA:13,905,2,0
BRDA:13,906,0,0
BRDA:13,906,1,0
BRDA:13,907,0,0
BRDA:13,907,1,0
BRDA:13,908,0,0
BRDA:13,908,1,0
BRDA:13,909,0,0
BRDA:13,909,1,0
BRDA:13,910,0,0
BRDA:13,910,1,0
BRDA:13,911,0,0
BRDA:13,911,1,0
BRDA:13,912,0,0
BRDA:13,912,1,0
BRDA:13,913,0,0
BRDA:13,913,1,0
BRDA:13,914,0,0
BRDA:13,914,1,0
BRDA:13,915,0,0
BRDA:13,915,1,0
BRDA:13,916,0,0
BRDA:13,916,1,0
BRDA:13,917,0,0
BRDA:13,917,1,0
BRDA:13,918,0,0
BRDA:13,918,1,0
BRDA:13,919,0,0
BRDA:13,919,1,0
BRDA:13,920,0,0
BRDA:13,920,1,0
BRDA:13,921,0,0
BRDA:13,921,1,0
BRDA:13,922,0,0
BRDA:13,922,1,0
BRDA:13,923,0,0
BRDA:13,923,1,0
BRDA:13,924,0,0
BRDA:13,924,1,0
BRDA:13,925,0,0
BRDA:13,925,1,0
BRDA:13,926,0,0
BRDA:13,926,1,0
BRDA:13,927,0,0
BRDA:13,927,1,0
BRDA:13,928,0,0
BRDA:13,928,1,0
BRDA:13,929,0,0
BRDA:13,929,1,0
BRDA:13,929,2,0
BRDA:13,930,0,0
BRDA:13,930,1,0
BRDA:13,931,0,0
BRDA:13,931,1,0
BRDA:13,932,0,0
BRDA:13,932,1,0
BRDA:13,933,0,0
BRDA:13,933,1,0
BRDA:13,934,0,0
BRDA:13,934,1,0
BRDA:13,935,0,0
BRDA:13,935,1,0
BRDA:13,936,0,0
BRDA:13,936,1,0
BRDA:13,937,0,0
BRDA:13,937,1,0
BRDA:13,938,0,0
BRDA:13,938,1,0
BRDA:13,939,0,0
BRDA:13,939,1,0
BRDA:13,940,0,0
BRDA:13,940,1,0
BRDA:13,941,0,0
BRDA:13,941,1,0
BRDA:13,942,0,0
BRDA:13,942,1,0
BRDA:13,943,0,0
BRDA:13,943,1,381
BRDA:13,944,0,0
BRDA:13,944,1,0
BRDA:13,945,0,0
BRDA:13,945,1,0
BRDA:13,946,0,0
BRDA:13,946,1,0
BRDA:13,947,0,0
BRDA:13,947,1,0
BRDA:13,948,0,0
BRDA:13,948,1,0
BRDA:13,949,0,0
BRDA:13,949,1,0
BRDA:13,950,0,0
BRDA:13,950,1,0
BRDA:13,951,0,0
BRDA:13,951,1,0
BRDA:13,952,0,0
BRDA:13,952,1,0
BRDA:13,953,0,0
BRDA:13,953,1,0
BRDA:13,954,0,0
BRDA:13,954,1,0
BRDA:13,955,0,0
BRDA:13,955,1,0
BRDA:13,956,0,0
BRDA:13,956,1,0
BRDA:13,957,0,0
BRDA:13,957,1,0
BRDA:13,958,0,0
BRDA:13,958,1,0
BRDA:13,958,2,0
BRDA:13,958,3,0
BRDA:13,958,4,0
BRDA:13,959,0,0
BRDA:13,959,1,0
BRDA:13,959,2,0
BRDA:13,959,3,0
BRDA:13,960,0,0
BRDA:13,960,1,381
BRDA:13,961,0,0
BRDA:13,961,1,0
BRDA:13,962,0,0
BRDA:13,962,1,381
BRDA:13,963,0,381
BRDA:13,963,1,0
BRDA:13,964,0,0
BRDA:13,964,1,0
BRF:2152
BRH:64
end_of_record
